

================================================================
== Vivado HLS Report for 'CvtColor'
================================================================
* Date:           Thu Apr 11 15:08:58 2024

* Version:        2018.3 (Build 2405991 on Thu Dec 06 23:56:15 MST 2018)
* Project:        ov5640_rgb2gray_hls
* Solution:       solution1
* Product family: zynq
* Target device:  xc7z020clg400-2


================================================================
== Performance Estimates
================================================================
+ Timing (ns): 
    * Summary: 
    +--------+-------+----------+------------+
    |  Clock | Target| Estimated| Uncertainty|
    +--------+-------+----------+------------+
    |ap_clk  |  20.00|    16.517|        2.50|
    +--------+-------+----------+------------+

+ Latency (clock cycles): 
    * Summary: 
    +-----+---------+-----+---------+---------+
    |    Latency    |    Interval   | Pipeline|
    | min |   max   | min |   max   |   Type  |
    +-----+---------+-----+---------+---------+
    |    1|  1027201|    1|  1027201|   none  |
    +-----+---------+-----+---------+---------+

    + Detail: 
        * Instance: 
        N/A

        * Loop: 
        +---------------+-----+---------+----------+-----------+-----------+----------+----------+
        |               |    Latency    | Iteration|  Initiation Interval  |   Trip   |          |
        |   Loop Name   | min |   max   |  Latency |  achieved |   target  |   Count  | Pipelined|
        +---------------+-----+---------+----------+-----------+-----------+----------+----------+
        |- loop_height  |    0|  1027200| 3 ~ 1284 |          -|          -|  0 ~ 800 |    no    |
        | + loop_width  |    0|     1281|         3|          1|          1| 0 ~ 1280 |    yes   |
        +---------------+-----+---------+----------+-----------+-----------+----------+----------+

============================================================
+ Verbose Summary: Synthesis Manager
============================================================
InlineROM: 1
ExposeGlobal: 0
============================================================
+ Verbose Summary: CDFG Model
============================================================
IsTopModel: 0
ResetActiveHigh: 1
IsCombinational: 2
IsDatapathOnly: 0
HasWiredReturn: 1
HasMFsm: 0
HasVarLatency: 1
IsPipeline: 0
IsRtlPipelined: 0
IsInstanceOverlapped: 0
IsDontTouch: 0
HasImplIP: 0
IsGatedGlobalClock: 0

+ Individual pipeline summary: 
  * Pipeline-0: initiation interval (II) = 1, depth = 3


============================================================
+ Verbose Summary: Schedule
============================================================
* Number of FSM states : 6
* Pipeline : 1
  Pipeline-0 : II = 1, D = 3, States = { 3 4 5 }
* Dataflow Pipeline: 0

* FSM state transitions: 
1 --> 
	2  / true
2 --> 
	3  / (tmp_i)
3 --> 
	6  / (!tmp_1_i)
	4  / (tmp_1_i)
4 --> 
	5  / true
5 --> 
	3  / true
6 --> 
	2  / true

* FSM state operations: 

State 1 <SV = 0> <Delay = 3.40>
ST_1 : Operation 7 [1/1] (0.00ns)   --->   "call void (...)* @_ssdm_op_SpecInterface(i8* %p_dst_data_stream_V, [8 x i8]* @ap_fifo_str, i32 0, i32 0, [1 x i8]* @p_str86, i32 0, i32 0, [1 x i8]* @p_str87, [1 x i8]* @p_str88, [1 x i8]* @p_str89, i32 2, i32 2, i32 16, i32 16, [1 x i8]* @p_str90, [1 x i8]* @p_str91)"   --->   Operation 7 'specinterface' <Predicate = true> <Delay = 0.00>
ST_1 : Operation 8 [1/1] (0.00ns)   --->   "call void (...)* @_ssdm_op_SpecInterface(i8* %p_src_data_stream_2_V, [8 x i8]* @ap_fifo_str, i32 0, i32 0, [1 x i8]* @p_str79, i32 0, i32 0, [1 x i8]* @p_str80, [1 x i8]* @p_str81, [1 x i8]* @p_str82, i32 2, i32 2, i32 16, i32 16, [1 x i8]* @p_str83, [1 x i8]* @p_str84)"   --->   Operation 8 'specinterface' <Predicate = true> <Delay = 0.00>
ST_1 : Operation 9 [1/1] (0.00ns)   --->   "call void (...)* @_ssdm_op_SpecInterface(i8* %p_src_data_stream_1_V, [8 x i8]* @ap_fifo_str, i32 0, i32 0, [1 x i8]* @p_str72, i32 0, i32 0, [1 x i8]* @p_str73, [1 x i8]* @p_str74, [1 x i8]* @p_str75, i32 2, i32 2, i32 16, i32 16, [1 x i8]* @p_str76, [1 x i8]* @p_str77)"   --->   Operation 9 'specinterface' <Predicate = true> <Delay = 0.00>
ST_1 : Operation 10 [1/1] (0.00ns)   --->   "call void (...)* @_ssdm_op_SpecInterface(i8* %p_src_data_stream_0_V, [8 x i8]* @ap_fifo_str, i32 0, i32 0, [1 x i8]* @p_str65, i32 0, i32 0, [1 x i8]* @p_str66, [1 x i8]* @p_str67, [1 x i8]* @p_str68, i32 2, i32 2, i32 16, i32 16, [1 x i8]* @p_str69, [1 x i8]* @p_str70)"   --->   Operation 10 'specinterface' <Predicate = true> <Delay = 0.00>
ST_1 : Operation 11 [1/1] (0.00ns)   --->   "call void (...)* @_ssdm_op_SpecInterface(i32* %p_src_rows_V, [8 x i8]* @ap_fifo_str, i32 0, i32 0, [1 x i8]* @p_str228, i32 0, i32 0, [1 x i8]* @p_str229, [1 x i8]* @p_str230, [1 x i8]* @p_str231, i32 2, i32 2, i32 16, i32 16, [1 x i8]* @p_str232, [11 x i8]* @ScalarProp_str)"   --->   Operation 11 'specinterface' <Predicate = true> <Delay = 0.00>
ST_1 : Operation 12 [1/1] (0.00ns)   --->   "call void (...)* @_ssdm_op_SpecInterface(i32* %p_src_cols_V, [8 x i8]* @ap_fifo_str, i32 0, i32 0, [1 x i8]* @p_str233, i32 0, i32 0, [1 x i8]* @p_str234, [1 x i8]* @p_str235, [1 x i8]* @p_str236, i32 2, i32 2, i32 16, i32 16, [1 x i8]* @p_str237, [11 x i8]* @ScalarProp_str)"   --->   Operation 12 'specinterface' <Predicate = true> <Delay = 0.00>
ST_1 : Operation 13 [1/1] (3.40ns)   --->   "%cols = call i32 @_ssdm_op_Read.ap_fifo.i32P(i32* %p_src_cols_V)" [D:/APP/VIVADO/Vivado/2018.3/common/technology/autopilot/hls/hls_video_imgproc.h:1961]   --->   Operation 13 'read' 'cols' <Predicate = true> <Delay = 3.40> <Core = "FIFO">   --->   Core 32 'FIFO' <Latency = 0> <II = 1> <Delay = 3.40> <Storage> <Opcode : 'read' 'write' 'nbread' 'nbwrite'> <Ports = 0> <Width = 32> <Depth = 2> <FIFO>
ST_1 : Operation 14 [1/1] (3.40ns)   --->   "%rows = call i32 @_ssdm_op_Read.ap_fifo.i32P(i32* %p_src_rows_V)" [D:/APP/VIVADO/Vivado/2018.3/common/technology/autopilot/hls/hls_video_imgproc.h:1962]   --->   Operation 14 'read' 'rows' <Predicate = true> <Delay = 3.40> <Core = "FIFO">   --->   Core 32 'FIFO' <Latency = 0> <II = 1> <Delay = 3.40> <Storage> <Opcode : 'read' 'write' 'nbread' 'nbwrite'> <Ports = 0> <Width = 32> <Depth = 2> <FIFO>
ST_1 : Operation 15 [1/1] (0.46ns)   --->   "br label %0" [D:/APP/VIVADO/Vivado/2018.3/common/technology/autopilot/hls/hls_video_imgproc.h:1967]   --->   Operation 15 'br' <Predicate = true> <Delay = 0.46>

State 2 <SV = 1> <Delay = 2.76>
ST_2 : Operation 16 [1/1] (0.00ns)   --->   "%i_i = phi i31 [ 0, %entry ], [ %i, %3 ]"   --->   Operation 16 'phi' 'i_i' <Predicate = true> <Delay = 0.00>
ST_2 : Operation 17 [1/1] (0.00ns)   --->   "%i_cast_i = zext i31 %i_i to i32" [D:/APP/VIVADO/Vivado/2018.3/common/technology/autopilot/hls/hls_video_imgproc.h:1967]   --->   Operation 17 'zext' 'i_cast_i' <Predicate = true> <Delay = 0.00>
ST_2 : Operation 18 [1/1] (1.96ns)   --->   "%tmp_i = icmp slt i32 %i_cast_i, %rows" [D:/APP/VIVADO/Vivado/2018.3/common/technology/autopilot/hls/hls_video_imgproc.h:1967]   --->   Operation 18 'icmp' 'tmp_i' <Predicate = true> <Delay = 1.96> <Core = "Cmp">   --->   Core 25 'Cmp' <Latency = 0> <II = 1> <Delay = 1.96> <FuncUnit> <Opcode : 'icmp'> <InPorts = 2> <OutPorts = 1>
ST_2 : Operation 19 [1/1] (0.00ns)   --->   "call void (...)* @_ssdm_op_SpecLoopTripCount(i64 0, i64 800, i64 0)"   --->   Operation 19 'speclooptripcount' <Predicate = true> <Delay = 0.00>
ST_2 : Operation 20 [1/1] (1.87ns)   --->   "%i = add i31 %i_i, 1" [D:/APP/VIVADO/Vivado/2018.3/common/technology/autopilot/hls/hls_video_imgproc.h:1967]   --->   Operation 20 'add' 'i' <Predicate = true> <Delay = 1.87> <Core = "AddSub">   --->   Core 14 'AddSub' <Latency = 0> <II = 1> <Delay = 1.87> <FuncUnit> <Opcode : 'add' 'sub'> <InPorts = 2> <OutPorts = 1>
ST_2 : Operation 21 [1/1] (0.00ns)   --->   "br i1 %tmp_i, label %1, label %.exit" [D:/APP/VIVADO/Vivado/2018.3/common/technology/autopilot/hls/hls_video_imgproc.h:1967]   --->   Operation 21 'br' <Predicate = true> <Delay = 0.00>
ST_2 : Operation 22 [1/1] (0.00ns)   --->   "call void (...)* @_ssdm_op_SpecLoopName([12 x i8]* @p_str9) nounwind" [D:/APP/VIVADO/Vivado/2018.3/common/technology/autopilot/hls/hls_video_imgproc.h:1967]   --->   Operation 22 'specloopname' <Predicate = (tmp_i)> <Delay = 0.00>
ST_2 : Operation 23 [1/1] (0.00ns)   --->   "%tmp_i_50 = call i32 (...)* @_ssdm_op_SpecRegionBegin([12 x i8]* @p_str9)" [D:/APP/VIVADO/Vivado/2018.3/common/technology/autopilot/hls/hls_video_imgproc.h:1967]   --->   Operation 23 'specregionbegin' 'tmp_i_50' <Predicate = (tmp_i)> <Delay = 0.00>
ST_2 : Operation 24 [1/1] (0.46ns)   --->   "br label %2" [D:/APP/VIVADO/Vivado/2018.3/common/technology/autopilot/hls/hls_video_imgproc.h:1968]   --->   Operation 24 'br' <Predicate = (tmp_i)> <Delay = 0.46>
ST_2 : Operation 25 [1/1] (0.00ns)   --->   "ret void"   --->   Operation 25 'ret' <Predicate = (!tmp_i)> <Delay = 0.00>

State 3 <SV = 2> <Delay = 1.96>
ST_3 : Operation 26 [1/1] (0.00ns)   --->   "%j_i = phi i31 [ 0, %1 ], [ %j, %"operator>>.exit.i" ]"   --->   Operation 26 'phi' 'j_i' <Predicate = true> <Delay = 0.00>
ST_3 : Operation 27 [1/1] (0.00ns)   --->   "%j_cast_i = zext i31 %j_i to i32" [D:/APP/VIVADO/Vivado/2018.3/common/technology/autopilot/hls/hls_video_imgproc.h:1968]   --->   Operation 27 'zext' 'j_cast_i' <Predicate = true> <Delay = 0.00>
ST_3 : Operation 28 [1/1] (1.96ns)   --->   "%tmp_1_i = icmp slt i32 %j_cast_i, %cols" [D:/APP/VIVADO/Vivado/2018.3/common/technology/autopilot/hls/hls_video_imgproc.h:1968]   --->   Operation 28 'icmp' 'tmp_1_i' <Predicate = true> <Delay = 1.96> <Core = "Cmp">   --->   Core 25 'Cmp' <Latency = 0> <II = 1> <Delay = 1.96> <FuncUnit> <Opcode : 'icmp'> <InPorts = 2> <OutPorts = 1>
ST_3 : Operation 29 [1/1] (0.00ns)   --->   "call void (...)* @_ssdm_op_SpecLoopTripCount(i64 0, i64 1280, i64 0)"   --->   Operation 29 'speclooptripcount' <Predicate = true> <Delay = 0.00>
ST_3 : Operation 30 [1/1] (1.87ns)   --->   "%j = add i31 %j_i, 1" [D:/APP/VIVADO/Vivado/2018.3/common/technology/autopilot/hls/hls_video_imgproc.h:1968]   --->   Operation 30 'add' 'j' <Predicate = true> <Delay = 1.87> <Core = "AddSub">   --->   Core 14 'AddSub' <Latency = 0> <II = 1> <Delay = 1.87> <FuncUnit> <Opcode : 'add' 'sub'> <InPorts = 2> <OutPorts = 1>
ST_3 : Operation 31 [1/1] (0.00ns)   --->   "br i1 %tmp_1_i, label %"operator>>.exit.i", label %3" [D:/APP/VIVADO/Vivado/2018.3/common/technology/autopilot/hls/hls_video_imgproc.h:1968]   --->   Operation 31 'br' <Predicate = true> <Delay = 0.00>

State 4 <SV = 3> <Delay = 16.5>
ST_4 : Operation 32 [1/1] (0.00ns)   --->   "%tmp_6_i = call i32 (...)* @_ssdm_op_SpecRegionBegin([12 x i8]* @p_str14)" [D:/APP/VIVADO/Vivado/2018.3/common/technology/autopilot/hls/hls_video_core.h:672->D:/APP/VIVADO/Vivado/2018.3/common/technology/autopilot/hls/hls_video_core.h:711->D:/APP/VIVADO/Vivado/2018.3/common/technology/autopilot/hls/hls_video_imgproc.h:1971]   --->   Operation 32 'specregionbegin' 'tmp_6_i' <Predicate = (tmp_1_i)> <Delay = 0.00>
ST_4 : Operation 33 [1/1] (0.00ns)   --->   "call void (...)* @_ssdm_op_SpecProtocol(i32 0, [1 x i8]* @p_str2) nounwind" [D:/APP/VIVADO/Vivado/2018.3/common/technology/autopilot/hls/hls_video_core.h:676->D:/APP/VIVADO/Vivado/2018.3/common/technology/autopilot/hls/hls_video_core.h:711->D:/APP/VIVADO/Vivado/2018.3/common/technology/autopilot/hls/hls_video_imgproc.h:1971]   --->   Operation 33 'specprotocol' <Predicate = (tmp_1_i)> <Delay = 0.00>
ST_4 : Operation 34 [1/1] (3.40ns)   --->   "%tmp_6 = call i8 @_ssdm_op_Read.ap_fifo.volatile.i8P(i8* %p_src_data_stream_0_V)" [D:/APP/VIVADO/Vivado/2018.3/common/technology/autopilot/hls/hls_video_core.h:679->D:/APP/VIVADO/Vivado/2018.3/common/technology/autopilot/hls/hls_video_core.h:711->D:/APP/VIVADO/Vivado/2018.3/common/technology/autopilot/hls/hls_video_imgproc.h:1971]   --->   Operation 34 'read' 'tmp_6' <Predicate = (tmp_1_i)> <Delay = 3.40> <Core = "FIFO">   --->   Core 32 'FIFO' <Latency = 0> <II = 1> <Delay = 3.40> <Storage> <Opcode : 'read' 'write' 'nbread' 'nbwrite'> <Ports = 0> <Width = 32> <Depth = 2> <FIFO>
ST_4 : Operation 35 [1/1] (3.40ns)   --->   "%tmp_7 = call i8 @_ssdm_op_Read.ap_fifo.volatile.i8P(i8* %p_src_data_stream_1_V)" [D:/APP/VIVADO/Vivado/2018.3/common/technology/autopilot/hls/hls_video_core.h:679->D:/APP/VIVADO/Vivado/2018.3/common/technology/autopilot/hls/hls_video_core.h:711->D:/APP/VIVADO/Vivado/2018.3/common/technology/autopilot/hls/hls_video_imgproc.h:1971]   --->   Operation 35 'read' 'tmp_7' <Predicate = (tmp_1_i)> <Delay = 3.40> <Core = "FIFO">   --->   Core 32 'FIFO' <Latency = 0> <II = 1> <Delay = 3.40> <Storage> <Opcode : 'read' 'write' 'nbread' 'nbwrite'> <Ports = 0> <Width = 32> <Depth = 2> <FIFO>
ST_4 : Operation 36 [1/1] (3.40ns)   --->   "%tmp_8 = call i8 @_ssdm_op_Read.ap_fifo.volatile.i8P(i8* %p_src_data_stream_2_V)" [D:/APP/VIVADO/Vivado/2018.3/common/technology/autopilot/hls/hls_video_core.h:679->D:/APP/VIVADO/Vivado/2018.3/common/technology/autopilot/hls/hls_video_core.h:711->D:/APP/VIVADO/Vivado/2018.3/common/technology/autopilot/hls/hls_video_imgproc.h:1971]   --->   Operation 36 'read' 'tmp_8' <Predicate = (tmp_1_i)> <Delay = 3.40> <Core = "FIFO">   --->   Core 32 'FIFO' <Latency = 0> <II = 1> <Delay = 3.40> <Storage> <Opcode : 'read' 'write' 'nbread' 'nbwrite'> <Ports = 0> <Width = 32> <Depth = 2> <FIFO>
ST_4 : Operation 37 [1/1] (0.00ns)   --->   "%empty = call i32 (...)* @_ssdm_op_SpecRegionEnd([12 x i8]* @p_str14, i32 %tmp_6_i)" [D:/APP/VIVADO/Vivado/2018.3/common/technology/autopilot/hls/hls_video_core.h:681->D:/APP/VIVADO/Vivado/2018.3/common/technology/autopilot/hls/hls_video_core.h:711->D:/APP/VIVADO/Vivado/2018.3/common/technology/autopilot/hls/hls_video_imgproc.h:1971]   --->   Operation 37 'specregionend' 'empty' <Predicate = (tmp_1_i)> <Delay = 0.00>
ST_4 : Operation 38 [1/1] (0.00ns)   --->   "%tmp_i_cast_i = zext i8 %tmp_6 to i29" [D:/APP/VIVADO/Vivado/2018.3/common/technology/autopilot/hls/hls_video_imgproc.h:1497->D:/APP/VIVADO/Vivado/2018.3/common/technology/autopilot/hls/hls_video_imgproc.h:1545->D:/APP/VIVADO/Vivado/2018.3/common/technology/autopilot/hls/hls_video_imgproc.h:1972]   --->   Operation 38 'zext' 'tmp_i_cast_i' <Predicate = (tmp_1_i)> <Delay = 0.00>
ST_4 : Operation 39 [1/1] (5.55ns) (root node of the DSP)   --->   "%r_V_i_i = mul i29 1254096, %tmp_i_cast_i" [D:/APP/VIVADO/Vivado/2018.3/common/technology/autopilot/hls/hls_video_imgproc.h:1497->D:/APP/VIVADO/Vivado/2018.3/common/technology/autopilot/hls/hls_video_imgproc.h:1545->D:/APP/VIVADO/Vivado/2018.3/common/technology/autopilot/hls/hls_video_imgproc.h:1972]   --->   Operation 39 'mul' 'r_V_i_i' <Predicate = (tmp_1_i)> <Delay = 5.55> <Core = "DSP48">   --->   Core 65 'DSP48' <Latency = 0> <II = 1> <Delay = 5.55> <IPBlock> <Opcode : 'mul' 'add' 'sub' 'select'> <InPorts = 0> <OutPorts = 1> <Sync> <CReg>
ST_4 : Operation 40 [1/1] (0.00ns)   --->   "%tmp_i_cast_i_51 = zext i8 %tmp_7 to i30" [D:/APP/VIVADO/Vivado/2018.3/common/technology/autopilot/hls/hls_video_imgproc.h:1497->D:/APP/VIVADO/Vivado/2018.3/common/technology/autopilot/hls/hls_video_imgproc.h:1545->D:/APP/VIVADO/Vivado/2018.3/common/technology/autopilot/hls/hls_video_imgproc.h:1972]   --->   Operation 40 'zext' 'tmp_i_cast_i_51' <Predicate = (tmp_1_i)> <Delay = 0.00>
ST_4 : Operation 41 [1/1] (2.82ns) (grouped into DSP with root node ret_V_1)   --->   "%r_V_3_i_i = mul i30 2462056, %tmp_i_cast_i_51" [D:/APP/VIVADO/Vivado/2018.3/common/technology/autopilot/hls/hls_video_imgproc.h:1497->D:/APP/VIVADO/Vivado/2018.3/common/technology/autopilot/hls/hls_video_imgproc.h:1545->D:/APP/VIVADO/Vivado/2018.3/common/technology/autopilot/hls/hls_video_imgproc.h:1972]   --->   Operation 41 'mul' 'r_V_3_i_i' <Predicate = (tmp_1_i)> <Delay = 2.82> <Core = "DSP48">   --->   Core 65 'DSP48' <Latency = 0> <II = 1> <Delay = 5.55> <IPBlock> <Opcode : 'mul' 'add' 'sub' 'select'> <InPorts = 0> <OutPorts = 1> <Sync> <CReg>
ST_4 : Operation 42 [1/1] (0.00ns)   --->   "%tmp_1_i_cast_i = zext i8 %tmp_8 to i28" [D:/APP/VIVADO/Vivado/2018.3/common/technology/autopilot/hls/hls_video_imgproc.h:1495->D:/APP/VIVADO/Vivado/2018.3/common/technology/autopilot/hls/hls_video_imgproc.h:1545->D:/APP/VIVADO/Vivado/2018.3/common/technology/autopilot/hls/hls_video_imgproc.h:1972]   --->   Operation 42 'zext' 'tmp_1_i_cast_i' <Predicate = (tmp_1_i)> <Delay = 0.00>
ST_4 : Operation 43 [1/1] (2.82ns) (grouped into DSP with root node ret_V)   --->   "%r_V = mul i28 478150, %tmp_1_i_cast_i" [D:/APP/VIVADO/Vivado/2018.3/common/technology/autopilot/hls/hls_video_imgproc.h:1495->D:/APP/VIVADO/Vivado/2018.3/common/technology/autopilot/hls/hls_video_imgproc.h:1545->D:/APP/VIVADO/Vivado/2018.3/common/technology/autopilot/hls/hls_video_imgproc.h:1972]   --->   Operation 43 'mul' 'r_V' <Predicate = (tmp_1_i)> <Delay = 2.82> <Core = "DSP48">   --->   Core 65 'DSP48' <Latency = 0> <II = 1> <Delay = 5.55> <IPBlock> <Opcode : 'mul' 'add' 'sub' 'select'> <InPorts = 0> <OutPorts = 1> <Sync> <CReg>
ST_4 : Operation 44 [1/1] (0.00ns) (grouped into DSP with root node ret_V)   --->   "%rhs_V_i_cast_i = zext i28 %r_V to i29" [D:/APP/VIVADO/Vivado/2018.3/common/technology/autopilot/hls/hls_video_imgproc.h:1497->D:/APP/VIVADO/Vivado/2018.3/common/technology/autopilot/hls/hls_video_imgproc.h:1545->D:/APP/VIVADO/Vivado/2018.3/common/technology/autopilot/hls/hls_video_imgproc.h:1972]   --->   Operation 44 'zext' 'rhs_V_i_cast_i' <Predicate = (tmp_1_i)> <Delay = 0.00>
ST_4 : Operation 45 [1/1] (2.73ns) (root node of the DSP)   --->   "%ret_V = add i29 %rhs_V_i_cast_i, %r_V_i_i" [D:/APP/VIVADO/Vivado/2018.3/common/technology/autopilot/hls/hls_video_imgproc.h:1497->D:/APP/VIVADO/Vivado/2018.3/common/technology/autopilot/hls/hls_video_imgproc.h:1545->D:/APP/VIVADO/Vivado/2018.3/common/technology/autopilot/hls/hls_video_imgproc.h:1972]   --->   Operation 45 'add' 'ret_V' <Predicate = (tmp_1_i)> <Delay = 2.73> <Core = "DSP48">   --->   Core 65 'DSP48' <Latency = 0> <II = 1> <Delay = 5.55> <IPBlock> <Opcode : 'mul' 'add' 'sub' 'select'> <InPorts = 0> <OutPorts = 1> <Sync> <CReg>
ST_4 : Operation 46 [1/1] (0.00ns)   --->   "%lhs_V_1_i_cast_i = zext i29 %ret_V to i30" [D:/APP/VIVADO/Vivado/2018.3/common/technology/autopilot/hls/hls_video_imgproc.h:1497->D:/APP/VIVADO/Vivado/2018.3/common/technology/autopilot/hls/hls_video_imgproc.h:1545->D:/APP/VIVADO/Vivado/2018.3/common/technology/autopilot/hls/hls_video_imgproc.h:1972]   --->   Operation 46 'zext' 'lhs_V_1_i_cast_i' <Predicate = (tmp_1_i)> <Delay = 0.00>
ST_4 : Operation 47 [1/1] (2.73ns) (root node of the DSP)   --->   "%ret_V_1 = add i30 %lhs_V_1_i_cast_i, %r_V_3_i_i" [D:/APP/VIVADO/Vivado/2018.3/common/technology/autopilot/hls/hls_video_imgproc.h:1497->D:/APP/VIVADO/Vivado/2018.3/common/technology/autopilot/hls/hls_video_imgproc.h:1545->D:/APP/VIVADO/Vivado/2018.3/common/technology/autopilot/hls/hls_video_imgproc.h:1972]   --->   Operation 47 'add' 'ret_V_1' <Predicate = (tmp_1_i)> <Delay = 2.73> <Core = "DSP48">   --->   Core 65 'DSP48' <Latency = 0> <II = 1> <Delay = 5.55> <IPBlock> <Opcode : 'mul' 'add' 'sub' 'select'> <InPorts = 0> <OutPorts = 1> <Sync> <CReg>
ST_4 : Operation 48 [1/1] (0.00ns)   --->   "%p_Val2_3 = call i8 @_ssdm_op_PartSelect.i8.i30.i32.i32(i30 %ret_V_1, i32 22, i32 29)" [D:/APP/VIVADO/Vivado/2018.3/common/technology/autopilot/hls/hls_video_types.h:409->D:/APP/VIVADO/Vivado/2018.3/common/technology/autopilot/hls/hls_video_types.h:500->D:/APP/VIVADO/Vivado/2018.3/common/technology/autopilot/hls/hls_video_imgproc.h:1498->D:/APP/VIVADO/Vivado/2018.3/common/technology/autopilot/hls/hls_video_imgproc.h:1545->D:/APP/VIVADO/Vivado/2018.3/common/technology/autopilot/hls/hls_video_imgproc.h:1972]   --->   Operation 48 'partselect' 'p_Val2_3' <Predicate = (tmp_1_i)> <Delay = 0.00>
ST_4 : Operation 49 [1/1] (0.00ns)   --->   "%tmp = call i1 @_ssdm_op_BitSelect.i1.i30.i32(i30 %ret_V_1, i32 21)" [D:/APP/VIVADO/Vivado/2018.3/common/technology/autopilot/hls/hls_video_types.h:409->D:/APP/VIVADO/Vivado/2018.3/common/technology/autopilot/hls/hls_video_types.h:500->D:/APP/VIVADO/Vivado/2018.3/common/technology/autopilot/hls/hls_video_imgproc.h:1498->D:/APP/VIVADO/Vivado/2018.3/common/technology/autopilot/hls/hls_video_imgproc.h:1545->D:/APP/VIVADO/Vivado/2018.3/common/technology/autopilot/hls/hls_video_imgproc.h:1972]   --->   Operation 49 'bitselect' 'tmp' <Predicate = (tmp_1_i)> <Delay = 0.00>
ST_4 : Operation 50 [1/1] (0.00ns)   --->   "%tmp_8_i_i_i_cast_i = zext i1 %tmp to i8" [D:/APP/VIVADO/Vivado/2018.3/common/technology/autopilot/hls/hls_video_types.h:409->D:/APP/VIVADO/Vivado/2018.3/common/technology/autopilot/hls/hls_video_types.h:500->D:/APP/VIVADO/Vivado/2018.3/common/technology/autopilot/hls/hls_video_imgproc.h:1498->D:/APP/VIVADO/Vivado/2018.3/common/technology/autopilot/hls/hls_video_imgproc.h:1545->D:/APP/VIVADO/Vivado/2018.3/common/technology/autopilot/hls/hls_video_imgproc.h:1972]   --->   Operation 50 'zext' 'tmp_8_i_i_i_cast_i' <Predicate = (tmp_1_i)> <Delay = 0.00>
ST_4 : Operation 51 [1/1] (1.30ns)   --->   "%p_Val2_4 = add i8 %tmp_8_i_i_i_cast_i, %p_Val2_3" [D:/APP/VIVADO/Vivado/2018.3/common/technology/autopilot/hls/hls_video_types.h:409->D:/APP/VIVADO/Vivado/2018.3/common/technology/autopilot/hls/hls_video_types.h:500->D:/APP/VIVADO/Vivado/2018.3/common/technology/autopilot/hls/hls_video_imgproc.h:1498->D:/APP/VIVADO/Vivado/2018.3/common/technology/autopilot/hls/hls_video_imgproc.h:1545->D:/APP/VIVADO/Vivado/2018.3/common/technology/autopilot/hls/hls_video_imgproc.h:1972]   --->   Operation 51 'add' 'p_Val2_4' <Predicate = (tmp_1_i)> <Delay = 1.30> <Core = "AddSub">   --->   Core 14 'AddSub' <Latency = 0> <II = 1> <Delay = 1.87> <FuncUnit> <Opcode : 'add' 'sub'> <InPorts = 2> <OutPorts = 1>
ST_4 : Operation 52 [1/1] (0.00ns) (grouped into LUT with out node p_Val2_s)   --->   "%tmp_3 = call i1 @_ssdm_op_BitSelect.i1.i30.i32(i30 %ret_V_1, i32 29)" [D:/APP/VIVADO/Vivado/2018.3/common/technology/autopilot/hls/hls_video_types.h:409->D:/APP/VIVADO/Vivado/2018.3/common/technology/autopilot/hls/hls_video_types.h:500->D:/APP/VIVADO/Vivado/2018.3/common/technology/autopilot/hls/hls_video_imgproc.h:1498->D:/APP/VIVADO/Vivado/2018.3/common/technology/autopilot/hls/hls_video_imgproc.h:1545->D:/APP/VIVADO/Vivado/2018.3/common/technology/autopilot/hls/hls_video_imgproc.h:1972]   --->   Operation 52 'bitselect' 'tmp_3' <Predicate = (tmp_1_i)> <Delay = 0.00>
ST_4 : Operation 53 [1/1] (0.00ns) (grouped into LUT with out node p_Val2_s)   --->   "%rev = xor i1 %tmp_3, true" [D:/APP/VIVADO/Vivado/2018.3/common/technology/autopilot/hls/hls_video_types.h:409->D:/APP/VIVADO/Vivado/2018.3/common/technology/autopilot/hls/hls_video_types.h:500->D:/APP/VIVADO/Vivado/2018.3/common/technology/autopilot/hls/hls_video_imgproc.h:1498->D:/APP/VIVADO/Vivado/2018.3/common/technology/autopilot/hls/hls_video_imgproc.h:1545->D:/APP/VIVADO/Vivado/2018.3/common/technology/autopilot/hls/hls_video_imgproc.h:1972]   --->   Operation 53 'xor' 'rev' <Predicate = (tmp_1_i)> <Delay = 0.00> <Core = "LogicGate">   --->   Core 27 'LogicGate' <Latency = 0> <II = 1> <Delay = 0.80> <FuncUnit> <Opcode : 'and' 'or' 'xor'> <InPorts = 2> <OutPorts = 1>
ST_4 : Operation 54 [1/1] (0.00ns) (grouped into LUT with out node p_Val2_s)   --->   "%tmp_4 = call i1 @_ssdm_op_BitSelect.i1.i8.i32(i8 %p_Val2_4, i32 7)" [D:/APP/VIVADO/Vivado/2018.3/common/technology/autopilot/hls/hls_video_types.h:409->D:/APP/VIVADO/Vivado/2018.3/common/technology/autopilot/hls/hls_video_types.h:500->D:/APP/VIVADO/Vivado/2018.3/common/technology/autopilot/hls/hls_video_imgproc.h:1498->D:/APP/VIVADO/Vivado/2018.3/common/technology/autopilot/hls/hls_video_imgproc.h:1545->D:/APP/VIVADO/Vivado/2018.3/common/technology/autopilot/hls/hls_video_imgproc.h:1972]   --->   Operation 54 'bitselect' 'tmp_4' <Predicate = (tmp_1_i)> <Delay = 0.00>
ST_4 : Operation 55 [1/1] (0.00ns) (grouped into LUT with out node p_Val2_s)   --->   "%deleted_zeros = or i1 %tmp_4, %rev" [D:/APP/VIVADO/Vivado/2018.3/common/technology/autopilot/hls/hls_video_types.h:409->D:/APP/VIVADO/Vivado/2018.3/common/technology/autopilot/hls/hls_video_types.h:500->D:/APP/VIVADO/Vivado/2018.3/common/technology/autopilot/hls/hls_video_imgproc.h:1498->D:/APP/VIVADO/Vivado/2018.3/common/technology/autopilot/hls/hls_video_imgproc.h:1545->D:/APP/VIVADO/Vivado/2018.3/common/technology/autopilot/hls/hls_video_imgproc.h:1972]   --->   Operation 55 'or' 'deleted_zeros' <Predicate = (tmp_1_i)> <Delay = 0.00> <Core = "LogicGate">   --->   Core 27 'LogicGate' <Latency = 0> <II = 1> <Delay = 0.80> <FuncUnit> <Opcode : 'and' 'or' 'xor'> <InPorts = 2> <OutPorts = 1>
ST_4 : Operation 56 [1/1] (0.80ns) (out node of the LUT)   --->   "%p_Val2_s = select i1 %deleted_zeros, i8 %p_Val2_4, i8 -1" [D:/APP/VIVADO/Vivado/2018.3/common/technology/autopilot/hls/hls_video_types.h:409->D:/APP/VIVADO/Vivado/2018.3/common/technology/autopilot/hls/hls_video_types.h:500->D:/APP/VIVADO/Vivado/2018.3/common/technology/autopilot/hls/hls_video_imgproc.h:1498->D:/APP/VIVADO/Vivado/2018.3/common/technology/autopilot/hls/hls_video_imgproc.h:1545->D:/APP/VIVADO/Vivado/2018.3/common/technology/autopilot/hls/hls_video_imgproc.h:1972]   --->   Operation 56 'select' 'p_Val2_s' <Predicate = (tmp_1_i)> <Delay = 0.80> <Core = "Sel">   --->   Core 26 'Sel' <Latency = 0> <II = 1> <Delay = 0.44> <FuncUnit> <Opcode : 'select'> <InPorts = 3> <OutPorts = 1>

State 5 <SV = 4> <Delay = 3.40>
ST_5 : Operation 57 [1/1] (0.00ns)   --->   "call void (...)* @_ssdm_op_SpecLoopName([11 x i8]* @p_str10) nounwind" [D:/APP/VIVADO/Vivado/2018.3/common/technology/autopilot/hls/hls_video_imgproc.h:1968]   --->   Operation 57 'specloopname' <Predicate = (tmp_1_i)> <Delay = 0.00>
ST_5 : Operation 58 [1/1] (0.00ns)   --->   "%tmp_5_i = call i32 (...)* @_ssdm_op_SpecRegionBegin([11 x i8]* @p_str10)" [D:/APP/VIVADO/Vivado/2018.3/common/technology/autopilot/hls/hls_video_imgproc.h:1968]   --->   Operation 58 'specregionbegin' 'tmp_5_i' <Predicate = (tmp_1_i)> <Delay = 0.00>
ST_5 : Operation 59 [1/1] (0.00ns)   --->   "call void (...)* @_ssdm_op_SpecPipeline(i32 -1, i32 1, i32 1, i32 0, [1 x i8]* @p_str2) nounwind" [D:/APP/VIVADO/Vivado/2018.3/common/technology/autopilot/hls/hls_video_imgproc.h:1970]   --->   Operation 59 'specpipeline' <Predicate = (tmp_1_i)> <Delay = 0.00>
ST_5 : Operation 60 [1/1] (0.00ns)   --->   "%tmp_7_i = call i32 (...)* @_ssdm_op_SpecRegionBegin([12 x i8]* @p_str22)" [D:/APP/VIVADO/Vivado/2018.3/common/technology/autopilot/hls/hls_video_core.h:696->D:/APP/VIVADO/Vivado/2018.3/common/technology/autopilot/hls/hls_video_core.h:717->D:/APP/VIVADO/Vivado/2018.3/common/technology/autopilot/hls/hls_video_imgproc.h:1973]   --->   Operation 60 'specregionbegin' 'tmp_7_i' <Predicate = (tmp_1_i)> <Delay = 0.00>
ST_5 : Operation 61 [1/1] (0.00ns)   --->   "call void (...)* @_ssdm_op_SpecProtocol(i32 0, [1 x i8]* @p_str2) nounwind" [D:/APP/VIVADO/Vivado/2018.3/common/technology/autopilot/hls/hls_video_core.h:700->D:/APP/VIVADO/Vivado/2018.3/common/technology/autopilot/hls/hls_video_core.h:717->D:/APP/VIVADO/Vivado/2018.3/common/technology/autopilot/hls/hls_video_imgproc.h:1973]   --->   Operation 61 'specprotocol' <Predicate = (tmp_1_i)> <Delay = 0.00>
ST_5 : Operation 62 [1/1] (3.40ns)   --->   "call void @_ssdm_op_Write.ap_fifo.volatile.i8P(i8* %p_dst_data_stream_V, i8 %p_Val2_s)" [D:/APP/VIVADO/Vivado/2018.3/common/technology/autopilot/hls/hls_video_core.h:703->D:/APP/VIVADO/Vivado/2018.3/common/technology/autopilot/hls/hls_video_core.h:717->D:/APP/VIVADO/Vivado/2018.3/common/technology/autopilot/hls/hls_video_imgproc.h:1973]   --->   Operation 62 'write' <Predicate = (tmp_1_i)> <Delay = 3.40> <Core = "FIFO">   --->   Core 32 'FIFO' <Latency = 0> <II = 1> <Delay = 3.40> <Storage> <Opcode : 'read' 'write' 'nbread' 'nbwrite'> <Ports = 0> <Width = 32> <Depth = 2> <FIFO>
ST_5 : Operation 63 [1/1] (0.00ns)   --->   "%empty_52 = call i32 (...)* @_ssdm_op_SpecRegionEnd([12 x i8]* @p_str22, i32 %tmp_7_i)" [D:/APP/VIVADO/Vivado/2018.3/common/technology/autopilot/hls/hls_video_core.h:705->D:/APP/VIVADO/Vivado/2018.3/common/technology/autopilot/hls/hls_video_core.h:717->D:/APP/VIVADO/Vivado/2018.3/common/technology/autopilot/hls/hls_video_imgproc.h:1973]   --->   Operation 63 'specregionend' 'empty_52' <Predicate = (tmp_1_i)> <Delay = 0.00>
ST_5 : Operation 64 [1/1] (0.00ns)   --->   "%empty_53 = call i32 (...)* @_ssdm_op_SpecRegionEnd([11 x i8]* @p_str10, i32 %tmp_5_i)" [D:/APP/VIVADO/Vivado/2018.3/common/technology/autopilot/hls/hls_video_imgproc.h:1974]   --->   Operation 64 'specregionend' 'empty_53' <Predicate = (tmp_1_i)> <Delay = 0.00>
ST_5 : Operation 65 [1/1] (0.00ns)   --->   "br label %2" [D:/APP/VIVADO/Vivado/2018.3/common/technology/autopilot/hls/hls_video_imgproc.h:1968]   --->   Operation 65 'br' <Predicate = (tmp_1_i)> <Delay = 0.00>

State 6 <SV = 3> <Delay = 0.00>
ST_6 : Operation 66 [1/1] (0.00ns)   --->   "%empty_54 = call i32 (...)* @_ssdm_op_SpecRegionEnd([12 x i8]* @p_str9, i32 %tmp_i_50)" [D:/APP/VIVADO/Vivado/2018.3/common/technology/autopilot/hls/hls_video_imgproc.h:1975]   --->   Operation 66 'specregionend' 'empty_54' <Predicate = true> <Delay = 0.00>
ST_6 : Operation 67 [1/1] (0.00ns)   --->   "br label %0" [D:/APP/VIVADO/Vivado/2018.3/common/technology/autopilot/hls/hls_video_imgproc.h:1967]   --->   Operation 67 'br' <Predicate = true> <Delay = 0.00>


============================================================
+ Verbose Summary: Timing violations
============================================================
Target clock period: 20ns, clock uncertainty: 2.5ns.

 <State 1>: 3.4ns
The critical path consists of the following:
	fifo read on port 'p_src_cols_V' (D:/APP/VIVADO/Vivado/2018.3/common/technology/autopilot/hls/hls_video_imgproc.h:1961) [13]  (3.4 ns)

 <State 2>: 2.77ns
The critical path consists of the following:
	'icmp' operation ('tmp_i', D:/APP/VIVADO/Vivado/2018.3/common/technology/autopilot/hls/hls_video_imgproc.h:1967) [19]  (1.97 ns)
	blocking operation 0.8 ns on control path)

 <State 3>: 1.97ns
The critical path consists of the following:
	'phi' operation ('j') with incoming values : ('j', D:/APP/VIVADO/Vivado/2018.3/common/technology/autopilot/hls/hls_video_imgproc.h:1968) [28]  (0 ns)
	'icmp' operation ('tmp_1_i', D:/APP/VIVADO/Vivado/2018.3/common/technology/autopilot/hls/hls_video_imgproc.h:1968) [30]  (1.97 ns)

 <State 4>: 16.5ns
The critical path consists of the following:
	fifo read on port 'p_src_data_stream_0_V' (D:/APP/VIVADO/Vivado/2018.3/common/technology/autopilot/hls/hls_video_core.h:679->D:/APP/VIVADO/Vivado/2018.3/common/technology/autopilot/hls/hls_video_core.h:711->D:/APP/VIVADO/Vivado/2018.3/common/technology/autopilot/hls/hls_video_imgproc.h:1971) [40]  (3.4 ns)
	'mul' operation of DSP[45] ('r_V_i_i', D:/APP/VIVADO/Vivado/2018.3/common/technology/autopilot/hls/hls_video_imgproc.h:1497->D:/APP/VIVADO/Vivado/2018.3/common/technology/autopilot/hls/hls_video_imgproc.h:1545->D:/APP/VIVADO/Vivado/2018.3/common/technology/autopilot/hls/hls_video_imgproc.h:1972) [45]  (5.55 ns)
	'add' operation of DSP[51] ('ret.V', D:/APP/VIVADO/Vivado/2018.3/common/technology/autopilot/hls/hls_video_imgproc.h:1497->D:/APP/VIVADO/Vivado/2018.3/common/technology/autopilot/hls/hls_video_imgproc.h:1545->D:/APP/VIVADO/Vivado/2018.3/common/technology/autopilot/hls/hls_video_imgproc.h:1972) [51]  (2.73 ns)
	'add' operation of DSP[53] ('ret.V', D:/APP/VIVADO/Vivado/2018.3/common/technology/autopilot/hls/hls_video_imgproc.h:1497->D:/APP/VIVADO/Vivado/2018.3/common/technology/autopilot/hls/hls_video_imgproc.h:1545->D:/APP/VIVADO/Vivado/2018.3/common/technology/autopilot/hls/hls_video_imgproc.h:1972) [53]  (2.73 ns)
	'add' operation ('__Val2__', D:/APP/VIVADO/Vivado/2018.3/common/technology/autopilot/hls/hls_video_types.h:409->D:/APP/VIVADO/Vivado/2018.3/common/technology/autopilot/hls/hls_video_types.h:500->D:/APP/VIVADO/Vivado/2018.3/common/technology/autopilot/hls/hls_video_imgproc.h:1498->D:/APP/VIVADO/Vivado/2018.3/common/technology/autopilot/hls/hls_video_imgproc.h:1545->D:/APP/VIVADO/Vivado/2018.3/common/technology/autopilot/hls/hls_video_imgproc.h:1972) [57]  (1.31 ns)
	'select' operation ('__Val2__', D:/APP/VIVADO/Vivado/2018.3/common/technology/autopilot/hls/hls_video_types.h:409->D:/APP/VIVADO/Vivado/2018.3/common/technology/autopilot/hls/hls_video_types.h:500->D:/APP/VIVADO/Vivado/2018.3/common/technology/autopilot/hls/hls_video_imgproc.h:1498->D:/APP/VIVADO/Vivado/2018.3/common/technology/autopilot/hls/hls_video_imgproc.h:1545->D:/APP/VIVADO/Vivado/2018.3/common/technology/autopilot/hls/hls_video_imgproc.h:1972) [62]  (0.8 ns)

 <State 5>: 3.4ns
The critical path consists of the following:
	fifo write on port 'p_dst_data_stream_V' (D:/APP/VIVADO/Vivado/2018.3/common/technology/autopilot/hls/hls_video_core.h:703->D:/APP/VIVADO/Vivado/2018.3/common/technology/autopilot/hls/hls_video_core.h:717->D:/APP/VIVADO/Vivado/2018.3/common/technology/autopilot/hls/hls_video_imgproc.h:1973) [65]  (3.4 ns)

 <State 6>: 0ns
The critical path consists of the following:


============================================================
+ Verbose Summary: Binding
============================================================
N/A
* FSMD analyzer results:
  - Output states:
 - Input state : 
  - Chain level:
	State 1
	State 2
	State 3
	State 4
	State 5
	State 6


============================================================
+ Verbose Summary: Datapath Resource usage 
============================================================
N/A
