==============================================================
File generated on Fri Apr 12 14:24:50 +0800 2024
Vivado(TM) HLS - High-Level Synthesis from C, C++ and SystemC v2018.3 (64-bit)
SW Build 2405991 on Thu Dec  6 23:38:27 MST 2018
IP Build 2404404 on Fri Dec  7 01:43:56 MST 2018
Copyright 1986-2018 Xilinx, Inc. All Rights Reserved.
==============================================================
INFO: [SYN 201-201] Setting up clock 'default' with a period of 20ns.
INFO: [HLS 200-10] Setting target device to 'xc7z020clg400-2'
INFO: [SIM 211-2] *************** CSIM start ***************
INFO: [SIM 211-4] CSIM will launch GCC as the compiler.
ERROR: [SIM 211-100] 'csim_design' failed: compilation error(s).
INFO: [SIM 211-3] *************** CSIM finish ***************
==============================================================
File generated on Fri Apr 12 14:25:40 +0800 2024
Vivado(TM) HLS - High-Level Synthesis from C, C++ and SystemC v2018.3 (64-bit)
SW Build 2405991 on Thu Dec  6 23:38:27 MST 2018
IP Build 2404404 on Fri Dec  7 01:43:56 MST 2018
Copyright 1986-2018 Xilinx, Inc. All Rights Reserved.
==============================================================
INFO: [SYN 201-201] Setting up clock 'default' with a period of 20ns.
INFO: [HLS 200-10] Setting target device to 'xc7z020clg400-2'
INFO: [SYN 201-201] Setting up clock 'default' with a period of 20ns.
INFO: [SCHED 204-61] Option 'relax_ii_for_timing' is enabled, will increase II to preserve clock frequency constraints.
WARNING: [HLS 200-40] Cannot find source file ov5640_sobel.cpp; skipping it.
ERROR: [HLS 200-70] Cannot find any design unit to elaborate.
==============================================================
File generated on Fri Apr 12 14:28:53 +0800 2024
Vivado(TM) HLS - High-Level Synthesis from C, C++ and SystemC v2018.3 (64-bit)
SW Build 2405991 on Thu Dec  6 23:38:27 MST 2018
IP Build 2404404 on Fri Dec  7 01:43:56 MST 2018
Copyright 1986-2018 Xilinx, Inc. All Rights Reserved.
==============================================================
INFO: [SYN 201-201] Setting up clock 'default' with a period of 20ns.
INFO: [HLS 200-10] Setting target device to 'xc7z020clg400-2'
INFO: [SIM 211-2] *************** CSIM start ***************
INFO: [SIM 211-4] CSIM will launch GCC as the compiler.
INFO: [SIM 211-1] CSim done with 0 errors.
INFO: [SIM 211-3] *************** CSIM finish ***************
==============================================================
File generated on Fri Apr 12 14:30:44 +0800 2024
Vivado(TM) HLS - High-Level Synthesis from C, C++ and SystemC v2018.3 (64-bit)
SW Build 2405991 on Thu Dec  6 23:38:27 MST 2018
IP Build 2404404 on Fri Dec  7 01:43:56 MST 2018
Copyright 1986-2018 Xilinx, Inc. All Rights Reserved.
==============================================================
INFO: [SYN 201-201] Setting up clock 'default' with a period of 20ns.
INFO: [HLS 200-10] Setting target device to 'xc7z020clg400-2'
INFO: [SYN 201-201] Setting up clock 'default' with a period of 20ns.
INFO: [SCHED 204-61] Option 'relax_ii_for_timing' is enabled, will increase II to preserve clock frequency constraints.
WARNING: [HLS 200-40] Cannot find source file ov5640_sobel.cpp; skipping it.
ERROR: [HLS 200-70] Cannot find any design unit to elaborate.
==============================================================
File generated on Fri Apr 12 14:31:15 +0800 2024
Vivado(TM) HLS - High-Level Synthesis from C, C++ and SystemC v2018.3 (64-bit)
SW Build 2405991 on Thu Dec  6 23:38:27 MST 2018
IP Build 2404404 on Fri Dec  7 01:43:56 MST 2018
Copyright 1986-2018 Xilinx, Inc. All Rights Reserved.
==============================================================
INFO: [SYN 201-201] Setting up clock 'default' with a period of 20ns.
INFO: [HLS 200-10] Setting target device to 'xc7z020clg400-2'
INFO: [SIM 211-2] *************** CSIM start ***************
INFO: [SIM 211-4] CSIM will launch GCC as the compiler.
INFO: [SIM 211-1] CSim done with 0 errors.
INFO: [SIM 211-3] *************** CSIM finish ***************
==============================================================
File generated on Fri Apr 12 14:31:38 +0800 2024
Vivado(TM) HLS - High-Level Synthesis from C, C++ and SystemC v2018.3 (64-bit)
SW Build 2405991 on Thu Dec  6 23:38:27 MST 2018
IP Build 2404404 on Fri Dec  7 01:43:56 MST 2018
Copyright 1986-2018 Xilinx, Inc. All Rights Reserved.
==============================================================
INFO: [SYN 201-201] Setting up clock 'default' with a period of 20ns.
INFO: [HLS 200-10] Setting target device to 'xc7z020clg400-2'
INFO: [SYN 201-201] Setting up clock 'default' with a period of 20ns.
INFO: [SCHED 204-61] Option 'relax_ii_for_timing' is enabled, will increase II to preserve clock frequency constraints.
WARNING: [HLS 200-40] Cannot find source file ov5640_sobel.cpp; skipping it.
ERROR: [HLS 200-70] Cannot find any design unit to elaborate.
==============================================================
File generated on Fri Apr 12 14:33:24 +0800 2024
Vivado(TM) HLS - High-Level Synthesis from C, C++ and SystemC v2018.3 (64-bit)
SW Build 2405991 on Thu Dec  6 23:38:27 MST 2018
IP Build 2404404 on Fri Dec  7 01:43:56 MST 2018
Copyright 1986-2018 Xilinx, Inc. All Rights Reserved.
==============================================================
INFO: [SYN 201-201] Setting up clock 'default' with a period of 20ns.
INFO: [HLS 200-10] Setting target device to 'xc7z020clg400-2'
INFO: [SCHED 204-61] Option 'relax_ii_for_timing' is enabled, will increase II to preserve clock frequency constraints.
WARNING: [HLS 200-40] Skipped source file 'lena.jpg'. Source files must have extensions .c, .C, .cc, .cpp, .c++, .cp, or .cxx.
INFO: [HLS 200-10] Analyzing design file 'ov5640_sobel_hls/src/ov5640_sobel.cpp' ... 
INFO: [HLS 200-111] Finished Linking Time (s): cpu = 00:00:01 ; elapsed = 00:00:12 . Memory (MB): peak = 103.262 ; gain = 20.441
INFO: [HLS 200-111] Finished Checking Pragmas Time (s): cpu = 00:00:01 ; elapsed = 00:00:12 . Memory (MB): peak = 103.262 ; gain = 20.441
INFO: [HLS 200-10] Starting code transformations ...
INFO: [HLS 200-489] Unrolling loop 'Loop-1' (D:/APP/VIVADO/Vivado/2018.3/common/technology/autopilot/hls/hls_video_core.h:677) in function 'hls::Mat<800, 1280, 0>::read()' completely with a factor of 1.
INFO: [HLS 200-489] Unrolling loop 'Loop-1' (D:/APP/VIVADO/Vivado/2018.3/common/technology/autopilot/hls/hls_video_core.h:701) in function 'hls::Mat<800, 1280, 0>::write(hls::Scalar<1, unsigned char>)' completely with a factor of 1.
INFO: [XFORM 203-603] Inlining function 'hls::Mat<800, 1280, 4096>::init' into 'hls::Mat<800, 1280, 4096>::Mat.1' (D:/APP/VIVADO/Vivado/2018.3/common/technology/autopilot/hls/hls_video_core.h:642).
INFO: [XFORM 203-603] Inlining function 'hls::Mat<800, 1280, 0>::init' into 'hls::Mat<800, 1280, 0>::Mat.1' (D:/APP/VIVADO/Vivado/2018.3/common/technology/autopilot/hls/hls_video_core.h:642).
INFO: [XFORM 203-603] Inlining function 'hls::AXIGetBitFields<24, unsigned char>.1' into 'hls::AXIGetBitFields<24, unsigned char>' (D:/APP/VIVADO/Vivado/2018.3/common/technology/autopilot/hls/hls_axi_io.h:71).
INFO: [XFORM 203-603] Inlining function 'hls::AXIGetBitFields<24, unsigned char>' into 'hls::AXIvideo2Mat<24, 800, 1280, 4096>' (D:/APP/VIVADO/Vivado/2018.3/common/technology/autopilot/hls/hls_video_io.h:92).
INFO: [XFORM 203-603] Inlining function 'hls::Mat<800, 1280, 4096>::write' into 'hls::Mat<800, 1280, 4096>::operator<<' (D:/APP/VIVADO/Vivado/2018.3/common/technology/autopilot/hls/hls_video_core.h:717).
INFO: [XFORM 203-603] Inlining function 'hls::Mat<800, 1280, 4096>::operator<<' into 'hls::CvtColor<HLS_GRAY2RGB, 0, 4096, 800, 1280>' (D:/APP/VIVADO/Vivado/2018.3/common/technology/autopilot/hls/hls_video_imgproc.h:1973).
INFO: [XFORM 203-603] Inlining function 'hls::Mat<800, 1280, 4096>::operator<<' into 'hls::AXIvideo2Mat<24, 800, 1280, 4096>' (D:/APP/VIVADO/Vivado/2018.3/common/technology/autopilot/hls/hls_video_io.h:94).
INFO: [XFORM 203-603] Inlining function 'hls::Mat<800, 1280, 4096>::read' into 'hls::Mat<800, 1280, 4096>::operator>>' (D:/APP/VIVADO/Vivado/2018.3/common/technology/autopilot/hls/hls_video_core.h:711).
INFO: [XFORM 203-603] Inlining function 'hls::Mat<800, 1280, 4096>::operator>>' into 'hls::Mat2AXIvideo<24, 800, 1280, 4096>' (D:/APP/VIVADO/Vivado/2018.3/common/technology/autopilot/hls/hls_video_io.h:140).
INFO: [XFORM 203-603] Inlining function 'hls::Mat<800, 1280, 4096>::operator>>' into 'hls::CvtColor<HLS_RGB2GRAY, 4096, 0, 800, 1280>' (D:/APP/VIVADO/Vivado/2018.3/common/technology/autopilot/hls/hls_video_imgproc.h:1971).
INFO: [XFORM 203-603] Inlining function 'hls::ColorConverter<unsigned char, unsigned char>::convert<3>' into 'hls::kernel_CvtColor<HLS_RGB2GRAY, unsigned char, unsigned char>::apply<3, 1>' (D:/APP/VIVADO/Vivado/2018.3/common/technology/autopilot/hls/hls_video_imgproc.h:1545).
INFO: [XFORM 203-603] Inlining function 'hls::Mat<800, 1280, 0>::write' into 'hls::Mat<800, 1280, 0>::operator<<' (D:/APP/VIVADO/Vivado/2018.3/common/technology/autopilot/hls/hls_video_core.h:717).
INFO: [XFORM 203-603] Inlining function 'hls::Mat<800, 1280, 0>::operator<<' into 'hls::CvtColor<HLS_RGB2GRAY, 4096, 0, 800, 1280>' (D:/APP/VIVADO/Vivado/2018.3/common/technology/autopilot/hls/hls_video_imgproc.h:1973).
INFO: [XFORM 203-603] Inlining function 'hls::Window<1, 3, ap_int<8> >::getval' into 'hls::Window<1, 3, ap_int<8> >::operator()' (D:/APP/VIVADO/Vivado/2018.3/common/technology/autopilot/hls/hls_video_mem.h:501).
INFO: [XFORM 203-603] Inlining function 'hls::Window<1, 3, ap_int<8> >::operator()' into 'hls::Sobel_kernel<1, 0, 3, ap_int<8> >' (D:/APP/VIVADO/Vivado/2018.3/common/technology/autopilot/hls/hls_video_imgproc.h:2591).
INFO: [XFORM 203-603] Inlining function 'hls::Window<1, 3, ap_int<8> >::operator()' into 'hls::Sobel_kernel<1, 0, 3, ap_int<8> >' (D:/APP/VIVADO/Vivado/2018.3/common/technology/autopilot/hls/hls_video_imgproc.h:2599).
INFO: [XFORM 203-603] Inlining function 'hls::Window<3, 1, ap_int<8> >::getval' into 'hls::Window<3, 1, ap_int<8> >::operator()' (D:/APP/VIVADO/Vivado/2018.3/common/technology/autopilot/hls/hls_video_mem.h:501).
INFO: [XFORM 203-603] Inlining function 'hls::Window<3, 1, ap_int<8> >::operator()' into 'hls::Sobel_kernel<1, 0, 3, ap_int<8> >' (D:/APP/VIVADO/Vivado/2018.3/common/technology/autopilot/hls/hls_video_imgproc.h:2593).
INFO: [XFORM 203-603] Inlining function 'hls::Window<3, 1, ap_int<8> >::operator()' into 'hls::Sobel_kernel<1, 0, 3, ap_int<8> >' (D:/APP/VIVADO/Vivado/2018.3/common/technology/autopilot/hls/hls_video_imgproc.h:2599).
INFO: [XFORM 203-603] Inlining function 'hls::Window<3, 3, ap_int<8> >::getval' into 'hls::Window<3, 3, ap_int<8> >::operator()' (D:/APP/VIVADO/Vivado/2018.3/common/technology/autopilot/hls/hls_video_mem.h:501).
INFO: [XFORM 203-603] Inlining function 'hls::Window<3, 3, ap_int<8> >::operator()' into 'hls::Sobel_kernel<1, 0, 3, ap_int<8> >' (D:/APP/VIVADO/Vivado/2018.3/common/technology/autopilot/hls/hls_video_imgproc.h:2599).
INFO: [XFORM 203-603] Inlining function 'hls::normalizeAnchor<int, int>' into 'hls::filter_opr<hls::filter2d_kernel, hls::BORDER_DEFAULT>::filter<0, 0, ap_int<8>, int, 800, 1280, 3, 3>' (D:/APP/VIVADO/Vivado/2018.3/common/technology/autopilot/hls/hls_video_imgproc.h:424).
INFO: [XFORM 203-603] Inlining function 'hls::filter_opr<hls::filter2d_kernel, hls::BORDER_DEFAULT>::get_parameters<3, 3, int>' into 'hls::filter_opr<hls::filter2d_kernel, hls::BORDER_DEFAULT>::filter<0, 0, ap_int<8>, int, 800, 1280, 3, 3>' (D:/APP/VIVADO/Vivado/2018.3/common/technology/autopilot/hls/hls_video_imgproc.h:434).
INFO: [XFORM 203-603] Inlining function 'hls::borderInterpolate' into 'hls::filter_opr<hls::filter2d_kernel, hls::BORDER_DEFAULT>::filter<0, 0, ap_int<8>, int, 800, 1280, 3, 3>' (D:/APP/VIVADO/Vivado/2018.3/common/technology/autopilot/hls/hls_video_imgproc.h:452).
INFO: [XFORM 203-603] Inlining function 'hls::borderInterpolate' into 'hls::filter_opr<hls::filter2d_kernel, hls::BORDER_DEFAULT>::filter<0, 0, ap_int<8>, int, 800, 1280, 3, 3>' (D:/APP/VIVADO/Vivado/2018.3/common/technology/autopilot/hls/hls_video_imgproc.h:470).
INFO: [XFORM 203-603] Inlining function 'hls::borderInterpolate' into 'hls::filter_opr<hls::filter2d_kernel, hls::BORDER_DEFAULT>::filter<0, 0, ap_int<8>, int, 800, 1280, 3, 3>' (D:/APP/VIVADO/Vivado/2018.3/common/technology/autopilot/hls/hls_video_imgproc.h:506).
INFO: [XFORM 203-603] Inlining function 'hls::Window<3, 3, unsigned char>::getval' into 'hls::Window<3, 3, unsigned char>::operator()' (D:/APP/VIVADO/Vivado/2018.3/common/technology/autopilot/hls/hls_video_mem.h:501).
INFO: [XFORM 203-603] Inlining function 'hls::Window<3, 3, unsigned char>::operator()' into 'hls::filter_opr<hls::filter2d_kernel, hls::BORDER_DEFAULT>::filter<0, 0, ap_int<8>, int, 800, 1280, 3, 3>' (D:/APP/VIVADO/Vivado/2018.3/common/technology/autopilot/hls/hls_video_imgproc.h:507).
INFO: [XFORM 203-603] Inlining function 'hls::Window<3, 3, unsigned char>::operator()' into 'hls::filter_opr<hls::filter2d_kernel, hls::BORDER_DEFAULT>::filter<0, 0, ap_int<8>, int, 800, 1280, 3, 3>' (D:/APP/VIVADO/Vivado/2018.3/common/technology/autopilot/hls/hls_video_imgproc.h:503).
INFO: [XFORM 203-603] Inlining function 'hls::Window<3, 3, unsigned char>::operator()' into 'hls::filter_opr<hls::filter2d_kernel, hls::BORDER_DEFAULT>::filter<0, 0, ap_int<8>, int, 800, 1280, 3, 3>' (D:/APP/VIVADO/Vivado/2018.3/common/technology/autopilot/hls/hls_video_imgproc.h:484).
INFO: [XFORM 203-603] Inlining function 'hls::Window<3, 3, unsigned char>::operator()' into 'hls::filter_opr<hls::filter2d_kernel, hls::BORDER_DEFAULT>::filter<0, 0, ap_int<8>, int, 800, 1280, 3, 3>' (D:/APP/VIVADO/Vivado/2018.3/common/technology/autopilot/hls/hls_video_imgproc.h:481).
INFO: [XFORM 203-603] Inlining function 'hls::Window<3, 3, unsigned char>::operator()' into 'hls::filter_opr<hls::filter2d_kernel, hls::BORDER_DEFAULT>::filter<0, 0, ap_int<8>, int, 800, 1280, 3, 3>' (D:/APP/VIVADO/Vivado/2018.3/common/technology/autopilot/hls/hls_video_imgproc.h:481).
INFO: [XFORM 203-603] Inlining function 'hls::Window<3, 3, unsigned char>::operator()' into 'hls::filter_opr<hls::filter2d_kernel, hls::BORDER_DEFAULT>::filter<0, 0, ap_int<8>, int, 800, 1280, 3, 3>' (D:/APP/VIVADO/Vivado/2018.3/common/technology/autopilot/hls/hls_video_imgproc.h:458).
INFO: [XFORM 203-603] Inlining function 'hls::Window<3, 1, unsigned char>::getval' into 'hls::Window<3, 1, unsigned char>::operator()' (D:/APP/VIVADO/Vivado/2018.3/common/technology/autopilot/hls/hls_video_mem.h:501).
INFO: [XFORM 203-603] Inlining function 'hls::Window<3, 1, unsigned char>::operator()' into 'hls::filter_opr<hls::filter2d_kernel, hls::BORDER_DEFAULT>::filter<0, 0, ap_int<8>, int, 800, 1280, 3, 3>' (D:/APP/VIVADO/Vivado/2018.3/common/technology/autopilot/hls/hls_video_imgproc.h:458).
INFO: [XFORM 203-603] Inlining function 'hls::Window<3, 1, unsigned char>::operator()' into 'hls::filter_opr<hls::filter2d_kernel, hls::BORDER_DEFAULT>::filter<0, 0, ap_int<8>, int, 800, 1280, 3, 3>' (D:/APP/VIVADO/Vivado/2018.3/common/technology/autopilot/hls/hls_video_imgproc.h:460).
INFO: [XFORM 203-603] Inlining function 'hls::Window<3, 1, unsigned char>::operator()' into 'hls::filter_opr<hls::filter2d_kernel, hls::BORDER_DEFAULT>::filter<0, 0, ap_int<8>, int, 800, 1280, 3, 3>' (D:/APP/VIVADO/Vivado/2018.3/common/technology/autopilot/hls/hls_video_imgproc.h:484).
INFO: [XFORM 203-603] Inlining function 'hls::Window<3, 1, unsigned char>::operator()' into 'hls::filter_opr<hls::filter2d_kernel, hls::BORDER_DEFAULT>::filter<0, 0, ap_int<8>, int, 800, 1280, 3, 3>' (D:/APP/VIVADO/Vivado/2018.3/common/technology/autopilot/hls/hls_video_imgproc.h:503).
INFO: [XFORM 203-603] Inlining function 'hls::Window<3, 1, unsigned char>::operator()' into 'hls::filter_opr<hls::filter2d_kernel, hls::BORDER_DEFAULT>::filter<0, 0, ap_int<8>, int, 800, 1280, 3, 3>' (D:/APP/VIVADO/Vivado/2018.3/common/technology/autopilot/hls/hls_video_imgproc.h:507).
INFO: [XFORM 203-603] Inlining function 'hls::LineBuffer<6, 1280, unsigned char, 0>::getval' into 'hls::LineBuffer<6, 1280, unsigned char, 0>::operator()' (D:/APP/VIVADO/Vivado/2018.3/common/technology/autopilot/hls/hls_video_mem.h:843).
INFO: [XFORM 203-603] Inlining function 'hls::LineBuffer<6, 1280, unsigned char, 0>::operator()' into 'hls::filter_opr<hls::filter2d_kernel, hls::BORDER_DEFAULT>::filter<0, 0, ap_int<8>, int, 800, 1280, 3, 3>' (D:/APP/VIVADO/Vivado/2018.3/common/technology/autopilot/hls/hls_video_imgproc.h:493).
INFO: [XFORM 203-603] Inlining function 'hls::LineBuffer<6, 1280, unsigned char, 0>::operator()' into 'hls::filter_opr<hls::filter2d_kernel, hls::BORDER_DEFAULT>::filter<0, 0, ap_int<8>, int, 800, 1280, 3, 3>' (D:/APP/VIVADO/Vivado/2018.3/common/technology/autopilot/hls/hls_video_imgproc.h:489).
INFO: [XFORM 203-603] Inlining function 'hls::LineBuffer<6, 1280, unsigned char, 0>::operator()' into 'hls::filter_opr<hls::filter2d_kernel, hls::BORDER_DEFAULT>::filter<0, 0, ap_int<8>, int, 800, 1280, 3, 3>' (D:/APP/VIVADO/Vivado/2018.3/common/technology/autopilot/hls/hls_video_imgproc.h:489).
INFO: [XFORM 203-603] Inlining function 'hls::LineBuffer<6, 1280, unsigned char, 0>::operator()' into 'hls::filter_opr<hls::filter2d_kernel, hls::BORDER_DEFAULT>::filter<0, 0, ap_int<8>, int, 800, 1280, 3, 3>' (D:/APP/VIVADO/Vivado/2018.3/common/technology/autopilot/hls/hls_video_imgproc.h:472).
INFO: [XFORM 203-603] Inlining function 'hls::LineBuffer<6, 1280, unsigned char, 0>::operator()' into 'hls::filter_opr<hls::filter2d_kernel, hls::BORDER_DEFAULT>::filter<0, 0, ap_int<8>, int, 800, 1280, 3, 3>' (D:/APP/VIVADO/Vivado/2018.3/common/technology/autopilot/hls/hls_video_imgproc.h:460).
INFO: [XFORM 203-603] Inlining function 'hls::Window<3, 3, unsigned char>::shift_pixels_right' into 'hls::Window<3, 3, unsigned char>::shift_right' (D:/APP/VIVADO/Vivado/2018.3/common/technology/autopilot/hls/hls_video_mem.h:543).
INFO: [XFORM 203-603] Inlining function 'hls::Window<3, 3, unsigned char>::shift_right' into 'hls::filter_opr<hls::filter2d_kernel, hls::BORDER_DEFAULT>::filter<0, 0, ap_int<8>, int, 800, 1280, 3, 3>' (D:/APP/VIVADO/Vivado/2018.3/common/technology/autopilot/hls/hls_video_imgproc.h:499).
INFO: [XFORM 203-603] Inlining function 'hls::filter2d_kernel::apply<unsigned char, ap_fixed<20, 20, (ap_q_mode)5, (ap_o_mode)3, 0>, ap_int<8>, 3, 3>' into 'hls::filter2d_kernel::apply<unsigned char, unsigned char, ap_int<8>, 3, 3>' (D:/APP/VIVADO/Vivado/2018.3/common/technology/autopilot/hls/hls_video_imgproc.h:303).
INFO: [XFORM 203-603] Inlining function 'hls::filter2d_kernel::apply<unsigned char, unsigned char, ap_int<8>, 3, 3>' into 'hls::filter_opr<hls::filter2d_kernel, hls::BORDER_DEFAULT>::filter<0, 0, ap_int<8>, int, 800, 1280, 3, 3>' (D:/APP/VIVADO/Vivado/2018.3/common/technology/autopilot/hls/hls_video_imgproc.h:514).
INFO: [XFORM 203-603] Inlining function 'hls::filter_opr<hls::filter2d_kernel, hls::BORDER_DEFAULT>::filter<0, 0, ap_int<8>, int, 800, 1280, 3, 3>' into 'hls::Filter2D<hls::BORDER_DEFAULT, 0, 0, ap_int<8>, int, 800, 1280, 3, 3>' (D:/APP/VIVADO/Vivado/2018.3/common/technology/autopilot/hls/hls_video_imgproc.h:1289).
INFO: [XFORM 203-603] Inlining function 'hls::Mat<800, 1280, 0>::read' into 'hls::Mat<800, 1280, 0>::operator>>' (D:/APP/VIVADO/Vivado/2018.3/common/technology/autopilot/hls/hls_video_core.h:711).
INFO: [XFORM 203-603] Inlining function 'hls::Mat<800, 1280, 0>::operator>>' into 'hls::CvtColor<HLS_GRAY2RGB, 0, 4096, 800, 1280>' (D:/APP/VIVADO/Vivado/2018.3/common/technology/autopilot/hls/hls_video_imgproc.h:1971).
INFO: [XFORM 203-603] Inlining function 'hls::kernel_CvtColor<HLS_GRAY2RGB, unsigned char, unsigned char>::apply<1, 3>' into 'hls::CvtColor<HLS_GRAY2RGB, 0, 4096, 800, 1280>' (D:/APP/VIVADO/Vivado/2018.3/common/technology/autopilot/hls/hls_video_imgproc.h:1972).
INFO: [XFORM 203-603] Inlining function 'hls::AXISetBitFields<24, unsigned char>.1' into 'hls::AXISetBitFields<24, unsigned char>' (D:/APP/VIVADO/Vivado/2018.3/common/technology/autopilot/hls/hls_axi_io.h:100).
INFO: [XFORM 203-603] Inlining function 'hls::AXISetBitFields<24, unsigned char>' into 'hls::Mat2AXIvideo<24, 800, 1280, 4096>' (D:/APP/VIVADO/Vivado/2018.3/common/technology/autopilot/hls/hls_video_io.h:143).
INFO: [HLS 200-111] Finished Standard Transforms Time (s): cpu = 00:00:01 ; elapsed = 00:00:13 . Memory (MB): peak = 170.824 ; gain = 88.004
INFO: [HLS 200-10] Checking synthesizability ...
INFO: [XFORM 203-602] Inlining function 'hls::sr_cast_class<ap_uint<8> >::operator()<35, 13, (ap_q_mode)5, (ap_o_mode)3>' into 'hls::sr_cast<unsigned char, ap_fixed<35, 13, (ap_q_mode)5, (ap_o_mode)3, 0> >' (D:/APP/VIVADO/Vivado/2018.3/common/technology/autopilot/hls/hls_video_types.h:500) automatically.
INFO: [XFORM 203-602] Inlining function 'hls::sr_cast<unsigned char, ap_fixed<35, 13, (ap_q_mode)5, (ap_o_mode)3, 0> >' into 'hls::kernel_CvtColor<HLS_RGB2GRAY, unsigned char, unsigned char>::apply<3, 1>' (D:/APP/VIVADO/Vivado/2018.3/common/technology/autopilot/hls/hls_video_imgproc.h:1498->D:/APP/VIVADO/Vivado/2018.3/common/technology/autopilot/hls/hls_video_imgproc.h:1545) automatically.
INFO: [XFORM 203-602] Inlining function 'hls::sr_cast_class<ap_uint<8> >::operator()<20, 20, (ap_q_mode)5, (ap_o_mode)3>' into 'hls::sr_cast<unsigned char, ap_fixed<20, 20, (ap_q_mode)5, (ap_o_mode)3, 0> >' (D:/APP/VIVADO/Vivado/2018.3/common/technology/autopilot/hls/hls_video_types.h:500) automatically.
INFO: [XFORM 203-602] Inlining function 'hls::sr_cast<unsigned char, ap_fixed<20, 20, (ap_q_mode)5, (ap_o_mode)3, 0> >' into 'hls::Filter2D<hls::BORDER_DEFAULT, 0, 0, ap_int<8>, int, 800, 1280, 3, 3>' (D:/APP/VIVADO/Vivado/2018.3/common/technology/autopilot/hls/hls_video_imgproc.h:304->D:/APP/VIVADO/Vivado/2018.3/common/technology/autopilot/hls/hls_video_imgproc.h:514->D:/APP/VIVADO/Vivado/2018.3/common/technology/autopilot/hls/hls_video_imgproc.h:1289) automatically.
INFO: [XFORM 203-602] Inlining function 'hls::Sobel<1, 0, 3, hls::BORDER_DEFAULT, 0, 0, 800, 1280, 800, 1280>' into 'hls::Sobel<1, 0, 3, 0, 0, 800, 1280, 800, 1280>' (D:/APP/VIVADO/Vivado/2018.3/common/technology/autopilot/hls/hls_video_imgproc.h:2627) automatically.
INFO: [XFORM 203-602] Inlining function 'hls::sr_cast_class<ap_uint<8> >::operator()<8>' into 'hls::sr_cast_class<ap_uint<8> >::operator()' (D:/APP/VIVADO/Vivado/2018.3/common/technology/autopilot/hls/hls_video_types.h:432) automatically.
INFO: [XFORM 203-602] Inlining function 'hls::sr_cast_class<ap_uint<8> >::operator()' into 'hls::sr_cast<unsigned char, unsigned char>' (D:/APP/VIVADO/Vivado/2018.3/common/technology/autopilot/hls/hls_video_types.h:500) automatically.
INFO: [XFORM 203-602] Inlining function 'hls::sr_cast<unsigned char, unsigned char>' into 'hls::CvtColor<HLS_GRAY2RGB, 0, 4096, 800, 1280>' (D:/APP/VIVADO/Vivado/2018.3/common/technology/autopilot/hls/hls_video_imgproc.h:1554->D:/APP/VIVADO/Vivado/2018.3/common/technology/autopilot/hls/hls_video_imgproc.h:1972) automatically.
WARNING: [SYNCHK 200-23] D:/APP/VIVADO/Vivado/2018.3/common/technology/autopilot/hls/hls_axi_io.h:78: variable-indexed range selection may cause suboptimal QoR.
INFO: [SYNCHK 200-10] 0 error(s), 1 warning(s).
INFO: [HLS 200-111] Finished Checking Synthesizability Time (s): cpu = 00:00:02 ; elapsed = 00:00:14 . Memory (MB): peak = 211.348 ; gain = 128.527
WARNING: [XFORM 203-1103] Ignored data pack directive on non-struct variable 'img_1.data_stream.V' (ov5640_sobel_hls/src/ov5640_sobel.cpp:16).
WARNING: [XFORM 203-1103] Ignored data pack directive on non-struct variable 'img_3.data_stream.V' (ov5640_sobel_hls/src/ov5640_sobel.cpp:18).
WARNING: [XFORM 203-1103] Ignored data pack directive on non-struct variable 'img_0.data_stream.V' (ov5640_sobel_hls/src/ov5640_sobel.cpp:15).
INFO: [XFORM 203-502] Unrolling all sub-loops inside loop 'loop_width' (D:/APP/VIVADO/Vivado/2018.3/common/technology/autopilot/hls/hls_video_io.h:126) in function 'hls::Mat2AXIvideo<24, 800, 1280, 4096>' for pipelining.
INFO: [XFORM 203-502] Unrolling small iteration loop 'Loop-1' (D:/APP/VIVADO/Vivado/2018.3/common/technology/autopilot/hls/hls_video_imgproc.h:398) in function 'hls::Filter2D<hls::BORDER_DEFAULT, 0, 0, ap_int<8>, int, 800, 1280, 3, 3>' automatically.
INFO: [XFORM 203-502] Unrolling small iteration loop 'Loop-2' (D:/APP/VIVADO/Vivado/2018.3/common/technology/autopilot/hls/hls_video_imgproc.h:400) in function 'hls::Filter2D<hls::BORDER_DEFAULT, 0, 0, ap_int<8>, int, 800, 1280, 3, 3>' automatically.
INFO: [XFORM 203-502] Unrolling small iteration loop 'Loop-3' (D:/APP/VIVADO/Vivado/2018.3/common/technology/autopilot/hls/hls_video_imgproc.h:403) in function 'hls::Filter2D<hls::BORDER_DEFAULT, 0, 0, ap_int<8>, int, 800, 1280, 3, 3>' automatically.
INFO: [XFORM 203-502] Unrolling small iteration loop 'Loop-4' (D:/APP/VIVADO/Vivado/2018.3/common/technology/autopilot/hls/hls_video_imgproc.h:405) in function 'hls::Filter2D<hls::BORDER_DEFAULT, 0, 0, ap_int<8>, int, 800, 1280, 3, 3>' automatically.
INFO: [XFORM 203-502] Unrolling all sub-loops inside loop 'loop_width' (D:/APP/VIVADO/Vivado/2018.3/common/technology/autopilot/hls/hls_video_imgproc.h:444) in function 'hls::Filter2D<hls::BORDER_DEFAULT, 0, 0, ap_int<8>, int, 800, 1280, 3, 3>' for pipelining.
INFO: [XFORM 203-502] Unrolling all sub-loops inside loop 'loop_width' (D:/APP/VIVADO/Vivado/2018.3/common/technology/autopilot/hls/hls_video_imgproc.h:1968) in function 'hls::CvtColor<HLS_RGB2GRAY, 4096, 0, 800, 1280>' for pipelining.
INFO: [XFORM 203-502] Unrolling all sub-loops inside loop 'loop_width' (D:/APP/VIVADO/Vivado/2018.3/common/technology/autopilot/hls/hls_video_imgproc.h:1968) in function 'hls::CvtColor<HLS_GRAY2RGB, 0, 4096, 800, 1280>' for pipelining.
INFO: [XFORM 203-502] Unrolling all sub-loops inside loop 'loop_width' (D:/APP/VIVADO/Vivado/2018.3/common/technology/autopilot/hls/hls_video_io.h:73) in function 'hls::AXIvideo2Mat<24, 800, 1280, 4096>' for pipelining.
INFO: [HLS 200-489] Unrolling loop 'Loop-1.1.1' (D:/APP/VIVADO/Vivado/2018.3/common/technology/autopilot/hls/hls_video_core.h:677) in function 'hls::Mat2AXIvideo<24, 800, 1280, 4096>' completely with a factor of 3.
INFO: [HLS 200-489] Unrolling loop 'loop_channels' (D:/APP/VIVADO/Vivado/2018.3/common/technology/autopilot/hls/hls_video_io.h:142) in function 'hls::Mat2AXIvideo<24, 800, 1280, 4096>' completely with a factor of 3.
INFO: [HLS 200-489] Unrolling loop 'Loop-1' (D:/APP/VIVADO/Vivado/2018.3/common/technology/autopilot/hls/hls_video_imgproc.h:398) in function 'hls::Filter2D<hls::BORDER_DEFAULT, 0, 0, ap_int<8>, int, 800, 1280, 3, 3>' completely with a factor of 0.
INFO: [HLS 200-489] Unrolling loop 'Loop-2' (D:/APP/VIVADO/Vivado/2018.3/common/technology/autopilot/hls/hls_video_imgproc.h:400) in function 'hls::Filter2D<hls::BORDER_DEFAULT, 0, 0, ap_int<8>, int, 800, 1280, 3, 3>' completely with a factor of 0.
INFO: [HLS 200-489] Unrolling loop 'Loop-3' (D:/APP/VIVADO/Vivado/2018.3/common/technology/autopilot/hls/hls_video_imgproc.h:403) in function 'hls::Filter2D<hls::BORDER_DEFAULT, 0, 0, ap_int<8>, int, 800, 1280, 3, 3>' completely with a factor of 0.
INFO: [HLS 200-489] Unrolling loop 'Loop-4' (D:/APP/VIVADO/Vivado/2018.3/common/technology/autopilot/hls/hls_video_imgproc.h:405) in function 'hls::Filter2D<hls::BORDER_DEFAULT, 0, 0, ap_int<8>, int, 800, 1280, 3, 3>' completely with a factor of 0.
INFO: [HLS 200-489] Unrolling loop 'Loop-5.1.1' (D:/APP/VIVADO/Vivado/2018.3/common/technology/autopilot/hls/hls_video_imgproc.h:456) in function 'hls::Filter2D<hls::BORDER_DEFAULT, 0, 0, ap_int<8>, int, 800, 1280, 3, 3>' completely with a factor of 3.
INFO: [HLS 200-489] Unrolling loop 'Loop-5.1.2' (D:/APP/VIVADO/Vivado/2018.3/common/technology/autopilot/hls/hls_video_imgproc.h:469) in function 'hls::Filter2D<hls::BORDER_DEFAULT, 0, 0, ap_int<8>, int, 800, 1280, 3, 3>' completely with a factor of 6.
INFO: [HLS 200-489] Unrolling loop 'Loop-5.1.3' (D:/APP/VIVADO/Vivado/2018.3/common/technology/autopilot/hls/hls_video_imgproc.h:478) in function 'hls::Filter2D<hls::BORDER_DEFAULT, 0, 0, ap_int<8>, int, 800, 1280, 3, 3>' completely with a factor of 3.
INFO: [HLS 200-489] Unrolling loop 'Loop-5.1.3.1' (D:/APP/VIVADO/Vivado/2018.3/common/technology/autopilot/hls/hls_video_imgproc.h:479) in function 'hls::Filter2D<hls::BORDER_DEFAULT, 0, 0, ap_int<8>, int, 800, 1280, 3, 3>' completely with a factor of 2.
INFO: [HLS 200-489] Unrolling loop 'Loop-5.1.4' (D:/APP/VIVADO/Vivado/2018.3/common/technology/autopilot/hls/hls_video_imgproc.h:487) in function 'hls::Filter2D<hls::BORDER_DEFAULT, 0, 0, ap_int<8>, int, 800, 1280, 3, 3>' completely with a factor of 5.
INFO: [HLS 200-489] Unrolling loop 'Loop-5.1.5' (D:/APP/VIVADO/Vivado/2018.3/common/technology/autopilot/hls/hls_video_mem.h:161) in function 'hls::Filter2D<hls::BORDER_DEFAULT, 0, 0, ap_int<8>, int, 800, 1280, 3, 3>' completely with a factor of 3.
INFO: [HLS 200-489] Unrolling loop 'Loop-5.1.5.1' (D:/APP/VIVADO/Vivado/2018.3/common/technology/autopilot/hls/hls_video_mem.h:163) in function 'hls::Filter2D<hls::BORDER_DEFAULT, 0, 0, ap_int<8>, int, 800, 1280, 3, 3>' completely with a factor of 2.
INFO: [HLS 200-489] Unrolling loop 'Loop-5.1.6' (D:/APP/VIVADO/Vivado/2018.3/common/technology/autopilot/hls/hls_video_imgproc.h:501) in function 'hls::Filter2D<hls::BORDER_DEFAULT, 0, 0, ap_int<8>, int, 800, 1280, 3, 3>' completely with a factor of 3.
INFO: [HLS 200-489] Unrolling loop 'loop_height' (D:/APP/VIVADO/Vivado/2018.3/common/technology/autopilot/hls/hls_video_imgproc.h:285) in function 'hls::Filter2D<hls::BORDER_DEFAULT, 0, 0, ap_int<8>, int, 800, 1280, 3, 3>' completely with a factor of 3.
INFO: [HLS 200-489] Unrolling loop 'loop_width' (D:/APP/VIVADO/Vivado/2018.3/common/technology/autopilot/hls/hls_video_imgproc.h:286) in function 'hls::Filter2D<hls::BORDER_DEFAULT, 0, 0, ap_int<8>, int, 800, 1280, 3, 3>' completely with a factor of 3.
INFO: [HLS 200-489] Unrolling loop 'Loop-1.1.1' (D:/APP/VIVADO/Vivado/2018.3/common/technology/autopilot/hls/hls_video_core.h:677) in function 'hls::CvtColor<HLS_RGB2GRAY, 4096, 0, 800, 1280>' completely with a factor of 3.
INFO: [HLS 200-489] Unrolling loop 'Loop-1.1.1' (D:/APP/VIVADO/Vivado/2018.3/common/technology/autopilot/hls/hls_video_core.h:701) in function 'hls::CvtColor<HLS_GRAY2RGB, 0, 4096, 800, 1280>' completely with a factor of 3.
INFO: [HLS 200-489] Unrolling loop 'loop_channels' (D:/APP/VIVADO/Vivado/2018.3/common/technology/autopilot/hls/hls_video_io.h:91) in function 'hls::AXIvideo2Mat<24, 800, 1280, 4096>' completely with a factor of 3.
INFO: [HLS 200-489] Unrolling loop 'Loop-2.1.2' (D:/APP/VIVADO/Vivado/2018.3/common/technology/autopilot/hls/hls_video_core.h:701) in function 'hls::AXIvideo2Mat<24, 800, 1280, 4096>' completely with a factor of 3.
INFO: [XFORM 203-102] Partitioning array 's.val.assign' (D:/APP/VIVADO/Vivado/2018.3/common/technology/autopilot/hls/hls_video_core.h:589) automatically.
INFO: [XFORM 203-102] Partitioning array 's.val.assign' (D:/APP/VIVADO/Vivado/2018.3/common/technology/autopilot/hls/hls_video_core.h:589) automatically.
INFO: [XFORM 203-102] Automatically partitioning streamed array 'img_0.data_stream.V' (ov5640_sobel_hls/src/ov5640_sobel.cpp:15) .
INFO: [XFORM 203-102] Automatically partitioning streamed array 'img_1.data_stream.V' (ov5640_sobel_hls/src/ov5640_sobel.cpp:16) .
INFO: [XFORM 203-102] Automatically partitioning streamed array 'img_2.data_stream.V' (ov5640_sobel_hls/src/ov5640_sobel.cpp:17) .
INFO: [XFORM 203-102] Automatically partitioning streamed array 'img_3.data_stream.V' (ov5640_sobel_hls/src/ov5640_sobel.cpp:18) .
INFO: [XFORM 203-101] Partitioning array 'kernel.val.V'  in dimension 1 completely.
INFO: [XFORM 203-101] Partitioning array 'pix.val' (D:/APP/VIVADO/Vivado/2018.3/common/technology/autopilot/hls/hls_video_io.h:115) in dimension 1 completely.
INFO: [XFORM 203-101] Partitioning array 'scl.val' (D:/APP/VIVADO/Vivado/2018.3/common/technology/autopilot/hls/hls_video_core.h:670) in dimension 1 completely.
INFO: [XFORM 203-101] Partitioning array 'src_kernel_win.val' (D:/APP/VIVADO/Vivado/2018.3/common/technology/autopilot/hls/hls_video_imgproc.h:398) in dimension 1 completely.
INFO: [XFORM 203-101] Partitioning array 'k_buf.val' (D:/APP/VIVADO/Vivado/2018.3/common/technology/autopilot/hls/hls_video_imgproc.h:400) in dimension 1 completely.
INFO: [XFORM 203-101] Partitioning array 'right_border_buf.val' (D:/APP/VIVADO/Vivado/2018.3/common/technology/autopilot/hls/hls_video_imgproc.h:403) in dimension 1 completely.
INFO: [XFORM 203-101] Partitioning array 'col_buf.val' (D:/APP/VIVADO/Vivado/2018.3/common/technology/autopilot/hls/hls_video_imgproc.h:405) in dimension 1 completely.
INFO: [XFORM 203-101] Partitioning array 'kernel_opr.par.val.V' (D:/APP/VIVADO/Vivado/2018.3/common/technology/autopilot/hls/hls_video_imgproc.h:1960) in dimension 1 completely.
INFO: [XFORM 203-101] Partitioning array '_s.val' (D:/APP/VIVADO/Vivado/2018.3/common/technology/autopilot/hls/hls_video_imgproc.h:1965) in dimension 1 completely.
INFO: [XFORM 203-101] Partitioning array '_d.val' (D:/APP/VIVADO/Vivado/2018.3/common/technology/autopilot/hls/hls_video_imgproc.h:1966) in dimension 1 completely.
INFO: [XFORM 203-101] Partitioning array 'scl.val' (D:/APP/VIVADO/Vivado/2018.3/common/technology/autopilot/hls/hls_video_core.h:670) in dimension 1 completely.
INFO: [XFORM 203-101] Partitioning array '_s.val' (D:/APP/VIVADO/Vivado/2018.3/common/technology/autopilot/hls/hls_video_imgproc.h:1965) in dimension 1 completely.
INFO: [XFORM 203-101] Partitioning array '_d.val' (D:/APP/VIVADO/Vivado/2018.3/common/technology/autopilot/hls/hls_video_imgproc.h:1966) in dimension 1 completely.
INFO: [XFORM 203-101] Partitioning array 'scl.val' (D:/APP/VIVADO/Vivado/2018.3/common/technology/autopilot/hls/hls_video_core.h:670) in dimension 1 completely.
INFO: [XFORM 203-101] Partitioning array 'pix.val' (D:/APP/VIVADO/Vivado/2018.3/common/technology/autopilot/hls/hls_video_io.h:56) in dimension 1 completely.
INFO: [XFORM 203-101] Partitioning array 'img_0.data_stream.V' (ov5640_sobel_hls/src/ov5640_sobel.cpp:15) in dimension 1 completely.
INFO: [XFORM 203-101] Partitioning array 'img_1.data_stream.V' (ov5640_sobel_hls/src/ov5640_sobel.cpp:16) in dimension 1 completely.
INFO: [XFORM 203-101] Partitioning array 'img_2.data_stream.V' (ov5640_sobel_hls/src/ov5640_sobel.cpp:17) in dimension 1 completely.
INFO: [XFORM 203-101] Partitioning array 'img_3.data_stream.V' (ov5640_sobel_hls/src/ov5640_sobel.cpp:18) in dimension 1 completely.
INFO: [XFORM 203-101] Partitioning array 'kernel.val.V'  in dimension 2 completely.
INFO: [XFORM 203-101] Partitioning array 'src_kernel_win.val' (D:/APP/VIVADO/Vivado/2018.3/common/technology/autopilot/hls/hls_video_imgproc.h:398) in dimension 2 completely.
INFO: [XFORM 203-101] Partitioning array 'k_buf.val' (D:/APP/VIVADO/Vivado/2018.3/common/technology/autopilot/hls/hls_video_imgproc.h:400) in dimension 2 completely.
INFO: [XFORM 203-101] Partitioning array 'right_border_buf.val' (D:/APP/VIVADO/Vivado/2018.3/common/technology/autopilot/hls/hls_video_imgproc.h:403) in dimension 2 completely.
INFO: [XFORM 203-101] Partitioning array 'col_buf.val' (D:/APP/VIVADO/Vivado/2018.3/common/technology/autopilot/hls/hls_video_imgproc.h:405) in dimension 2 completely.
INFO: [XFORM 203-101] Partitioning array 'src_kernel_win.val' (D:/APP/VIVADO/Vivado/2018.3/common/technology/autopilot/hls/hls_video_imgproc.h:398) in dimension 3 completely.
INFO: [XFORM 203-101] Partitioning array 'right_border_buf.val' (D:/APP/VIVADO/Vivado/2018.3/common/technology/autopilot/hls/hls_video_imgproc.h:403) in dimension 3 completely.
INFO: [XFORM 203-101] Partitioning array 'col_buf.val' (D:/APP/VIVADO/Vivado/2018.3/common/technology/autopilot/hls/hls_video_imgproc.h:405) in dimension 3 completely.
INFO: [XFORM 203-602] Inlining function 'hls::sr_cast_class<ap_uint<8> >::operator()<35, 13, (ap_q_mode)5, (ap_o_mode)3>' into 'hls::sr_cast<unsigned char, ap_fixed<35, 13, (ap_q_mode)5, (ap_o_mode)3, 0> >' (D:/APP/VIVADO/Vivado/2018.3/common/technology/autopilot/hls/hls_video_types.h:500) automatically.
INFO: [XFORM 203-602] Inlining function 'hls::sr_cast<unsigned char, ap_fixed<35, 13, (ap_q_mode)5, (ap_o_mode)3, 0> >' into 'hls::kernel_CvtColor<HLS_RGB2GRAY, unsigned char, unsigned char>::apply<3, 1>' (D:/APP/VIVADO/Vivado/2018.3/common/technology/autopilot/hls/hls_video_imgproc.h:1498->D:/APP/VIVADO/Vivado/2018.3/common/technology/autopilot/hls/hls_video_imgproc.h:1545) automatically.
INFO: [XFORM 203-602] Inlining function 'hls::kernel_CvtColor<HLS_RGB2GRAY, unsigned char, unsigned char>::apply<3, 1>' into 'hls::CvtColor<HLS_RGB2GRAY, 4096, 0, 800, 1280>' (D:/APP/VIVADO/Vivado/2018.3/common/technology/autopilot/hls/hls_video_imgproc.h:1972) automatically.
INFO: [XFORM 203-602] Inlining function 'hls::sr_cast_class<ap_uint<8> >::operator()<20, 20, (ap_q_mode)5, (ap_o_mode)3>' into 'hls::sr_cast<unsigned char, ap_fixed<20, 20, (ap_q_mode)5, (ap_o_mode)3, 0> >' (D:/APP/VIVADO/Vivado/2018.3/common/technology/autopilot/hls/hls_video_types.h:500) automatically.
INFO: [XFORM 203-602] Inlining function 'hls::sr_cast<unsigned char, ap_fixed<20, 20, (ap_q_mode)5, (ap_o_mode)3, 0> >' into 'hls::Filter2D<hls::BORDER_DEFAULT, 0, 0, ap_int<8>, int, 800, 1280, 3, 3>' (D:/APP/VIVADO/Vivado/2018.3/common/technology/autopilot/hls/hls_video_imgproc.h:304->D:/APP/VIVADO/Vivado/2018.3/common/technology/autopilot/hls/hls_video_imgproc.h:514->D:/APP/VIVADO/Vivado/2018.3/common/technology/autopilot/hls/hls_video_imgproc.h:1289) automatically.
INFO: [XFORM 203-602] Inlining function 'hls::Sobel<1, 0, 3, hls::BORDER_DEFAULT, 0, 0, 800, 1280, 800, 1280>' into 'hls::Sobel<1, 0, 3, 0, 0, 800, 1280, 800, 1280>' (D:/APP/VIVADO/Vivado/2018.3/common/technology/autopilot/hls/hls_video_imgproc.h:2627) automatically.
INFO: [XFORM 203-602] Inlining function 'hls::sr_cast_class<ap_uint<8> >::operator()<8>' into 'hls::sr_cast_class<ap_uint<8> >::operator()' (D:/APP/VIVADO/Vivado/2018.3/common/technology/autopilot/hls/hls_video_types.h:432) automatically.
INFO: [XFORM 203-602] Inlining function 'hls::sr_cast_class<ap_uint<8> >::operator()' into 'hls::sr_cast<unsigned char, unsigned char>' (D:/APP/VIVADO/Vivado/2018.3/common/technology/autopilot/hls/hls_video_types.h:500) automatically.
INFO: [XFORM 203-602] Inlining function 'hls::sr_cast<unsigned char, unsigned char>' into 'hls::CvtColor<HLS_GRAY2RGB, 0, 4096, 800, 1280>' (D:/APP/VIVADO/Vivado/2018.3/common/technology/autopilot/hls/hls_video_imgproc.h:1554->D:/APP/VIVADO/Vivado/2018.3/common/technology/autopilot/hls/hls_video_imgproc.h:1972) automatically.
INFO: [XFORM 203-712] Applying dataflow to function 'ov5640_sobel', detected/extracted 6 process function(s): 
	 'Block_Mat.exit49_proc'
	 'hls::AXIvideo2Mat<24, 800, 1280, 4096>'
	 'hls::CvtColor<HLS_RGB2GRAY, 4096, 0, 800, 1280>'
	 'hls::Sobel<1, 0, 3, 0, 0, 800, 1280, 800, 1280>'
	 'hls::CvtColor<HLS_GRAY2RGB, 0, 4096, 800, 1280>'
	 'hls::Mat2AXIvideo<24, 800, 1280, 4096>'.
INFO: [XFORM 203-401] Performing if-conversion on hyperblock from (D:/APP/VIVADO/Vivado/2018.3/common/technology/autopilot/hls/hls_video_imgproc.h:444:57) to (D:/APP/VIVADO/Vivado/2018.3/common/technology/autopilot/hls/hls_video_imgproc.h:465:21) in function 'hls::Filter2D<hls::BORDER_DEFAULT, 0, 0, ap_int<8>, int, 800, 1280, 3, 3>'... converting 13 basic blocks.
INFO: [XFORM 203-401] Performing if-conversion on hyperblock from (D:/APP/VIVADO/Vivado/2018.3/common/technology/autopilot/hls/hls_video_mem.h:165:17) to (D:/APP/VIVADO/Vivado/2018.3/common/technology/autopilot/hls/hls_video_imgproc.h:512:24) in function 'hls::Filter2D<hls::BORDER_DEFAULT, 0, 0, ap_int<8>, int, 800, 1280, 3, 3>'... converting 13 basic blocks.
INFO: [XFORM 203-11] Balancing expressions in function 'hls::Filter2D<hls::BORDER_DEFAULT, 0, 0, ap_int<8>, int, 800, 1280, 3, 3>' (D:/APP/VIVADO/Vivado/2018.3/common/technology/autopilot/hls/hls_video_imgproc.h:1279)...11 expression(s) balanced.
INFO: [HLS 200-111] Finished Pre-synthesis Time (s): cpu = 00:00:04 ; elapsed = 00:00:15 . Memory (MB): peak = 278.441 ; gain = 195.621
WARNING: [XFORM 203-631] Renaming function 'hls::Sobel<1, 0, 3, 0, 0, 800, 1280, 800, 1280>' to 'Sobel' (D:/APP/VIVADO/Vivado/2018.3/common/technology/autopilot/hls/hls_video_imgproc.h:2619:5)
WARNING: [XFORM 203-631] Renaming function 'hls::Mat2AXIvideo<24, 800, 1280, 4096>' to 'Mat2AXIvideo' (D:/APP/VIVADO/Vivado/2018.3/common/technology/autopilot/hls/hls_video_io.h:78:50)
WARNING: [XFORM 203-631] Renaming function 'hls::Filter2D<hls::BORDER_DEFAULT, 0, 0, ap_int<8>, int, 800, 1280, 3, 3>' to 'Filter2D' (D:/APP/VIVADO/Vivado/2018.3/common/technology/autopilot/hls/hls_video_imgproc.h:118:33)
WARNING: [XFORM 203-631] Renaming function 'hls::CvtColor<HLS_RGB2GRAY, 4096, 0, 800, 1280>' to 'CvtColor' (D:/APP/VIVADO/Vivado/2018.3/common/technology/autopilot/hls/hls_video_imgproc.h:409:39)
WARNING: [XFORM 203-631] Renaming function 'hls::CvtColor<HLS_GRAY2RGB, 0, 4096, 800, 1280>' to 'CvtColor.1' (D:/APP/VIVADO/Vivado/2018.3/common/technology/autopilot/hls/hls_video_imgproc.h:672:39)
WARNING: [XFORM 203-631] Renaming function 'hls::AXIvideo2Mat<24, 800, 1280, 4096>' to 'AXIvideo2Mat' (D:/APP/VIVADO/Vivado/2018.3/common/technology/autopilot/hls/hls_video_io.h:49:9)
WARNING: [XFORM 203-631] Renaming function 'Block_Mat.exit49_proc' to 'Block_Mat.exit49_pro' (ov5640_sobel_hls/src/ov5640_sobel.cpp:15)
WARNING: [ANALYSIS 214-52] Found false inter dependency for variable 'k_buf[0].val[3]' (D:/APP/VIVADO/Vivado/2018.3/common/technology/autopilot/hls/hls_video_imgproc.h:400).
WARNING: [ANALYSIS 214-52] Found false inter dependency for variable 'k_buf[0].val[4]' (D:/APP/VIVADO/Vivado/2018.3/common/technology/autopilot/hls/hls_video_imgproc.h:400).
WARNING: [ANALYSIS 214-52] Found false inter dependency for variable 'k_buf[0].val[5]' (D:/APP/VIVADO/Vivado/2018.3/common/technology/autopilot/hls/hls_video_imgproc.h:400).
INFO: [HLS 200-111] Finished Architecture Synthesis Time (s): cpu = 00:00:05 ; elapsed = 00:00:17 . Memory (MB): peak = 357.094 ; gain = 274.273
INFO: [HLS 200-10] Starting hardware synthesis ...
INFO: [HLS 200-10] Synthesizing 'ov5640_sobel' ...
WARNING: [SYN 201-103] Legalizing function name 'Block_Mat.exit49_pro' to 'Block_Mat_exit49_pro'.
WARNING: [SYN 201-103] Legalizing function name 'CvtColor.1' to 'CvtColor_1'.
INFO: [HLS 200-10] ----------------------------------------------------------------
INFO: [HLS 200-42] -- Implementing module 'Block_Mat_exit49_pro' 
INFO: [HLS 200-10] ----------------------------------------------------------------
INFO: [SCHED 204-11] Starting scheduling ...
INFO: [SCHED 204-11] Finished scheduling.
INFO: [HLS 200-111]  Elapsed time: 16.717 seconds; current allocated memory: 297.875 MB.
INFO: [BIND 205-100] Starting micro-architecture generation ...
INFO: [BIND 205-101] Performing variable lifetime analysis.
INFO: [BIND 205-101] Exploring resource sharing.
INFO: [BIND 205-101] Binding ...
INFO: [BIND 205-100] Finished micro-architecture generation.
INFO: [HLS 200-111]  Elapsed time: 0.034 seconds; current allocated memory: 298.019 MB.
INFO: [HLS 200-10] ----------------------------------------------------------------
INFO: [HLS 200-42] -- Implementing module 'AXIvideo2Mat' 
INFO: [HLS 200-10] ----------------------------------------------------------------
INFO: [SCHED 204-11] Starting scheduling ...
INFO: [SCHED 204-61] Pipelining loop 'loop_wait_for_start'.
INFO: [SCHED 204-61] Pipelining result : Target II = 1, Final II = 1, Depth = 1.
INFO: [SCHED 204-61] Pipelining loop 'loop_width'.
INFO: [SCHED 204-61] Pipelining result : Target II = 1, Final II = 1, Depth = 2.
INFO: [SCHED 204-61] Pipelining loop 'loop_wait_for_eol'.
INFO: [SCHED 204-61] Pipelining result : Target II = 1, Final II = 1, Depth = 1.
INFO: [SCHED 204-11] Finished scheduling.
INFO: [HLS 200-111]  Elapsed time: 0.201 seconds; current allocated memory: 298.236 MB.
INFO: [HLS 200-434] Only 3 loops out of a total 4 loops have been pipelined in this design.
INFO: [BIND 205-100] Starting micro-architecture generation ...
INFO: [BIND 205-101] Performing variable lifetime analysis.
INFO: [BIND 205-101] Exploring resource sharing.
INFO: [BIND 205-101] Binding ...
INFO: [BIND 205-100] Finished micro-architecture generation.
INFO: [HLS 200-111]  Elapsed time: 0.06 seconds; current allocated memory: 298.605 MB.
INFO: [HLS 200-10] ----------------------------------------------------------------
INFO: [HLS 200-42] -- Implementing module 'CvtColor' 
INFO: [HLS 200-10] ----------------------------------------------------------------
INFO: [SCHED 204-11] Starting scheduling ...
INFO: [SCHED 204-61] Pipelining loop 'loop_width'.
INFO: [SCHED 204-61] Pipelining result : Target II = 1, Final II = 1, Depth = 3.
INFO: [SCHED 204-11] Finished scheduling.
INFO: [HLS 200-111]  Elapsed time: 0.193 seconds; current allocated memory: 298.830 MB.
INFO: [BIND 205-100] Starting micro-architecture generation ...
INFO: [BIND 205-101] Performing variable lifetime analysis.
INFO: [BIND 205-101] Exploring resource sharing.
INFO: [BIND 205-101] Binding ...
INFO: [BIND 205-100] Finished micro-architecture generation.
INFO: [HLS 200-111]  Elapsed time: 0.054 seconds; current allocated memory: 299.094 MB.
INFO: [HLS 200-10] ----------------------------------------------------------------
INFO: [HLS 200-42] -- Implementing module 'Filter2D' 
INFO: [HLS 200-10] ----------------------------------------------------------------
INFO: [SCHED 204-11] Starting scheduling ...
INFO: [SCHED 204-61] Pipelining loop 'loop_width'.
INFO: [SCHED 204-61] Pipelining result : Target II = 1, Final II = 1, Depth = 2.
INFO: [SCHED 204-11] Finished scheduling.
INFO: [HLS 200-111]  Elapsed time: 0.192 seconds; current allocated memory: 299.805 MB.
INFO: [BIND 205-100] Starting micro-architecture generation ...
INFO: [BIND 205-101] Performing variable lifetime analysis.
INFO: [BIND 205-101] Exploring resource sharing.
INFO: [BIND 205-101] Binding ...
INFO: [BIND 205-100] Finished micro-architecture generation.
INFO: [HLS 200-111]  Elapsed time: 0.129 seconds; current allocated memory: 300.507 MB.
INFO: [HLS 200-10] ----------------------------------------------------------------
INFO: [HLS 200-42] -- Implementing module 'Sobel' 
INFO: [HLS 200-10] ----------------------------------------------------------------
INFO: [SCHED 204-11] Starting scheduling ...
INFO: [SCHED 204-11] Finished scheduling.
INFO: [HLS 200-111]  Elapsed time: 0.243 seconds; current allocated memory: 300.663 MB.
INFO: [BIND 205-100] Starting micro-architecture generation ...
INFO: [BIND 205-101] Performing variable lifetime analysis.
INFO: [BIND 205-101] Exploring resource sharing.
INFO: [BIND 205-101] Binding ...
INFO: [BIND 205-100] Finished micro-architecture generation.
INFO: [HLS 200-111]  Elapsed time: 0.057 seconds; current allocated memory: 300.745 MB.
INFO: [HLS 200-10] ----------------------------------------------------------------
INFO: [HLS 200-42] -- Implementing module 'CvtColor_1' 
INFO: [HLS 200-10] ----------------------------------------------------------------
INFO: [SCHED 204-11] Starting scheduling ...
INFO: [SCHED 204-61] Pipelining loop 'loop_width'.
INFO: [SCHED 204-61] Pipelining result : Target II = 1, Final II = 1, Depth = 2.
INFO: [SCHED 204-11] Finished scheduling.
INFO: [HLS 200-111]  Elapsed time: 0.236 seconds; current allocated memory: 300.949 MB.
INFO: [BIND 205-100] Starting micro-architecture generation ...
INFO: [BIND 205-101] Performing variable lifetime analysis.
INFO: [BIND 205-101] Exploring resource sharing.
INFO: [BIND 205-101] Binding ...
INFO: [BIND 205-100] Finished micro-architecture generation.
INFO: [HLS 200-111]  Elapsed time: 0.049 seconds; current allocated memory: 301.120 MB.
INFO: [HLS 200-10] ----------------------------------------------------------------
INFO: [HLS 200-42] -- Implementing module 'Mat2AXIvideo' 
INFO: [HLS 200-10] ----------------------------------------------------------------
INFO: [SCHED 204-11] Starting scheduling ...
INFO: [SCHED 204-61] Pipelining loop 'loop_width'.
INFO: [SCHED 204-61] Pipelining result : Target II = 1, Final II = 1, Depth = 3.
INFO: [SCHED 204-11] Finished scheduling.
INFO: [HLS 200-111]  Elapsed time: 0.167 seconds; current allocated memory: 301.244 MB.
INFO: [BIND 205-100] Starting micro-architecture generation ...
INFO: [BIND 205-101] Performing variable lifetime analysis.
INFO: [BIND 205-101] Exploring resource sharing.
INFO: [BIND 205-101] Binding ...
INFO: [BIND 205-100] Finished micro-architecture generation.
INFO: [HLS 200-111]  Elapsed time: 0.052 seconds; current allocated memory: 301.506 MB.
INFO: [HLS 200-10] ----------------------------------------------------------------
INFO: [HLS 200-42] -- Implementing module 'ov5640_sobel' 
INFO: [HLS 200-10] ----------------------------------------------------------------
INFO: [SCHED 204-11] Starting scheduling ...
INFO: [SCHED 204-11] Finished scheduling.
INFO: [HLS 200-111]  Elapsed time: 0.067 seconds; current allocated memory: 301.659 MB.
INFO: [BIND 205-100] Starting micro-architecture generation ...
INFO: [BIND 205-101] Performing variable lifetime analysis.
INFO: [BIND 205-101] Exploring resource sharing.
INFO: [BIND 205-101] Binding ...
INFO: [BIND 205-100] Finished micro-architecture generation.
INFO: [HLS 200-111]  Elapsed time: 0.184 seconds; current allocated memory: 302.295 MB.
INFO: [HLS 200-10] ----------------------------------------------------------------
INFO: [HLS 200-10] -- Generating RTL for module 'Block_Mat_exit49_pro' 
INFO: [HLS 200-10] ----------------------------------------------------------------
INFO: [RTGEN 206-100] Finished creating RTL model for 'Block_Mat_exit49_pro'.
INFO: [HLS 200-111]  Elapsed time: 0.144 seconds; current allocated memory: 302.604 MB.
INFO: [HLS 200-10] ----------------------------------------------------------------
INFO: [HLS 200-10] -- Generating RTL for module 'AXIvideo2Mat' 
INFO: [HLS 200-10] ----------------------------------------------------------------
INFO: [RTGEN 206-100] Finished creating RTL model for 'AXIvideo2Mat'.
INFO: [HLS 200-111]  Elapsed time: 0.079 seconds; current allocated memory: 303.635 MB.
INFO: [HLS 200-10] ----------------------------------------------------------------
INFO: [HLS 200-10] -- Generating RTL for module 'CvtColor' 
INFO: [HLS 200-10] ----------------------------------------------------------------
INFO: [SYN 201-210] Renamed object name 'ov5640_sobel_mul_mul_22ns_8ns_29_1_1' to 'ov5640_sobel_mul_bkb' due to the length limit 20
INFO: [SYN 201-210] Renamed object name 'ov5640_sobel_mac_muladd_23ns_8ns_29ns_30_1_1' to 'ov5640_sobel_mac_cud' due to the length limit 20
INFO: [SYN 201-210] Renamed object name 'ov5640_sobel_mac_muladd_20ns_8ns_29ns_29_1_1' to 'ov5640_sobel_mac_dEe' due to the length limit 20
INFO: [RTGEN 206-100] Generating core module 'ov5640_sobel_mac_cud': 1 instance(s).
INFO: [RTGEN 206-100] Generating core module 'ov5640_sobel_mac_dEe': 1 instance(s).
INFO: [RTGEN 206-100] Generating core module 'ov5640_sobel_mul_bkb': 1 instance(s).
INFO: [RTGEN 206-100] Finished creating RTL model for 'CvtColor'.
INFO: [HLS 200-111]  Elapsed time: 0.256 seconds; current allocated memory: 304.083 MB.
INFO: [HLS 200-10] ----------------------------------------------------------------
INFO: [HLS 200-10] -- Generating RTL for module 'Filter2D' 
INFO: [HLS 200-10] ----------------------------------------------------------------
INFO: [SYN 201-210] Renamed object name 'Filter2D_k_buf_0_val_3' to 'Filter2D_k_buf_0_eOg' due to the length limit 20
INFO: [SYN 201-210] Renamed object name 'Filter2D_k_buf_0_val_4' to 'Filter2D_k_buf_0_fYi' due to the length limit 20
INFO: [SYN 201-210] Renamed object name 'Filter2D_k_buf_0_val_5' to 'Filter2D_k_buf_0_g8j' due to the length limit 20
INFO: [SYN 201-210] Renamed object name 'ov5640_sobel_mux_32_8_1_1' to 'ov5640_sobel_mux_hbi' due to the length limit 20
INFO: [RTGEN 206-100] Generating core module 'ov5640_sobel_mux_hbi': 6 instance(s).
INFO: [RTGEN 206-100] Finished creating RTL model for 'Filter2D'.
INFO: [HLS 200-111]  Elapsed time: 0.164 seconds; current allocated memory: 305.388 MB.
INFO: [HLS 200-10] ----------------------------------------------------------------
INFO: [HLS 200-10] -- Generating RTL for module 'Sobel' 
INFO: [HLS 200-10] ----------------------------------------------------------------
INFO: [RTGEN 206-100] Finished creating RTL model for 'Sobel'.
INFO: [HLS 200-111]  Elapsed time: 0.431 seconds; current allocated memory: 306.021 MB.
INFO: [HLS 200-10] ----------------------------------------------------------------
INFO: [HLS 200-10] -- Generating RTL for module 'CvtColor_1' 
INFO: [HLS 200-10] ----------------------------------------------------------------
INFO: [RTGEN 206-100] Finished creating RTL model for 'CvtColor_1'.
INFO: [HLS 200-111]  Elapsed time: 0.142 seconds; current allocated memory: 306.382 MB.
INFO: [HLS 200-10] ----------------------------------------------------------------
INFO: [HLS 200-10] -- Generating RTL for module 'Mat2AXIvideo' 
INFO: [HLS 200-10] ----------------------------------------------------------------
INFO: [RTGEN 206-100] Finished creating RTL model for 'Mat2AXIvideo'.
INFO: [HLS 200-111]  Elapsed time: 0.114 seconds; current allocated memory: 307.220 MB.
INFO: [HLS 200-10] ----------------------------------------------------------------
INFO: [HLS 200-10] -- Generating RTL for module 'ov5640_sobel' 
INFO: [HLS 200-10] ----------------------------------------------------------------
INFO: [RTGEN 206-500] Setting interface mode on port 'ov5640_sobel/INPUT_STREAM_V_data_V' to 'axis' (register, both mode).
INFO: [RTGEN 206-500] Setting interface mode on port 'ov5640_sobel/INPUT_STREAM_V_keep_V' to 'axis' (register, both mode).
INFO: [RTGEN 206-500] Setting interface mode on port 'ov5640_sobel/INPUT_STREAM_V_strb_V' to 'axis' (register, both mode).
INFO: [RTGEN 206-500] Setting interface mode on port 'ov5640_sobel/INPUT_STREAM_V_user_V' to 'axis' (register, both mode).
INFO: [RTGEN 206-500] Setting interface mode on port 'ov5640_sobel/INPUT_STREAM_V_last_V' to 'axis' (register, both mode).
INFO: [RTGEN 206-500] Setting interface mode on port 'ov5640_sobel/INPUT_STREAM_V_id_V' to 'axis' (register, both mode).
INFO: [RTGEN 206-500] Setting interface mode on port 'ov5640_sobel/INPUT_STREAM_V_dest_V' to 'axis' (register, both mode).
INFO: [RTGEN 206-500] Setting interface mode on port 'ov5640_sobel/OUTPUT_STREAM_V_data_V' to 'axis' (register, both mode).
INFO: [RTGEN 206-500] Setting interface mode on port 'ov5640_sobel/OUTPUT_STREAM_V_keep_V' to 'axis' (register, both mode).
INFO: [RTGEN 206-500] Setting interface mode on port 'ov5640_sobel/OUTPUT_STREAM_V_strb_V' to 'axis' (register, both mode).
INFO: [RTGEN 206-500] Setting interface mode on port 'ov5640_sobel/OUTPUT_STREAM_V_user_V' to 'axis' (register, both mode).
INFO: [RTGEN 206-500] Setting interface mode on port 'ov5640_sobel/OUTPUT_STREAM_V_last_V' to 'axis' (register, both mode).
INFO: [RTGEN 206-500] Setting interface mode on port 'ov5640_sobel/OUTPUT_STREAM_V_id_V' to 'axis' (register, both mode).
INFO: [RTGEN 206-500] Setting interface mode on port 'ov5640_sobel/OUTPUT_STREAM_V_dest_V' to 'axis' (register, both mode).
INFO: [RTGEN 206-500] Setting interface mode on port 'ov5640_sobel/rows' to 's_axilite & ap_none'.
INFO: [RTGEN 206-500] Setting interface mode on port 'ov5640_sobel/cols' to 's_axilite & ap_none'.
INFO: [RTGEN 206-500] Setting interface mode on function 'ov5640_sobel' to 'ap_ctrl_none'.
INFO: [RTGEN 206-100] Bundling port 'rows' and 'cols' to AXI-Lite port AXILiteS.
INFO: [SYN 201-210] Renamed object name 'start_for_CvtColor_1_U0' to 'start_for_CvtColoibs' due to the length limit 20
INFO: [SYN 201-210] Renamed object name 'start_for_Mat2AXIvideo_U0' to 'start_for_Mat2AXIjbC' due to the length limit 20
INFO: [SYN 201-210] Renamed object name 'start_for_CvtColor_U0' to 'start_for_CvtColokbM' due to the length limit 20
INFO: [RTGEN 206-100] Finished creating RTL model for 'ov5640_sobel'.
INFO: [HLS 200-111]  Elapsed time: 0.218 seconds; current allocated memory: 308.309 MB.
INFO: [RTMG 210-278] Implementing memory 'Filter2D_k_buf_0_eOg_ram (RAM)' using block RAMs.
INFO: [RTMG 210-285] Implementing FIFO 'img_0_rows_V_c_U(fifo_w32_d2_A)' using Shift Registers.
INFO: [RTMG 210-285] Implementing FIFO 'img_0_cols_V_c_U(fifo_w32_d2_A)' using Shift Registers.
INFO: [RTMG 210-285] Implementing FIFO 'img_1_rows_V_c_U(fifo_w32_d4_A)' using Shift Registers.
INFO: [RTMG 210-285] Implementing FIFO 'img_1_cols_V_c_U(fifo_w32_d4_A)' using Shift Registers.
INFO: [RTMG 210-285] Implementing FIFO 'img_2_rows_V_c_U(fifo_w32_d5_A)' using Shift Registers.
INFO: [RTMG 210-285] Implementing FIFO 'img_2_cols_V_c_U(fifo_w32_d5_A)' using Shift Registers.
INFO: [RTMG 210-285] Implementing FIFO 'img_3_rows_V_c_U(fifo_w32_d6_A)' using Shift Registers.
INFO: [RTMG 210-285] Implementing FIFO 'img_3_cols_V_c_U(fifo_w32_d6_A)' using Shift Registers.
INFO: [RTMG 210-285] Implementing FIFO 'img_0_data_stream_0_U(fifo_w8_d2_A)' using Shift Registers.
INFO: [RTMG 210-285] Implementing FIFO 'img_0_data_stream_1_U(fifo_w8_d2_A)' using Shift Registers.
INFO: [RTMG 210-285] Implementing FIFO 'img_0_data_stream_2_U(fifo_w8_d2_A)' using Shift Registers.
INFO: [RTMG 210-285] Implementing FIFO 'img_0_rows_V_c21_U(fifo_w32_d2_A)' using Shift Registers.
INFO: [RTMG 210-285] Implementing FIFO 'img_0_cols_V_c22_U(fifo_w32_d2_A)' using Shift Registers.
INFO: [RTMG 210-285] Implementing FIFO 'img_1_data_stream_0_U(fifo_w8_d2_A)' using Shift Registers.
INFO: [RTMG 210-285] Implementing FIFO 'img_2_data_stream_0_U(fifo_w8_d2_A)' using Shift Registers.
INFO: [RTMG 210-285] Implementing FIFO 'img_3_data_stream_0_U(fifo_w8_d2_A)' using Shift Registers.
INFO: [RTMG 210-285] Implementing FIFO 'img_3_data_stream_1_U(fifo_w8_d2_A)' using Shift Registers.
INFO: [RTMG 210-285] Implementing FIFO 'img_3_data_stream_2_U(fifo_w8_d2_A)' using Shift Registers.
INFO: [RTMG 210-285] Implementing FIFO 'start_for_Sobel_U0_U(start_for_Sobel_U0)' using Shift Registers.
INFO: [RTMG 210-285] Implementing FIFO 'start_for_CvtColoibs_U(start_for_CvtColoibs)' using Shift Registers.
INFO: [RTMG 210-285] Implementing FIFO 'start_for_Mat2AXIjbC_U(start_for_Mat2AXIjbC)' using Shift Registers.
INFO: [RTMG 210-285] Implementing FIFO 'start_for_CvtColokbM_U(start_for_CvtColokbM)' using Shift Registers.
INFO: [HLS 200-111] Finished generating all RTL models Time (s): cpu = 00:00:08 ; elapsed = 00:00:22 . Memory (MB): peak = 375.699 ; gain = 292.879
INFO: [SYSC 207-301] Generating SystemC RTL for ov5640_sobel.
INFO: [VHDL 208-304] Generating VHDL RTL for ov5640_sobel.
INFO: [VLOG 209-307] Generating Verilog RTL for ov5640_sobel.
INFO: [HLS 200-112] Total elapsed time: 21.864 seconds; peak allocated memory: 308.309 MB.
==============================================================
File generated on Fri Apr 12 14:38:16 +0800 2024
Vivado(TM) HLS - High-Level Synthesis from C, C++ and SystemC v2018.3 (64-bit)
SW Build 2405991 on Thu Dec  6 23:38:27 MST 2018
IP Build 2404404 on Fri Dec  7 01:43:56 MST 2018
Copyright 1986-2018 Xilinx, Inc. All Rights Reserved.
==============================================================
INFO: [SYN 201-201] Setting up clock 'default' with a period of 20ns.
INFO: [HLS 200-10] Setting target device to 'xc7z020clg400-2'
INFO: [IMPL 213-8] Exporting RTL as a Vivado IP.
