

================================================================
== Vivado HLS Report for 'CvtColor'
================================================================
* Date:           Fri Apr 12 14:33:43 2024

* Version:        2018.3 (Build 2405991 on Thu Dec 06 23:56:15 MST 2018)
* Project:        ov5640_sobel_hls
* Solution:       solution1
* Product family: zynq
* Target device:  xc7z020clg400-2


================================================================
== Performance Estimates
================================================================
+ Timing (ns): 
    * Summary: 
    +--------+-------+----------+------------+
    |  Clock | Target| Estimated| Uncertainty|
    +--------+-------+----------+------------+
    |ap_clk  |  20.00|    16.517|        2.50|
    +--------+-------+----------+------------+

+ Latency (clock cycles): 
    * Summary: 
    +-----+---------+-----+---------+---------+
    |    Latency    |    Interval   | Pipeline|
    | min |   max   | min |   max   |   Type  |
    +-----+---------+-----+---------+---------+
    |    1|  1027201|    1|  1027201|   none  |
    +-----+---------+-----+---------+---------+

    + Detail: 
        * Instance: 
        N/A

        * Loop: 
        +---------------+-----+---------+----------+-----------+-----------+----------+----------+
        |               |    Latency    | Iteration|  Initiation Interval  |   Trip   |          |
        |   Loop Name   | min |   max   |  Latency |  achieved |   target  |   Count  | Pipelined|
        +---------------+-----+---------+----------+-----------+-----------+----------+----------+
        |- loop_height  |    0|  1027200| 3 ~ 1284 |          -|          -|  0 ~ 800 |    no    |
        | + loop_width  |    0|     1281|         3|          1|          1| 0 ~ 1280 |    yes   |
        +---------------+-----+---------+----------+-----------+-----------+----------+----------+



================================================================
== Utilization Estimates
================================================================
* Summary: 
+-----------------+---------+-------+--------+-------+
|       Name      | BRAM_18K| DSP48E|   FF   |  LUT  |
+-----------------+---------+-------+--------+-------+
|DSP              |        -|      3|       -|      -|
|Expression       |        -|      -|       0|    113|
|FIFO             |        -|      -|       -|      -|
|Instance         |        -|      -|       -|      -|
|Memory           |        -|      -|       -|      -|
|Multiplexer      |        -|      -|       -|     37|
|Register         |        -|      -|     175|      -|
+-----------------+---------+-------+--------+-------+
|Total            |        0|      3|     175|    150|
+-----------------+---------+-------+--------+-------+
|Available        |      280|    220|  106400|  53200|
+-----------------+---------+-------+--------+-------+
|Utilization (%)  |        0|      1|   ~0   |   ~0  |
+-----------------+---------+-------+--------+-------+

+ Detail: 
    * Instance: 
    N/A

    * DSP48: 
    +--------------------------+----------------------+--------------+
    |         Instance         |        Module        |  Expression  |
    +--------------------------+----------------------+--------------+
    |ov5640_sobel_mac_cud_U26  |ov5640_sobel_mac_cud  | i0 + i1 * i2 |
    |ov5640_sobel_mac_dEe_U27  |ov5640_sobel_mac_dEe  | i0 * i1 + i2 |
    |ov5640_sobel_mul_bkb_U25  |ov5640_sobel_mul_bkb  |    i0 * i1   |
    +--------------------------+----------------------+--------------+

    * Memory: 
    N/A

    * FIFO: 
    N/A

    * Expression: 
    +----------------------------------+----------+-------+---+----+------------+------------+
    |           Variable Name          | Operation| DSP48E| FF| LUT| Bitwidth P0| Bitwidth P1|
    +----------------------------------+----------+-------+---+----+------------+------------+
    |i_fu_226_p2                       |     +    |      0|  0|  31|          31|           1|
    |j_fu_241_p2                       |     +    |      0|  0|  31|          31|           1|
    |p_Val2_7_fu_282_p2                |     +    |      0|  0|   8|           8|           8|
    |ap_block_state5_pp0_stage0_iter2  |    and   |      0|  0|   1|           1|           1|
    |tmp_23_i_fu_236_p2                |   icmp   |      0|  0|  12|          32|          32|
    |tmp_i_fu_221_p2                   |   icmp   |      0|  0|  12|          32|          32|
    |ap_block_pp0_stage0_01001         |    or    |      0|  0|   1|           1|           1|
    |ap_block_state1                   |    or    |      0|  0|   1|           1|           1|
    |ap_block_state4_pp0_stage0_iter1  |    or    |      0|  0|   1|           1|           1|
    |deleted_zeros_fu_309_p2           |    or    |      0|  0|   1|           1|           1|
    |p_Val2_s_fu_315_p3                |  select  |      0|  0|   8|           1|           8|
    |ap_enable_pp0                     |    xor   |      0|  0|   2|           1|           2|
    |ap_enable_reg_pp0_iter1           |    xor   |      0|  0|   2|           2|           1|
    |rev_fu_295_p2                     |    xor   |      0|  0|   2|           1|           2|
    +----------------------------------+----------+-------+---+----+------------+------------+
    |Total                             |          |      0|  0| 113|         144|          92|
    +----------------------------------+----------+-------+---+----+------------+------------+

    * Multiplexer: 
    +-----------------------------+----+-----------+-----+-----------+
    |             Name            | LUT| Input Size| Bits| Total Bits|
    +-----------------------------+----+-----------+-----+-----------+
    |ap_NS_fsm                    |   4|          5|    1|          5|
    |ap_done                      |   3|          2|    1|          2|
    |ap_enable_reg_pp0_iter1      |   3|          2|    1|          2|
    |ap_enable_reg_pp0_iter2      |   3|          2|    1|          2|
    |i_i_reg_195                  |   3|          2|   31|         62|
    |j_i_reg_206                  |   3|          2|   31|         62|
    |p_dst_data_stream_V_blk_n    |   3|          2|    1|          2|
    |p_src_cols_V_blk_n           |   3|          2|    1|          2|
    |p_src_data_stream_0_V_blk_n  |   3|          2|    1|          2|
    |p_src_data_stream_1_V_blk_n  |   3|          2|    1|          2|
    |p_src_data_stream_2_V_blk_n  |   3|          2|    1|          2|
    |p_src_rows_V_blk_n           |   3|          2|    1|          2|
    +-----------------------------+----+-----------+-----+-----------+
    |Total                        |  37|         27|   72|        147|
    +-----------------------------+----+-----------+-----+-----------+

    * Register: 
    +--------------------------------+----+----+-----+-----------+
    |              Name              | FF | LUT| Bits| Const Bits|
    +--------------------------------+----+----+-----+-----------+
    |ap_CS_fsm                       |   4|   0|    4|          0|
    |ap_done_reg                     |   1|   0|    1|          0|
    |ap_enable_reg_pp0_iter0         |   1|   0|    1|          0|
    |ap_enable_reg_pp0_iter1         |   1|   0|    1|          0|
    |ap_enable_reg_pp0_iter2         |   1|   0|    1|          0|
    |cols_reg_349                    |  32|   0|   32|          0|
    |i_i_reg_195                     |  31|   0|   31|          0|
    |i_reg_363                       |  31|   0|   31|          0|
    |j_i_reg_206                     |  31|   0|   31|          0|
    |p_Val2_s_reg_377                |   8|   0|    8|          0|
    |rows_reg_354                    |  32|   0|   32|          0|
    |tmp_23_i_reg_368                |   1|   0|    1|          0|
    |tmp_23_i_reg_368_pp0_iter1_reg  |   1|   0|    1|          0|
    +--------------------------------+----+----+-----+-----------+
    |Total                           | 175|   0|  175|          0|
    +--------------------------------+----+----+-----+-----------+



================================================================
== Interface
================================================================
* Summary: 
+-------------------------------+-----+-----+------------+-----------------------+--------------+
|           RTL Ports           | Dir | Bits|  Protocol  |     Source Object     |    C Type    |
+-------------------------------+-----+-----+------------+-----------------------+--------------+
|ap_clk                         |  in |    1| ap_ctrl_hs |        CvtColor       | return value |
|ap_rst                         |  in |    1| ap_ctrl_hs |        CvtColor       | return value |
|ap_start                       |  in |    1| ap_ctrl_hs |        CvtColor       | return value |
|ap_done                        | out |    1| ap_ctrl_hs |        CvtColor       | return value |
|ap_continue                    |  in |    1| ap_ctrl_hs |        CvtColor       | return value |
|ap_idle                        | out |    1| ap_ctrl_hs |        CvtColor       | return value |
|ap_ready                       | out |    1| ap_ctrl_hs |        CvtColor       | return value |
|p_src_rows_V_dout              |  in |   32|   ap_fifo  |      p_src_rows_V     |    pointer   |
|p_src_rows_V_empty_n           |  in |    1|   ap_fifo  |      p_src_rows_V     |    pointer   |
|p_src_rows_V_read              | out |    1|   ap_fifo  |      p_src_rows_V     |    pointer   |
|p_src_cols_V_dout              |  in |   32|   ap_fifo  |      p_src_cols_V     |    pointer   |
|p_src_cols_V_empty_n           |  in |    1|   ap_fifo  |      p_src_cols_V     |    pointer   |
|p_src_cols_V_read              | out |    1|   ap_fifo  |      p_src_cols_V     |    pointer   |
|p_src_data_stream_0_V_dout     |  in |    8|   ap_fifo  | p_src_data_stream_0_V |    pointer   |
|p_src_data_stream_0_V_empty_n  |  in |    1|   ap_fifo  | p_src_data_stream_0_V |    pointer   |
|p_src_data_stream_0_V_read     | out |    1|   ap_fifo  | p_src_data_stream_0_V |    pointer   |
|p_src_data_stream_1_V_dout     |  in |    8|   ap_fifo  | p_src_data_stream_1_V |    pointer   |
|p_src_data_stream_1_V_empty_n  |  in |    1|   ap_fifo  | p_src_data_stream_1_V |    pointer   |
|p_src_data_stream_1_V_read     | out |    1|   ap_fifo  | p_src_data_stream_1_V |    pointer   |
|p_src_data_stream_2_V_dout     |  in |    8|   ap_fifo  | p_src_data_stream_2_V |    pointer   |
|p_src_data_stream_2_V_empty_n  |  in |    1|   ap_fifo  | p_src_data_stream_2_V |    pointer   |
|p_src_data_stream_2_V_read     | out |    1|   ap_fifo  | p_src_data_stream_2_V |    pointer   |
|p_dst_data_stream_V_din        | out |    8|   ap_fifo  |  p_dst_data_stream_V  |    pointer   |
|p_dst_data_stream_V_full_n     |  in |    1|   ap_fifo  |  p_dst_data_stream_V  |    pointer   |
|p_dst_data_stream_V_write      | out |    1|   ap_fifo  |  p_dst_data_stream_V  |    pointer   |
+-------------------------------+-----+-----+------------+-----------------------+--------------+

============================================================
+ Verbose Summary: Synthesis Manager
============================================================
InlineROM: 1
ExposeGlobal: 0
============================================================
+ Verbose Summary: CDFG Model
============================================================
IsTopModel: 0
ResetActiveHigh: 1
IsCombinational: 2
IsDatapathOnly: 0
HasWiredReturn: 1
HasMFsm: 0
HasVarLatency: 1
IsPipeline: 0
IsRtlPipelined: 0
IsInstanceOverlapped: 0
IsDontTouch: 0
HasImplIP: 0
IsGatedGlobalClock: 0

+ Individual pipeline summary: 
  * Pipeline-0: initiation interval (II) = 1, depth = 3


============================================================
+ Verbose Summary: Schedule
============================================================
* Number of FSM states : 6
* Pipeline : 1
  Pipeline-0 : II = 1, D = 3, States = { 3 4 5 }
* Dataflow Pipeline: 0

* FSM state transitions: 
1 --> 
	2  / true
2 --> 
	3  / (tmp_i)
3 --> 
	6  / (!tmp_23_i)
	4  / (tmp_23_i)
4 --> 
	5  / true
5 --> 
	3  / true
6 --> 
	2  / true

* FSM state operations: 

State 1 <SV = 0> <Delay = 3.40>
ST_1 : Operation 7 [1/1] (0.00ns)   --->   "call void (...)* @_ssdm_op_SpecInterface(i8* %p_dst_data_stream_V, [8 x i8]* @ap_fifo_str, i32 0, i32 0, [1 x i8]* @p_str129, i32 0, i32 0, [1 x i8]* @p_str130, [1 x i8]* @p_str131, [1 x i8]* @p_str132, i32 2, i32 2, i32 16, i32 16, [1 x i8]* @p_str133, [1 x i8]* @p_str134)"   --->   Operation 7 'specinterface' <Predicate = true> <Delay = 0.00>
ST_1 : Operation 8 [1/1] (0.00ns)   --->   "call void (...)* @_ssdm_op_SpecInterface(i8* %p_src_data_stream_2_V, [8 x i8]* @ap_fifo_str, i32 0, i32 0, [1 x i8]* @p_str122, i32 0, i32 0, [1 x i8]* @p_str123, [1 x i8]* @p_str124, [1 x i8]* @p_str125, i32 2, i32 2, i32 16, i32 16, [1 x i8]* @p_str126, [1 x i8]* @p_str127)"   --->   Operation 8 'specinterface' <Predicate = true> <Delay = 0.00>
ST_1 : Operation 9 [1/1] (0.00ns)   --->   "call void (...)* @_ssdm_op_SpecInterface(i8* %p_src_data_stream_1_V, [8 x i8]* @ap_fifo_str, i32 0, i32 0, [1 x i8]* @p_str115, i32 0, i32 0, [1 x i8]* @p_str116, [1 x i8]* @p_str117, [1 x i8]* @p_str118, i32 2, i32 2, i32 16, i32 16, [1 x i8]* @p_str119, [1 x i8]* @p_str120)"   --->   Operation 9 'specinterface' <Predicate = true> <Delay = 0.00>
ST_1 : Operation 10 [1/1] (0.00ns)   --->   "call void (...)* @_ssdm_op_SpecInterface(i8* %p_src_data_stream_0_V, [8 x i8]* @ap_fifo_str, i32 0, i32 0, [1 x i8]* @p_str108, i32 0, i32 0, [1 x i8]* @p_str109, [1 x i8]* @p_str110, [1 x i8]* @p_str111, i32 2, i32 2, i32 16, i32 16, [1 x i8]* @p_str112, [1 x i8]* @p_str113)"   --->   Operation 10 'specinterface' <Predicate = true> <Delay = 0.00>
ST_1 : Operation 11 [1/1] (0.00ns)   --->   "call void (...)* @_ssdm_op_SpecInterface(i32* %p_src_rows_V, [8 x i8]* @ap_fifo_str, i32 0, i32 0, [1 x i8]* @p_str304, i32 0, i32 0, [1 x i8]* @p_str305, [1 x i8]* @p_str306, [1 x i8]* @p_str307, i32 2, i32 2, i32 16, i32 16, [1 x i8]* @p_str308, [11 x i8]* @ScalarProp_str)"   --->   Operation 11 'specinterface' <Predicate = true> <Delay = 0.00>
ST_1 : Operation 12 [1/1] (0.00ns)   --->   "call void (...)* @_ssdm_op_SpecInterface(i32* %p_src_cols_V, [8 x i8]* @ap_fifo_str, i32 0, i32 0, [1 x i8]* @p_str309, i32 0, i32 0, [1 x i8]* @p_str310, [1 x i8]* @p_str311, [1 x i8]* @p_str312, i32 2, i32 2, i32 16, i32 16, [1 x i8]* @p_str313, [11 x i8]* @ScalarProp_str)"   --->   Operation 12 'specinterface' <Predicate = true> <Delay = 0.00>
ST_1 : Operation 13 [1/1] (3.40ns)   --->   "%cols = call i32 @_ssdm_op_Read.ap_fifo.i32P(i32* %p_src_cols_V)" [D:/APP/VIVADO/Vivado/2018.3/common/technology/autopilot/hls/hls_video_imgproc.h:1961]   --->   Operation 13 'read' 'cols' <Predicate = true> <Delay = 3.40> <Core = "FIFO">   --->   Core 32 'FIFO' <Latency = 0> <II = 1> <Delay = 3.40> <Storage> <Opcode : 'read' 'write' 'nbread' 'nbwrite'> <Ports = 0> <Width = 32> <Depth = 2> <FIFO>
ST_1 : Operation 14 [1/1] (3.40ns)   --->   "%rows = call i32 @_ssdm_op_Read.ap_fifo.i32P(i32* %p_src_rows_V)" [D:/APP/VIVADO/Vivado/2018.3/common/technology/autopilot/hls/hls_video_imgproc.h:1962]   --->   Operation 14 'read' 'rows' <Predicate = true> <Delay = 3.40> <Core = "FIFO">   --->   Core 32 'FIFO' <Latency = 0> <II = 1> <Delay = 3.40> <Storage> <Opcode : 'read' 'write' 'nbread' 'nbwrite'> <Ports = 0> <Width = 32> <Depth = 2> <FIFO>
ST_1 : Operation 15 [1/1] (0.46ns)   --->   "br label %0" [D:/APP/VIVADO/Vivado/2018.3/common/technology/autopilot/hls/hls_video_imgproc.h:1967]   --->   Operation 15 'br' <Predicate = true> <Delay = 0.46>

State 2 <SV = 1> <Delay = 2.76>
ST_2 : Operation 16 [1/1] (0.00ns)   --->   "%i_i = phi i31 [ 0, %entry ], [ %i, %3 ]"   --->   Operation 16 'phi' 'i_i' <Predicate = true> <Delay = 0.00>
ST_2 : Operation 17 [1/1] (0.00ns)   --->   "%i_cast_i = zext i31 %i_i to i32" [D:/APP/VIVADO/Vivado/2018.3/common/technology/autopilot/hls/hls_video_imgproc.h:1967]   --->   Operation 17 'zext' 'i_cast_i' <Predicate = true> <Delay = 0.00>
ST_2 : Operation 18 [1/1] (1.96ns)   --->   "%tmp_i = icmp slt i32 %i_cast_i, %rows" [D:/APP/VIVADO/Vivado/2018.3/common/technology/autopilot/hls/hls_video_imgproc.h:1967]   --->   Operation 18 'icmp' 'tmp_i' <Predicate = true> <Delay = 1.96> <Core = "Cmp">   --->   Core 25 'Cmp' <Latency = 0> <II = 1> <Delay = 1.96> <FuncUnit> <Opcode : 'icmp'> <InPorts = 2> <OutPorts = 1>
ST_2 : Operation 19 [1/1] (0.00ns)   --->   "call void (...)* @_ssdm_op_SpecLoopTripCount(i64 0, i64 800, i64 0)"   --->   Operation 19 'speclooptripcount' <Predicate = true> <Delay = 0.00>
ST_2 : Operation 20 [1/1] (1.87ns)   --->   "%i = add i31 %i_i, 1" [D:/APP/VIVADO/Vivado/2018.3/common/technology/autopilot/hls/hls_video_imgproc.h:1967]   --->   Operation 20 'add' 'i' <Predicate = true> <Delay = 1.87> <Core = "AddSub">   --->   Core 14 'AddSub' <Latency = 0> <II = 1> <Delay = 1.30> <FuncUnit> <Opcode : 'add' 'sub'> <InPorts = 2> <OutPorts = 1>
ST_2 : Operation 21 [1/1] (0.00ns)   --->   "br i1 %tmp_i, label %1, label %.exit" [D:/APP/VIVADO/Vivado/2018.3/common/technology/autopilot/hls/hls_video_imgproc.h:1967]   --->   Operation 21 'br' <Predicate = true> <Delay = 0.00>
ST_2 : Operation 22 [1/1] (0.00ns)   --->   "call void (...)* @_ssdm_op_SpecLoopName([12 x i8]* @p_str9) nounwind" [D:/APP/VIVADO/Vivado/2018.3/common/technology/autopilot/hls/hls_video_imgproc.h:1967]   --->   Operation 22 'specloopname' <Predicate = (tmp_i)> <Delay = 0.00>
ST_2 : Operation 23 [1/1] (0.00ns)   --->   "%tmp_i_69 = call i32 (...)* @_ssdm_op_SpecRegionBegin([12 x i8]* @p_str9)" [D:/APP/VIVADO/Vivado/2018.3/common/technology/autopilot/hls/hls_video_imgproc.h:1967]   --->   Operation 23 'specregionbegin' 'tmp_i_69' <Predicate = (tmp_i)> <Delay = 0.00>
ST_2 : Operation 24 [1/1] (0.46ns)   --->   "br label %2" [D:/APP/VIVADO/Vivado/2018.3/common/technology/autopilot/hls/hls_video_imgproc.h:1968]   --->   Operation 24 'br' <Predicate = (tmp_i)> <Delay = 0.46>
ST_2 : Operation 25 [1/1] (0.00ns)   --->   "ret void"   --->   Operation 25 'ret' <Predicate = (!tmp_i)> <Delay = 0.00>

State 3 <SV = 2> <Delay = 1.96>
ST_3 : Operation 26 [1/1] (0.00ns)   --->   "%j_i = phi i31 [ 0, %1 ], [ %j, %"operator>>.exit.i" ]"   --->   Operation 26 'phi' 'j_i' <Predicate = true> <Delay = 0.00>
ST_3 : Operation 27 [1/1] (0.00ns)   --->   "%j_cast_i = zext i31 %j_i to i32" [D:/APP/VIVADO/Vivado/2018.3/common/technology/autopilot/hls/hls_video_imgproc.h:1968]   --->   Operation 27 'zext' 'j_cast_i' <Predicate = true> <Delay = 0.00>
ST_3 : Operation 28 [1/1] (1.96ns)   --->   "%tmp_23_i = icmp slt i32 %j_cast_i, %cols" [D:/APP/VIVADO/Vivado/2018.3/common/technology/autopilot/hls/hls_video_imgproc.h:1968]   --->   Operation 28 'icmp' 'tmp_23_i' <Predicate = true> <Delay = 1.96> <Core = "Cmp">   --->   Core 25 'Cmp' <Latency = 0> <II = 1> <Delay = 1.96> <FuncUnit> <Opcode : 'icmp'> <InPorts = 2> <OutPorts = 1>
ST_3 : Operation 29 [1/1] (0.00ns)   --->   "call void (...)* @_ssdm_op_SpecLoopTripCount(i64 0, i64 1280, i64 0)"   --->   Operation 29 'speclooptripcount' <Predicate = true> <Delay = 0.00>
ST_3 : Operation 30 [1/1] (1.87ns)   --->   "%j = add i31 %j_i, 1" [D:/APP/VIVADO/Vivado/2018.3/common/technology/autopilot/hls/hls_video_imgproc.h:1968]   --->   Operation 30 'add' 'j' <Predicate = true> <Delay = 1.87> <Core = "AddSub">   --->   Core 14 'AddSub' <Latency = 0> <II = 1> <Delay = 1.30> <FuncUnit> <Opcode : 'add' 'sub'> <InPorts = 2> <OutPorts = 1>
ST_3 : Operation 31 [1/1] (0.00ns)   --->   "br i1 %tmp_23_i, label %"operator>>.exit.i", label %3" [D:/APP/VIVADO/Vivado/2018.3/common/technology/autopilot/hls/hls_video_imgproc.h:1968]   --->   Operation 31 'br' <Predicate = true> <Delay = 0.00>

State 4 <SV = 3> <Delay = 16.5>
ST_4 : Operation 32 [1/1] (0.00ns)   --->   "%tmp_25_i = call i32 (...)* @_ssdm_op_SpecRegionBegin([12 x i8]* @p_str14)" [D:/APP/VIVADO/Vivado/2018.3/common/technology/autopilot/hls/hls_video_core.h:672->D:/APP/VIVADO/Vivado/2018.3/common/technology/autopilot/hls/hls_video_core.h:711->D:/APP/VIVADO/Vivado/2018.3/common/technology/autopilot/hls/hls_video_imgproc.h:1971]   --->   Operation 32 'specregionbegin' 'tmp_25_i' <Predicate = (tmp_23_i)> <Delay = 0.00>
ST_4 : Operation 33 [1/1] (0.00ns)   --->   "call void (...)* @_ssdm_op_SpecProtocol(i32 0, [1 x i8]* @p_str2) nounwind" [D:/APP/VIVADO/Vivado/2018.3/common/technology/autopilot/hls/hls_video_core.h:676->D:/APP/VIVADO/Vivado/2018.3/common/technology/autopilot/hls/hls_video_core.h:711->D:/APP/VIVADO/Vivado/2018.3/common/technology/autopilot/hls/hls_video_imgproc.h:1971]   --->   Operation 33 'specprotocol' <Predicate = (tmp_23_i)> <Delay = 0.00>
ST_4 : Operation 34 [1/1] (3.40ns)   --->   "%tmp_50 = call i8 @_ssdm_op_Read.ap_fifo.volatile.i8P(i8* %p_src_data_stream_0_V)" [D:/APP/VIVADO/Vivado/2018.3/common/technology/autopilot/hls/hls_video_core.h:679->D:/APP/VIVADO/Vivado/2018.3/common/technology/autopilot/hls/hls_video_core.h:711->D:/APP/VIVADO/Vivado/2018.3/common/technology/autopilot/hls/hls_video_imgproc.h:1971]   --->   Operation 34 'read' 'tmp_50' <Predicate = (tmp_23_i)> <Delay = 3.40> <Core = "FIFO">   --->   Core 32 'FIFO' <Latency = 0> <II = 1> <Delay = 3.40> <Storage> <Opcode : 'read' 'write' 'nbread' 'nbwrite'> <Ports = 0> <Width = 32> <Depth = 2> <FIFO>
ST_4 : Operation 35 [1/1] (3.40ns)   --->   "%tmp_51 = call i8 @_ssdm_op_Read.ap_fifo.volatile.i8P(i8* %p_src_data_stream_1_V)" [D:/APP/VIVADO/Vivado/2018.3/common/technology/autopilot/hls/hls_video_core.h:679->D:/APP/VIVADO/Vivado/2018.3/common/technology/autopilot/hls/hls_video_core.h:711->D:/APP/VIVADO/Vivado/2018.3/common/technology/autopilot/hls/hls_video_imgproc.h:1971]   --->   Operation 35 'read' 'tmp_51' <Predicate = (tmp_23_i)> <Delay = 3.40> <Core = "FIFO">   --->   Core 32 'FIFO' <Latency = 0> <II = 1> <Delay = 3.40> <Storage> <Opcode : 'read' 'write' 'nbread' 'nbwrite'> <Ports = 0> <Width = 32> <Depth = 2> <FIFO>
ST_4 : Operation 36 [1/1] (3.40ns)   --->   "%tmp_52 = call i8 @_ssdm_op_Read.ap_fifo.volatile.i8P(i8* %p_src_data_stream_2_V)" [D:/APP/VIVADO/Vivado/2018.3/common/technology/autopilot/hls/hls_video_core.h:679->D:/APP/VIVADO/Vivado/2018.3/common/technology/autopilot/hls/hls_video_core.h:711->D:/APP/VIVADO/Vivado/2018.3/common/technology/autopilot/hls/hls_video_imgproc.h:1971]   --->   Operation 36 'read' 'tmp_52' <Predicate = (tmp_23_i)> <Delay = 3.40> <Core = "FIFO">   --->   Core 32 'FIFO' <Latency = 0> <II = 1> <Delay = 3.40> <Storage> <Opcode : 'read' 'write' 'nbread' 'nbwrite'> <Ports = 0> <Width = 32> <Depth = 2> <FIFO>
ST_4 : Operation 37 [1/1] (0.00ns)   --->   "%empty = call i32 (...)* @_ssdm_op_SpecRegionEnd([12 x i8]* @p_str14, i32 %tmp_25_i)" [D:/APP/VIVADO/Vivado/2018.3/common/technology/autopilot/hls/hls_video_core.h:681->D:/APP/VIVADO/Vivado/2018.3/common/technology/autopilot/hls/hls_video_core.h:711->D:/APP/VIVADO/Vivado/2018.3/common/technology/autopilot/hls/hls_video_imgproc.h:1971]   --->   Operation 37 'specregionend' 'empty' <Predicate = (tmp_23_i)> <Delay = 0.00>
ST_4 : Operation 38 [1/1] (0.00ns)   --->   "%tmp_i_cast_i = zext i8 %tmp_50 to i29" [D:/APP/VIVADO/Vivado/2018.3/common/technology/autopilot/hls/hls_video_imgproc.h:1497->D:/APP/VIVADO/Vivado/2018.3/common/technology/autopilot/hls/hls_video_imgproc.h:1545->D:/APP/VIVADO/Vivado/2018.3/common/technology/autopilot/hls/hls_video_imgproc.h:1972]   --->   Operation 38 'zext' 'tmp_i_cast_i' <Predicate = (tmp_23_i)> <Delay = 0.00>
ST_4 : Operation 39 [1/1] (5.55ns) (root node of the DSP)   --->   "%r_V_i_i = mul i29 1254096, %tmp_i_cast_i" [D:/APP/VIVADO/Vivado/2018.3/common/technology/autopilot/hls/hls_video_imgproc.h:1497->D:/APP/VIVADO/Vivado/2018.3/common/technology/autopilot/hls/hls_video_imgproc.h:1545->D:/APP/VIVADO/Vivado/2018.3/common/technology/autopilot/hls/hls_video_imgproc.h:1972]   --->   Operation 39 'mul' 'r_V_i_i' <Predicate = (tmp_23_i)> <Delay = 5.55> <Core = "DSP48">   --->   Core 65 'DSP48' <Latency = 4> <II = 1> <Delay = 1.72> <IPBlock> <Opcode : 'mul' 'add' 'sub' 'select'> <InPorts = 0> <OutPorts = 1> <Sync> <CReg>
ST_4 : Operation 40 [1/1] (0.00ns)   --->   "%tmp_i_cast_i_70 = zext i8 %tmp_51 to i30" [D:/APP/VIVADO/Vivado/2018.3/common/technology/autopilot/hls/hls_video_imgproc.h:1497->D:/APP/VIVADO/Vivado/2018.3/common/technology/autopilot/hls/hls_video_imgproc.h:1545->D:/APP/VIVADO/Vivado/2018.3/common/technology/autopilot/hls/hls_video_imgproc.h:1972]   --->   Operation 40 'zext' 'tmp_i_cast_i_70' <Predicate = (tmp_23_i)> <Delay = 0.00>
ST_4 : Operation 41 [1/1] (2.82ns) (grouped into DSP with root node ret_V_1)   --->   "%r_V_3_i_i = mul i30 2462056, %tmp_i_cast_i_70" [D:/APP/VIVADO/Vivado/2018.3/common/technology/autopilot/hls/hls_video_imgproc.h:1497->D:/APP/VIVADO/Vivado/2018.3/common/technology/autopilot/hls/hls_video_imgproc.h:1545->D:/APP/VIVADO/Vivado/2018.3/common/technology/autopilot/hls/hls_video_imgproc.h:1972]   --->   Operation 41 'mul' 'r_V_3_i_i' <Predicate = (tmp_23_i)> <Delay = 2.82> <Core = "DSP48">   --->   Core 65 'DSP48' <Latency = 4> <II = 1> <Delay = 1.72> <IPBlock> <Opcode : 'mul' 'add' 'sub' 'select'> <InPorts = 0> <OutPorts = 1> <Sync> <CReg>
ST_4 : Operation 42 [1/1] (0.00ns)   --->   "%tmp_1_i_cast_i = zext i8 %tmp_52 to i28" [D:/APP/VIVADO/Vivado/2018.3/common/technology/autopilot/hls/hls_video_imgproc.h:1495->D:/APP/VIVADO/Vivado/2018.3/common/technology/autopilot/hls/hls_video_imgproc.h:1545->D:/APP/VIVADO/Vivado/2018.3/common/technology/autopilot/hls/hls_video_imgproc.h:1972]   --->   Operation 42 'zext' 'tmp_1_i_cast_i' <Predicate = (tmp_23_i)> <Delay = 0.00>
ST_4 : Operation 43 [1/1] (2.82ns) (grouped into DSP with root node ret_V)   --->   "%r_V = mul i28 478150, %tmp_1_i_cast_i" [D:/APP/VIVADO/Vivado/2018.3/common/technology/autopilot/hls/hls_video_imgproc.h:1495->D:/APP/VIVADO/Vivado/2018.3/common/technology/autopilot/hls/hls_video_imgproc.h:1545->D:/APP/VIVADO/Vivado/2018.3/common/technology/autopilot/hls/hls_video_imgproc.h:1972]   --->   Operation 43 'mul' 'r_V' <Predicate = (tmp_23_i)> <Delay = 2.82> <Core = "DSP48">   --->   Core 65 'DSP48' <Latency = 4> <II = 1> <Delay = 1.72> <IPBlock> <Opcode : 'mul' 'add' 'sub' 'select'> <InPorts = 0> <OutPorts = 1> <Sync> <CReg>
ST_4 : Operation 44 [1/1] (0.00ns) (grouped into DSP with root node ret_V)   --->   "%rhs_V_i_cast_i = zext i28 %r_V to i29" [D:/APP/VIVADO/Vivado/2018.3/common/technology/autopilot/hls/hls_video_imgproc.h:1497->D:/APP/VIVADO/Vivado/2018.3/common/technology/autopilot/hls/hls_video_imgproc.h:1545->D:/APP/VIVADO/Vivado/2018.3/common/technology/autopilot/hls/hls_video_imgproc.h:1972]   --->   Operation 44 'zext' 'rhs_V_i_cast_i' <Predicate = (tmp_23_i)> <Delay = 0.00>
ST_4 : Operation 45 [1/1] (2.73ns) (root node of the DSP)   --->   "%ret_V = add i29 %rhs_V_i_cast_i, %r_V_i_i" [D:/APP/VIVADO/Vivado/2018.3/common/technology/autopilot/hls/hls_video_imgproc.h:1497->D:/APP/VIVADO/Vivado/2018.3/common/technology/autopilot/hls/hls_video_imgproc.h:1545->D:/APP/VIVADO/Vivado/2018.3/common/technology/autopilot/hls/hls_video_imgproc.h:1972]   --->   Operation 45 'add' 'ret_V' <Predicate = (tmp_23_i)> <Delay = 2.73> <Core = "DSP48">   --->   Core 65 'DSP48' <Latency = 4> <II = 1> <Delay = 1.72> <IPBlock> <Opcode : 'mul' 'add' 'sub' 'select'> <InPorts = 0> <OutPorts = 1> <Sync> <CReg>
ST_4 : Operation 46 [1/1] (0.00ns)   --->   "%lhs_V_1_i_cast_i = zext i29 %ret_V to i30" [D:/APP/VIVADO/Vivado/2018.3/common/technology/autopilot/hls/hls_video_imgproc.h:1497->D:/APP/VIVADO/Vivado/2018.3/common/technology/autopilot/hls/hls_video_imgproc.h:1545->D:/APP/VIVADO/Vivado/2018.3/common/technology/autopilot/hls/hls_video_imgproc.h:1972]   --->   Operation 46 'zext' 'lhs_V_1_i_cast_i' <Predicate = (tmp_23_i)> <Delay = 0.00>
ST_4 : Operation 47 [1/1] (2.73ns) (root node of the DSP)   --->   "%ret_V_1 = add i30 %lhs_V_1_i_cast_i, %r_V_3_i_i" [D:/APP/VIVADO/Vivado/2018.3/common/technology/autopilot/hls/hls_video_imgproc.h:1497->D:/APP/VIVADO/Vivado/2018.3/common/technology/autopilot/hls/hls_video_imgproc.h:1545->D:/APP/VIVADO/Vivado/2018.3/common/technology/autopilot/hls/hls_video_imgproc.h:1972]   --->   Operation 47 'add' 'ret_V_1' <Predicate = (tmp_23_i)> <Delay = 2.73> <Core = "DSP48">   --->   Core 65 'DSP48' <Latency = 4> <II = 1> <Delay = 1.72> <IPBlock> <Opcode : 'mul' 'add' 'sub' 'select'> <InPorts = 0> <OutPorts = 1> <Sync> <CReg>
ST_4 : Operation 48 [1/1] (0.00ns)   --->   "%p_Val2_6 = call i8 @_ssdm_op_PartSelect.i8.i30.i32.i32(i30 %ret_V_1, i32 22, i32 29)" [D:/APP/VIVADO/Vivado/2018.3/common/technology/autopilot/hls/hls_video_types.h:409->D:/APP/VIVADO/Vivado/2018.3/common/technology/autopilot/hls/hls_video_types.h:500->D:/APP/VIVADO/Vivado/2018.3/common/technology/autopilot/hls/hls_video_imgproc.h:1498->D:/APP/VIVADO/Vivado/2018.3/common/technology/autopilot/hls/hls_video_imgproc.h:1545->D:/APP/VIVADO/Vivado/2018.3/common/technology/autopilot/hls/hls_video_imgproc.h:1972]   --->   Operation 48 'partselect' 'p_Val2_6' <Predicate = (tmp_23_i)> <Delay = 0.00>
ST_4 : Operation 49 [1/1] (0.00ns)   --->   "%tmp = call i1 @_ssdm_op_BitSelect.i1.i30.i32(i30 %ret_V_1, i32 21)" [D:/APP/VIVADO/Vivado/2018.3/common/technology/autopilot/hls/hls_video_types.h:409->D:/APP/VIVADO/Vivado/2018.3/common/technology/autopilot/hls/hls_video_types.h:500->D:/APP/VIVADO/Vivado/2018.3/common/technology/autopilot/hls/hls_video_imgproc.h:1498->D:/APP/VIVADO/Vivado/2018.3/common/technology/autopilot/hls/hls_video_imgproc.h:1545->D:/APP/VIVADO/Vivado/2018.3/common/technology/autopilot/hls/hls_video_imgproc.h:1972]   --->   Operation 49 'bitselect' 'tmp' <Predicate = (tmp_23_i)> <Delay = 0.00>
ST_4 : Operation 50 [1/1] (0.00ns)   --->   "%tmp_8_i_i_i_cast_i = zext i1 %tmp to i8" [D:/APP/VIVADO/Vivado/2018.3/common/technology/autopilot/hls/hls_video_types.h:409->D:/APP/VIVADO/Vivado/2018.3/common/technology/autopilot/hls/hls_video_types.h:500->D:/APP/VIVADO/Vivado/2018.3/common/technology/autopilot/hls/hls_video_imgproc.h:1498->D:/APP/VIVADO/Vivado/2018.3/common/technology/autopilot/hls/hls_video_imgproc.h:1545->D:/APP/VIVADO/Vivado/2018.3/common/technology/autopilot/hls/hls_video_imgproc.h:1972]   --->   Operation 50 'zext' 'tmp_8_i_i_i_cast_i' <Predicate = (tmp_23_i)> <Delay = 0.00>
ST_4 : Operation 51 [1/1] (1.30ns)   --->   "%p_Val2_7 = add i8 %tmp_8_i_i_i_cast_i, %p_Val2_6" [D:/APP/VIVADO/Vivado/2018.3/common/technology/autopilot/hls/hls_video_types.h:409->D:/APP/VIVADO/Vivado/2018.3/common/technology/autopilot/hls/hls_video_types.h:500->D:/APP/VIVADO/Vivado/2018.3/common/technology/autopilot/hls/hls_video_imgproc.h:1498->D:/APP/VIVADO/Vivado/2018.3/common/technology/autopilot/hls/hls_video_imgproc.h:1545->D:/APP/VIVADO/Vivado/2018.3/common/technology/autopilot/hls/hls_video_imgproc.h:1972]   --->   Operation 51 'add' 'p_Val2_7' <Predicate = (tmp_23_i)> <Delay = 1.30> <Core = "AddSub">   --->   Core 14 'AddSub' <Latency = 0> <II = 1> <Delay = 1.30> <FuncUnit> <Opcode : 'add' 'sub'> <InPorts = 2> <OutPorts = 1>
ST_4 : Operation 52 [1/1] (0.00ns) (grouped into LUT with out node p_Val2_s)   --->   "%tmp_47 = call i1 @_ssdm_op_BitSelect.i1.i30.i32(i30 %ret_V_1, i32 29)" [D:/APP/VIVADO/Vivado/2018.3/common/technology/autopilot/hls/hls_video_types.h:409->D:/APP/VIVADO/Vivado/2018.3/common/technology/autopilot/hls/hls_video_types.h:500->D:/APP/VIVADO/Vivado/2018.3/common/technology/autopilot/hls/hls_video_imgproc.h:1498->D:/APP/VIVADO/Vivado/2018.3/common/technology/autopilot/hls/hls_video_imgproc.h:1545->D:/APP/VIVADO/Vivado/2018.3/common/technology/autopilot/hls/hls_video_imgproc.h:1972]   --->   Operation 52 'bitselect' 'tmp_47' <Predicate = (tmp_23_i)> <Delay = 0.00>
ST_4 : Operation 53 [1/1] (0.00ns) (grouped into LUT with out node p_Val2_s)   --->   "%rev = xor i1 %tmp_47, true" [D:/APP/VIVADO/Vivado/2018.3/common/technology/autopilot/hls/hls_video_types.h:409->D:/APP/VIVADO/Vivado/2018.3/common/technology/autopilot/hls/hls_video_types.h:500->D:/APP/VIVADO/Vivado/2018.3/common/technology/autopilot/hls/hls_video_imgproc.h:1498->D:/APP/VIVADO/Vivado/2018.3/common/technology/autopilot/hls/hls_video_imgproc.h:1545->D:/APP/VIVADO/Vivado/2018.3/common/technology/autopilot/hls/hls_video_imgproc.h:1972]   --->   Operation 53 'xor' 'rev' <Predicate = (tmp_23_i)> <Delay = 0.00> <Core = "LogicGate">   --->   Core 27 'LogicGate' <Latency = 0> <II = 1> <Delay = 0.80> <FuncUnit> <Opcode : 'and' 'or' 'xor'> <InPorts = 2> <OutPorts = 1>
ST_4 : Operation 54 [1/1] (0.00ns) (grouped into LUT with out node p_Val2_s)   --->   "%tmp_48 = call i1 @_ssdm_op_BitSelect.i1.i8.i32(i8 %p_Val2_7, i32 7)" [D:/APP/VIVADO/Vivado/2018.3/common/technology/autopilot/hls/hls_video_types.h:409->D:/APP/VIVADO/Vivado/2018.3/common/technology/autopilot/hls/hls_video_types.h:500->D:/APP/VIVADO/Vivado/2018.3/common/technology/autopilot/hls/hls_video_imgproc.h:1498->D:/APP/VIVADO/Vivado/2018.3/common/technology/autopilot/hls/hls_video_imgproc.h:1545->D:/APP/VIVADO/Vivado/2018.3/common/technology/autopilot/hls/hls_video_imgproc.h:1972]   --->   Operation 54 'bitselect' 'tmp_48' <Predicate = (tmp_23_i)> <Delay = 0.00>
ST_4 : Operation 55 [1/1] (0.00ns) (grouped into LUT with out node p_Val2_s)   --->   "%deleted_zeros = or i1 %tmp_48, %rev" [D:/APP/VIVADO/Vivado/2018.3/common/technology/autopilot/hls/hls_video_types.h:409->D:/APP/VIVADO/Vivado/2018.3/common/technology/autopilot/hls/hls_video_types.h:500->D:/APP/VIVADO/Vivado/2018.3/common/technology/autopilot/hls/hls_video_imgproc.h:1498->D:/APP/VIVADO/Vivado/2018.3/common/technology/autopilot/hls/hls_video_imgproc.h:1545->D:/APP/VIVADO/Vivado/2018.3/common/technology/autopilot/hls/hls_video_imgproc.h:1972]   --->   Operation 55 'or' 'deleted_zeros' <Predicate = (tmp_23_i)> <Delay = 0.00> <Core = "LogicGate">   --->   Core 27 'LogicGate' <Latency = 0> <II = 1> <Delay = 0.80> <FuncUnit> <Opcode : 'and' 'or' 'xor'> <InPorts = 2> <OutPorts = 1>
ST_4 : Operation 56 [1/1] (0.80ns) (out node of the LUT)   --->   "%p_Val2_s = select i1 %deleted_zeros, i8 %p_Val2_7, i8 -1" [D:/APP/VIVADO/Vivado/2018.3/common/technology/autopilot/hls/hls_video_types.h:409->D:/APP/VIVADO/Vivado/2018.3/common/technology/autopilot/hls/hls_video_types.h:500->D:/APP/VIVADO/Vivado/2018.3/common/technology/autopilot/hls/hls_video_imgproc.h:1498->D:/APP/VIVADO/Vivado/2018.3/common/technology/autopilot/hls/hls_video_imgproc.h:1545->D:/APP/VIVADO/Vivado/2018.3/common/technology/autopilot/hls/hls_video_imgproc.h:1972]   --->   Operation 56 'select' 'p_Val2_s' <Predicate = (tmp_23_i)> <Delay = 0.80> <Core = "Sel">   --->   Core 26 'Sel' <Latency = 0> <II = 1> <Delay = 0.44> <FuncUnit> <Opcode : 'select'> <InPorts = 3> <OutPorts = 1>

State 5 <SV = 4> <Delay = 3.40>
ST_5 : Operation 57 [1/1] (0.00ns)   --->   "call void (...)* @_ssdm_op_SpecLoopName([11 x i8]* @p_str10) nounwind" [D:/APP/VIVADO/Vivado/2018.3/common/technology/autopilot/hls/hls_video_imgproc.h:1968]   --->   Operation 57 'specloopname' <Predicate = (tmp_23_i)> <Delay = 0.00>
ST_5 : Operation 58 [1/1] (0.00ns)   --->   "%tmp_24_i = call i32 (...)* @_ssdm_op_SpecRegionBegin([11 x i8]* @p_str10)" [D:/APP/VIVADO/Vivado/2018.3/common/technology/autopilot/hls/hls_video_imgproc.h:1968]   --->   Operation 58 'specregionbegin' 'tmp_24_i' <Predicate = (tmp_23_i)> <Delay = 0.00>
ST_5 : Operation 59 [1/1] (0.00ns)   --->   "call void (...)* @_ssdm_op_SpecPipeline(i32 -1, i32 1, i32 1, i32 0, [1 x i8]* @p_str2) nounwind" [D:/APP/VIVADO/Vivado/2018.3/common/technology/autopilot/hls/hls_video_imgproc.h:1970]   --->   Operation 59 'specpipeline' <Predicate = (tmp_23_i)> <Delay = 0.00>
ST_5 : Operation 60 [1/1] (0.00ns)   --->   "%tmp_26_i = call i32 (...)* @_ssdm_op_SpecRegionBegin([12 x i8]* @p_str44)" [D:/APP/VIVADO/Vivado/2018.3/common/technology/autopilot/hls/hls_video_core.h:696->D:/APP/VIVADO/Vivado/2018.3/common/technology/autopilot/hls/hls_video_core.h:717->D:/APP/VIVADO/Vivado/2018.3/common/technology/autopilot/hls/hls_video_imgproc.h:1973]   --->   Operation 60 'specregionbegin' 'tmp_26_i' <Predicate = (tmp_23_i)> <Delay = 0.00>
ST_5 : Operation 61 [1/1] (0.00ns)   --->   "call void (...)* @_ssdm_op_SpecProtocol(i32 0, [1 x i8]* @p_str2) nounwind" [D:/APP/VIVADO/Vivado/2018.3/common/technology/autopilot/hls/hls_video_core.h:700->D:/APP/VIVADO/Vivado/2018.3/common/technology/autopilot/hls/hls_video_core.h:717->D:/APP/VIVADO/Vivado/2018.3/common/technology/autopilot/hls/hls_video_imgproc.h:1973]   --->   Operation 61 'specprotocol' <Predicate = (tmp_23_i)> <Delay = 0.00>
ST_5 : Operation 62 [1/1] (3.40ns)   --->   "call void @_ssdm_op_Write.ap_fifo.volatile.i8P(i8* %p_dst_data_stream_V, i8 %p_Val2_s)" [D:/APP/VIVADO/Vivado/2018.3/common/technology/autopilot/hls/hls_video_core.h:703->D:/APP/VIVADO/Vivado/2018.3/common/technology/autopilot/hls/hls_video_core.h:717->D:/APP/VIVADO/Vivado/2018.3/common/technology/autopilot/hls/hls_video_imgproc.h:1973]   --->   Operation 62 'write' <Predicate = (tmp_23_i)> <Delay = 3.40> <Core = "FIFO">   --->   Core 32 'FIFO' <Latency = 0> <II = 1> <Delay = 3.40> <Storage> <Opcode : 'read' 'write' 'nbread' 'nbwrite'> <Ports = 0> <Width = 32> <Depth = 2> <FIFO>
ST_5 : Operation 63 [1/1] (0.00ns)   --->   "%empty_71 = call i32 (...)* @_ssdm_op_SpecRegionEnd([12 x i8]* @p_str44, i32 %tmp_26_i)" [D:/APP/VIVADO/Vivado/2018.3/common/technology/autopilot/hls/hls_video_core.h:705->D:/APP/VIVADO/Vivado/2018.3/common/technology/autopilot/hls/hls_video_core.h:717->D:/APP/VIVADO/Vivado/2018.3/common/technology/autopilot/hls/hls_video_imgproc.h:1973]   --->   Operation 63 'specregionend' 'empty_71' <Predicate = (tmp_23_i)> <Delay = 0.00>
ST_5 : Operation 64 [1/1] (0.00ns)   --->   "%empty_72 = call i32 (...)* @_ssdm_op_SpecRegionEnd([11 x i8]* @p_str10, i32 %tmp_24_i)" [D:/APP/VIVADO/Vivado/2018.3/common/technology/autopilot/hls/hls_video_imgproc.h:1974]   --->   Operation 64 'specregionend' 'empty_72' <Predicate = (tmp_23_i)> <Delay = 0.00>
ST_5 : Operation 65 [1/1] (0.00ns)   --->   "br label %2" [D:/APP/VIVADO/Vivado/2018.3/common/technology/autopilot/hls/hls_video_imgproc.h:1968]   --->   Operation 65 'br' <Predicate = (tmp_23_i)> <Delay = 0.00>

State 6 <SV = 3> <Delay = 0.00>
ST_6 : Operation 66 [1/1] (0.00ns)   --->   "%empty_73 = call i32 (...)* @_ssdm_op_SpecRegionEnd([12 x i8]* @p_str9, i32 %tmp_i_69)" [D:/APP/VIVADO/Vivado/2018.3/common/technology/autopilot/hls/hls_video_imgproc.h:1975]   --->   Operation 66 'specregionend' 'empty_73' <Predicate = true> <Delay = 0.00>
ST_6 : Operation 67 [1/1] (0.00ns)   --->   "br label %0" [D:/APP/VIVADO/Vivado/2018.3/common/technology/autopilot/hls/hls_video_imgproc.h:1967]   --->   Operation 67 'br' <Predicate = true> <Delay = 0.00>


============================================================
+ Verbose Summary: Binding
============================================================
STG Binding: 
---------------- STG Properties BEGIN ----------------
- Is combinational: 0
- Is one-state seq: 0
- Is datapath-only: 0
- Is pipelined: 0
- Is top level: 0
Port [ Return ] is wired: 1; IO mode=ap_ctrl_hs:ce=0
Port [ p_src_rows_V]:  wired=1; compound=1; hidden=0; nouse=0; global=0; static=0; extern=0; dir=0; type=3; pingpong=0; private_global=0; IO mode=ap_fifo:ce=0
Port [ p_src_cols_V]:  wired=1; compound=1; hidden=0; nouse=0; global=0; static=0; extern=0; dir=0; type=3; pingpong=0; private_global=0; IO mode=ap_fifo:ce=0
Port [ p_src_data_stream_0_V]:  wired=1; compound=1; hidden=0; nouse=0; global=0; static=0; extern=0; dir=0; type=3; pingpong=0; private_global=0; IO mode=ap_fifo:ce=0
Port [ p_src_data_stream_1_V]:  wired=1; compound=1; hidden=0; nouse=0; global=0; static=0; extern=0; dir=0; type=3; pingpong=0; private_global=0; IO mode=ap_fifo:ce=0
Port [ p_src_data_stream_2_V]:  wired=1; compound=1; hidden=0; nouse=0; global=0; static=0; extern=0; dir=0; type=3; pingpong=0; private_global=0; IO mode=ap_fifo:ce=0
Port [ p_dst_data_stream_V]:  wired=1; compound=1; hidden=0; nouse=0; global=0; static=0; extern=0; dir=1; type=3; pingpong=0; private_global=0; IO mode=ap_fifo:ce=0
---------------- STG Properties END ------------------

---------------- Datapath Model BEGIN ----------------

<LifeTime>
<method=bitvector/>
StgValue_7         (specinterface    ) [ 0000000]
StgValue_8         (specinterface    ) [ 0000000]
StgValue_9         (specinterface    ) [ 0000000]
StgValue_10        (specinterface    ) [ 0000000]
StgValue_11        (specinterface    ) [ 0000000]
StgValue_12        (specinterface    ) [ 0000000]
cols               (read             ) [ 0011111]
rows               (read             ) [ 0011111]
StgValue_15        (br               ) [ 0111111]
i_i                (phi              ) [ 0010000]
i_cast_i           (zext             ) [ 0000000]
tmp_i              (icmp             ) [ 0011111]
StgValue_19        (speclooptripcount) [ 0000000]
i                  (add              ) [ 0111111]
StgValue_21        (br               ) [ 0000000]
StgValue_22        (specloopname     ) [ 0000000]
tmp_i_69           (specregionbegin  ) [ 0001111]
StgValue_24        (br               ) [ 0011111]
StgValue_25        (ret              ) [ 0000000]
j_i                (phi              ) [ 0001000]
j_cast_i           (zext             ) [ 0000000]
tmp_23_i           (icmp             ) [ 0011111]
StgValue_29        (speclooptripcount) [ 0000000]
j                  (add              ) [ 0011111]
StgValue_31        (br               ) [ 0000000]
tmp_25_i           (specregionbegin  ) [ 0000000]
StgValue_33        (specprotocol     ) [ 0000000]
tmp_50             (read             ) [ 0000000]
tmp_51             (read             ) [ 0000000]
tmp_52             (read             ) [ 0000000]
empty              (specregionend    ) [ 0000000]
tmp_i_cast_i       (zext             ) [ 0000000]
r_V_i_i            (mul              ) [ 0000000]
tmp_i_cast_i_70    (zext             ) [ 0000000]
r_V_3_i_i          (mul              ) [ 0000000]
tmp_1_i_cast_i     (zext             ) [ 0000000]
r_V                (mul              ) [ 0000000]
rhs_V_i_cast_i     (zext             ) [ 0000000]
ret_V              (add              ) [ 0000000]
lhs_V_1_i_cast_i   (zext             ) [ 0000000]
ret_V_1            (add              ) [ 0000000]
p_Val2_6           (partselect       ) [ 0000000]
tmp                (bitselect        ) [ 0000000]
tmp_8_i_i_i_cast_i (zext             ) [ 0000000]
p_Val2_7           (add              ) [ 0000000]
tmp_47             (bitselect        ) [ 0000000]
rev                (xor              ) [ 0000000]
tmp_48             (bitselect        ) [ 0000000]
deleted_zeros      (or               ) [ 0000000]
p_Val2_s           (select           ) [ 0001010]
StgValue_57        (specloopname     ) [ 0000000]
tmp_24_i           (specregionbegin  ) [ 0000000]
StgValue_59        (specpipeline     ) [ 0000000]
tmp_26_i           (specregionbegin  ) [ 0000000]
StgValue_61        (specprotocol     ) [ 0000000]
StgValue_62        (write            ) [ 0000000]
empty_71           (specregionend    ) [ 0000000]
empty_72           (specregionend    ) [ 0000000]
StgValue_65        (br               ) [ 0011111]
empty_73           (specregionend    ) [ 0000000]
StgValue_67        (br               ) [ 0111111]
</LifeTime>

<model>

<comp_list>
<comp id="0" class="1000" name="p_src_rows_V">
<pin_list>
<pin id="1" dir="1" index="0" bw="1" slack="0"/>
</pin_list>
<bind>
<StgValue><ssdm name="p_src_rows_V"/></StgValue>
</bind>
</comp>

<comp id="2" class="1000" name="p_src_cols_V">
<pin_list>
<pin id="3" dir="1" index="0" bw="1" slack="0"/>
</pin_list>
<bind>
<StgValue><ssdm name="p_src_cols_V"/></StgValue>
</bind>
</comp>

<comp id="4" class="1000" name="p_src_data_stream_0_V">
<pin_list>
<pin id="5" dir="1" index="0" bw="1" slack="0"/>
</pin_list>
<bind>
<StgValue><ssdm name="p_src_data_stream_0_V"/></StgValue>
</bind>
</comp>

<comp id="6" class="1000" name="p_src_data_stream_1_V">
<pin_list>
<pin id="7" dir="1" index="0" bw="1" slack="0"/>
</pin_list>
<bind>
<StgValue><ssdm name="p_src_data_stream_1_V"/></StgValue>
</bind>
</comp>

<comp id="8" class="1000" name="p_src_data_stream_2_V">
<pin_list>
<pin id="9" dir="1" index="0" bw="1" slack="0"/>
</pin_list>
<bind>
<StgValue><ssdm name="p_src_data_stream_2_V"/></StgValue>
</bind>
</comp>

<comp id="10" class="1000" name="p_dst_data_stream_V">
<pin_list>
<pin id="11" dir="1" index="0" bw="1" slack="0"/>
</pin_list>
<bind>
<StgValue><ssdm name="p_dst_data_stream_V"/></StgValue>
</bind>
</comp>

<comp id="12" class="1001" name="const_12">
<pin_list>
<pin id="13" dir="1" index="0" bw="1" slack="2147483647"/>
</pin_list>
<bind>
<StgValue><ssdm name="_ssdm_op_SpecInterface"/></StgValue>
</bind>
</comp>

<comp id="14" class="1001" name="const_14">
<pin_list>
<pin id="15" dir="1" index="0" bw="1" slack="2147483647"/>
</pin_list>
<bind>
<StgValue><ssdm name="ap_fifo_str"/></StgValue>
</bind>
</comp>

<comp id="16" class="1001" name="const_16">
<pin_list>
<pin id="17" dir="1" index="0" bw="1" slack="2147483647"/>
</pin_list>
<bind>
<StgValue><ssdm name=""/></StgValue>
</bind>
</comp>

<comp id="18" class="1001" name="const_18">
<pin_list>
<pin id="19" dir="1" index="0" bw="1" slack="2147483647"/>
</pin_list>
<bind>
<StgValue><ssdm name="p_str129"/></StgValue>
</bind>
</comp>

<comp id="20" class="1001" name="const_20">
<pin_list>
<pin id="21" dir="1" index="0" bw="1" slack="2147483647"/>
</pin_list>
<bind>
<StgValue><ssdm name="p_str130"/></StgValue>
</bind>
</comp>

<comp id="22" class="1001" name="const_22">
<pin_list>
<pin id="23" dir="1" index="0" bw="1" slack="2147483647"/>
</pin_list>
<bind>
<StgValue><ssdm name="p_str131"/></StgValue>
</bind>
</comp>

<comp id="24" class="1001" name="const_24">
<pin_list>
<pin id="25" dir="1" index="0" bw="1" slack="2147483647"/>
</pin_list>
<bind>
<StgValue><ssdm name="p_str132"/></StgValue>
</bind>
</comp>

<comp id="26" class="1001" name="const_26">
<pin_list>
<pin id="27" dir="1" index="0" bw="1" slack="2147483647"/>
</pin_list>
<bind>
<StgValue><ssdm name=""/></StgValue>
</bind>
</comp>

<comp id="28" class="1001" name="const_28">
<pin_list>
<pin id="29" dir="1" index="0" bw="1" slack="2147483647"/>
</pin_list>
<bind>
<StgValue><ssdm name=""/></StgValue>
</bind>
</comp>

<comp id="30" class="1001" name="const_30">
<pin_list>
<pin id="31" dir="1" index="0" bw="1" slack="2147483647"/>
</pin_list>
<bind>
<StgValue><ssdm name="p_str133"/></StgValue>
</bind>
</comp>

<comp id="32" class="1001" name="const_32">
<pin_list>
<pin id="33" dir="1" index="0" bw="1" slack="2147483647"/>
</pin_list>
<bind>
<StgValue><ssdm name="p_str134"/></StgValue>
</bind>
</comp>

<comp id="34" class="1001" name="const_34">
<pin_list>
<pin id="35" dir="1" index="0" bw="1" slack="2147483647"/>
</pin_list>
<bind>
<StgValue><ssdm name="p_str122"/></StgValue>
</bind>
</comp>

<comp id="36" class="1001" name="const_36">
<pin_list>
<pin id="37" dir="1" index="0" bw="1" slack="2147483647"/>
</pin_list>
<bind>
<StgValue><ssdm name="p_str123"/></StgValue>
</bind>
</comp>

<comp id="38" class="1001" name="const_38">
<pin_list>
<pin id="39" dir="1" index="0" bw="1" slack="2147483647"/>
</pin_list>
<bind>
<StgValue><ssdm name="p_str124"/></StgValue>
</bind>
</comp>

<comp id="40" class="1001" name="const_40">
<pin_list>
<pin id="41" dir="1" index="0" bw="1" slack="2147483647"/>
</pin_list>
<bind>
<StgValue><ssdm name="p_str125"/></StgValue>
</bind>
</comp>

<comp id="42" class="1001" name="const_42">
<pin_list>
<pin id="43" dir="1" index="0" bw="1" slack="2147483647"/>
</pin_list>
<bind>
<StgValue><ssdm name="p_str126"/></StgValue>
</bind>
</comp>

<comp id="44" class="1001" name="const_44">
<pin_list>
<pin id="45" dir="1" index="0" bw="1" slack="2147483647"/>
</pin_list>
<bind>
<StgValue><ssdm name="p_str127"/></StgValue>
</bind>
</comp>

<comp id="46" class="1001" name="const_46">
<pin_list>
<pin id="47" dir="1" index="0" bw="1" slack="2147483647"/>
</pin_list>
<bind>
<StgValue><ssdm name="p_str115"/></StgValue>
</bind>
</comp>

<comp id="48" class="1001" name="const_48">
<pin_list>
<pin id="49" dir="1" index="0" bw="1" slack="2147483647"/>
</pin_list>
<bind>
<StgValue><ssdm name="p_str116"/></StgValue>
</bind>
</comp>

<comp id="50" class="1001" name="const_50">
<pin_list>
<pin id="51" dir="1" index="0" bw="1" slack="2147483647"/>
</pin_list>
<bind>
<StgValue><ssdm name="p_str117"/></StgValue>
</bind>
</comp>

<comp id="52" class="1001" name="const_52">
<pin_list>
<pin id="53" dir="1" index="0" bw="1" slack="2147483647"/>
</pin_list>
<bind>
<StgValue><ssdm name="p_str118"/></StgValue>
</bind>
</comp>

<comp id="54" class="1001" name="const_54">
<pin_list>
<pin id="55" dir="1" index="0" bw="1" slack="2147483647"/>
</pin_list>
<bind>
<StgValue><ssdm name="p_str119"/></StgValue>
</bind>
</comp>

<comp id="56" class="1001" name="const_56">
<pin_list>
<pin id="57" dir="1" index="0" bw="1" slack="2147483647"/>
</pin_list>
<bind>
<StgValue><ssdm name="p_str120"/></StgValue>
</bind>
</comp>

<comp id="58" class="1001" name="const_58">
<pin_list>
<pin id="59" dir="1" index="0" bw="1" slack="2147483647"/>
</pin_list>
<bind>
<StgValue><ssdm name="p_str108"/></StgValue>
</bind>
</comp>

<comp id="60" class="1001" name="const_60">
<pin_list>
<pin id="61" dir="1" index="0" bw="1" slack="2147483647"/>
</pin_list>
<bind>
<StgValue><ssdm name="p_str109"/></StgValue>
</bind>
</comp>

<comp id="62" class="1001" name="const_62">
<pin_list>
<pin id="63" dir="1" index="0" bw="1" slack="2147483647"/>
</pin_list>
<bind>
<StgValue><ssdm name="p_str110"/></StgValue>
</bind>
</comp>

<comp id="64" class="1001" name="const_64">
<pin_list>
<pin id="65" dir="1" index="0" bw="1" slack="2147483647"/>
</pin_list>
<bind>
<StgValue><ssdm name="p_str111"/></StgValue>
</bind>
</comp>

<comp id="66" class="1001" name="const_66">
<pin_list>
<pin id="67" dir="1" index="0" bw="1" slack="2147483647"/>
</pin_list>
<bind>
<StgValue><ssdm name="p_str112"/></StgValue>
</bind>
</comp>

<comp id="68" class="1001" name="const_68">
<pin_list>
<pin id="69" dir="1" index="0" bw="1" slack="2147483647"/>
</pin_list>
<bind>
<StgValue><ssdm name="p_str113"/></StgValue>
</bind>
</comp>

<comp id="70" class="1001" name="const_70">
<pin_list>
<pin id="71" dir="1" index="0" bw="1" slack="2147483647"/>
</pin_list>
<bind>
<StgValue><ssdm name="p_str304"/></StgValue>
</bind>
</comp>

<comp id="72" class="1001" name="const_72">
<pin_list>
<pin id="73" dir="1" index="0" bw="1" slack="2147483647"/>
</pin_list>
<bind>
<StgValue><ssdm name="p_str305"/></StgValue>
</bind>
</comp>

<comp id="74" class="1001" name="const_74">
<pin_list>
<pin id="75" dir="1" index="0" bw="1" slack="2147483647"/>
</pin_list>
<bind>
<StgValue><ssdm name="p_str306"/></StgValue>
</bind>
</comp>

<comp id="76" class="1001" name="const_76">
<pin_list>
<pin id="77" dir="1" index="0" bw="1" slack="2147483647"/>
</pin_list>
<bind>
<StgValue><ssdm name="p_str307"/></StgValue>
</bind>
</comp>

<comp id="78" class="1001" name="const_78">
<pin_list>
<pin id="79" dir="1" index="0" bw="1" slack="2147483647"/>
</pin_list>
<bind>
<StgValue><ssdm name="p_str308"/></StgValue>
</bind>
</comp>

<comp id="80" class="1001" name="const_80">
<pin_list>
<pin id="81" dir="1" index="0" bw="1" slack="2147483647"/>
</pin_list>
<bind>
<StgValue><ssdm name="ScalarProp_str"/></StgValue>
</bind>
</comp>

<comp id="82" class="1001" name="const_82">
<pin_list>
<pin id="83" dir="1" index="0" bw="1" slack="2147483647"/>
</pin_list>
<bind>
<StgValue><ssdm name="p_str309"/></StgValue>
</bind>
</comp>

<comp id="84" class="1001" name="const_84">
<pin_list>
<pin id="85" dir="1" index="0" bw="1" slack="2147483647"/>
</pin_list>
<bind>
<StgValue><ssdm name="p_str310"/></StgValue>
</bind>
</comp>

<comp id="86" class="1001" name="const_86">
<pin_list>
<pin id="87" dir="1" index="0" bw="1" slack="2147483647"/>
</pin_list>
<bind>
<StgValue><ssdm name="p_str311"/></StgValue>
</bind>
</comp>

<comp id="88" class="1001" name="const_88">
<pin_list>
<pin id="89" dir="1" index="0" bw="1" slack="2147483647"/>
</pin_list>
<bind>
<StgValue><ssdm name="p_str312"/></StgValue>
</bind>
</comp>

<comp id="90" class="1001" name="const_90">
<pin_list>
<pin id="91" dir="1" index="0" bw="1" slack="2147483647"/>
</pin_list>
<bind>
<StgValue><ssdm name="p_str313"/></StgValue>
</bind>
</comp>

<comp id="92" class="1001" name="const_92">
<pin_list>
<pin id="93" dir="1" index="0" bw="1" slack="0"/>
</pin_list>
<bind>
<StgValue><ssdm name="_ssdm_op_Read.ap_fifo.i32P"/></StgValue>
</bind>
</comp>

<comp id="94" class="1001" name="const_94">
<pin_list>
<pin id="95" dir="1" index="0" bw="1" slack="1"/>
</pin_list>
<bind>
<StgValue><ssdm name=""/></StgValue>
</bind>
</comp>

<comp id="96" class="1001" name="const_96">
<pin_list>
<pin id="97" dir="1" index="0" bw="1" slack="2147483647"/>
</pin_list>
<bind>
<StgValue><ssdm name="_ssdm_op_SpecLoopTripCount"/></StgValue>
</bind>
</comp>

<comp id="98" class="1001" name="const_98">
<pin_list>
<pin id="99" dir="1" index="0" bw="1" slack="2147483647"/>
</pin_list>
<bind>
<StgValue><ssdm name=""/></StgValue>
</bind>
</comp>

<comp id="100" class="1001" name="const_100">
<pin_list>
<pin id="101" dir="1" index="0" bw="1" slack="2147483647"/>
</pin_list>
<bind>
<StgValue><ssdm name=""/></StgValue>
</bind>
</comp>

<comp id="102" class="1001" name="const_102">
<pin_list>
<pin id="103" dir="1" index="0" bw="1" slack="0"/>
</pin_list>
<bind>
<StgValue><ssdm name=""/></StgValue>
</bind>
</comp>

<comp id="104" class="1001" name="const_104">
<pin_list>
<pin id="105" dir="1" index="0" bw="1" slack="2147483647"/>
</pin_list>
<bind>
<StgValue><ssdm name="_ssdm_op_SpecLoopName"/></StgValue>
</bind>
</comp>

<comp id="106" class="1001" name="const_106">
<pin_list>
<pin id="107" dir="1" index="0" bw="1" slack="2147483647"/>
</pin_list>
<bind>
<StgValue><ssdm name="p_str9"/></StgValue>
</bind>
</comp>

<comp id="108" class="1001" name="const_108">
<pin_list>
<pin id="109" dir="1" index="0" bw="1" slack="2147483647"/>
</pin_list>
<bind>
<StgValue><ssdm name="_ssdm_op_SpecRegionBegin"/></StgValue>
</bind>
</comp>

<comp id="110" class="1001" name="const_110">
<pin_list>
<pin id="111" dir="1" index="0" bw="1" slack="2147483647"/>
</pin_list>
<bind>
<StgValue><ssdm name=""/></StgValue>
</bind>
</comp>

<comp id="112" class="1001" name="const_112">
<pin_list>
<pin id="113" dir="1" index="0" bw="1" slack="2147483647"/>
</pin_list>
<bind>
<StgValue><ssdm name="p_str14"/></StgValue>
</bind>
</comp>

<comp id="114" class="1001" name="const_114">
<pin_list>
<pin id="115" dir="1" index="0" bw="1" slack="2147483647"/>
</pin_list>
<bind>
<StgValue><ssdm name="_ssdm_op_SpecProtocol"/></StgValue>
</bind>
</comp>

<comp id="116" class="1001" name="const_116">
<pin_list>
<pin id="117" dir="1" index="0" bw="1" slack="2147483647"/>
</pin_list>
<bind>
<StgValue><ssdm name="p_str2"/></StgValue>
</bind>
</comp>

<comp id="118" class="1001" name="const_118">
<pin_list>
<pin id="119" dir="1" index="0" bw="1" slack="0"/>
</pin_list>
<bind>
<StgValue><ssdm name="_ssdm_op_Read.ap_fifo.volatile.i8P"/></StgValue>
</bind>
</comp>

<comp id="120" class="1001" name="const_120">
<pin_list>
<pin id="121" dir="1" index="0" bw="1" slack="2147483647"/>
</pin_list>
<bind>
<StgValue><ssdm name="_ssdm_op_SpecRegionEnd"/></StgValue>
</bind>
</comp>

<comp id="122" class="1001" name="const_122">
<pin_list>
<pin id="123" dir="1" index="0" bw="1" slack="0"/>
</pin_list>
<bind>
<StgValue><ssdm name=""/></StgValue>
</bind>
</comp>

<comp id="124" class="1001" name="const_124">
<pin_list>
<pin id="125" dir="1" index="0" bw="1" slack="0"/>
</pin_list>
<bind>
<StgValue><ssdm name=""/></StgValue>
</bind>
</comp>

<comp id="126" class="1001" name="const_126">
<pin_list>
<pin id="127" dir="1" index="0" bw="1" slack="0"/>
</pin_list>
<bind>
<StgValue><ssdm name=""/></StgValue>
</bind>
</comp>

<comp id="128" class="1001" name="const_128">
<pin_list>
<pin id="129" dir="1" index="0" bw="1" slack="0"/>
</pin_list>
<bind>
<StgValue><ssdm name="_ssdm_op_PartSelect.i8.i30.i32.i32"/></StgValue>
</bind>
</comp>

<comp id="130" class="1001" name="const_130">
<pin_list>
<pin id="131" dir="1" index="0" bw="1" slack="0"/>
</pin_list>
<bind>
<StgValue><ssdm name=""/></StgValue>
</bind>
</comp>

<comp id="132" class="1001" name="const_132">
<pin_list>
<pin id="133" dir="1" index="0" bw="1" slack="0"/>
</pin_list>
<bind>
<StgValue><ssdm name=""/></StgValue>
</bind>
</comp>

<comp id="134" class="1001" name="const_134">
<pin_list>
<pin id="135" dir="1" index="0" bw="1" slack="0"/>
</pin_list>
<bind>
<StgValue><ssdm name="_ssdm_op_BitSelect.i1.i30.i32"/></StgValue>
</bind>
</comp>

<comp id="136" class="1001" name="const_136">
<pin_list>
<pin id="137" dir="1" index="0" bw="1" slack="0"/>
</pin_list>
<bind>
<StgValue><ssdm name=""/></StgValue>
</bind>
</comp>

<comp id="138" class="1001" name="const_138">
<pin_list>
<pin id="139" dir="1" index="0" bw="1" slack="0"/>
</pin_list>
<bind>
<StgValue><ssdm name=""/></StgValue>
</bind>
</comp>

<comp id="140" class="1001" name="const_140">
<pin_list>
<pin id="141" dir="1" index="0" bw="1" slack="0"/>
</pin_list>
<bind>
<StgValue><ssdm name="_ssdm_op_BitSelect.i1.i8.i32"/></StgValue>
</bind>
</comp>

<comp id="142" class="1001" name="const_142">
<pin_list>
<pin id="143" dir="1" index="0" bw="1" slack="0"/>
</pin_list>
<bind>
<StgValue><ssdm name=""/></StgValue>
</bind>
</comp>

<comp id="144" class="1001" name="const_144">
<pin_list>
<pin id="145" dir="1" index="0" bw="1" slack="0"/>
</pin_list>
<bind>
<StgValue><ssdm name=""/></StgValue>
</bind>
</comp>

<comp id="146" class="1001" name="const_146">
<pin_list>
<pin id="147" dir="1" index="0" bw="1" slack="2147483647"/>
</pin_list>
<bind>
<StgValue><ssdm name="p_str10"/></StgValue>
</bind>
</comp>

<comp id="148" class="1001" name="const_148">
<pin_list>
<pin id="149" dir="1" index="0" bw="1" slack="2147483647"/>
</pin_list>
<bind>
<StgValue><ssdm name="_ssdm_op_SpecPipeline"/></StgValue>
</bind>
</comp>

<comp id="150" class="1001" name="const_150">
<pin_list>
<pin id="151" dir="1" index="0" bw="1" slack="2147483647"/>
</pin_list>
<bind>
<StgValue><ssdm name=""/></StgValue>
</bind>
</comp>

<comp id="152" class="1001" name="const_152">
<pin_list>
<pin id="153" dir="1" index="0" bw="1" slack="2147483647"/>
</pin_list>
<bind>
<StgValue><ssdm name=""/></StgValue>
</bind>
</comp>

<comp id="154" class="1001" name="const_154">
<pin_list>
<pin id="155" dir="1" index="0" bw="1" slack="2147483647"/>
</pin_list>
<bind>
<StgValue><ssdm name="p_str44"/></StgValue>
</bind>
</comp>

<comp id="156" class="1001" name="const_156">
<pin_list>
<pin id="157" dir="1" index="0" bw="1" slack="0"/>
</pin_list>
<bind>
<StgValue><ssdm name="_ssdm_op_Write.ap_fifo.volatile.i8P"/></StgValue>
</bind>
</comp>

<comp id="158" class="1004" name="cols_read_fu_158">
<pin_list>
<pin id="159" dir="0" index="0" bw="32" slack="0"/>
<pin id="160" dir="0" index="1" bw="32" slack="0"/>
<pin id="161" dir="1" index="2" bw="32" slack="2"/>
</pin_list>
<bind>
<opcode="read(1150) " fcode="read"/>
<opset="cols/1 "/>
</bind>
</comp>

<comp id="164" class="1004" name="rows_read_fu_164">
<pin_list>
<pin id="165" dir="0" index="0" bw="32" slack="0"/>
<pin id="166" dir="0" index="1" bw="32" slack="0"/>
<pin id="167" dir="1" index="2" bw="32" slack="1"/>
</pin_list>
<bind>
<opcode="read(1150) " fcode="read"/>
<opset="rows/1 "/>
</bind>
</comp>

<comp id="170" class="1004" name="tmp_50_read_fu_170">
<pin_list>
<pin id="171" dir="0" index="0" bw="8" slack="0"/>
<pin id="172" dir="0" index="1" bw="8" slack="0"/>
<pin id="173" dir="1" index="2" bw="8" slack="0"/>
</pin_list>
<bind>
<opcode="read(1150) " fcode="read"/>
<opset="tmp_50/4 "/>
</bind>
</comp>

<comp id="176" class="1004" name="tmp_51_read_fu_176">
<pin_list>
<pin id="177" dir="0" index="0" bw="8" slack="0"/>
<pin id="178" dir="0" index="1" bw="8" slack="0"/>
<pin id="179" dir="1" index="2" bw="8" slack="0"/>
</pin_list>
<bind>
<opcode="read(1150) " fcode="read"/>
<opset="tmp_51/4 "/>
</bind>
</comp>

<comp id="182" class="1004" name="tmp_52_read_fu_182">
<pin_list>
<pin id="183" dir="0" index="0" bw="8" slack="0"/>
<pin id="184" dir="0" index="1" bw="8" slack="0"/>
<pin id="185" dir="1" index="2" bw="8" slack="0"/>
</pin_list>
<bind>
<opcode="read(1150) " fcode="read"/>
<opset="tmp_52/4 "/>
</bind>
</comp>

<comp id="188" class="1004" name="StgValue_62_write_fu_188">
<pin_list>
<pin id="189" dir="0" index="0" bw="0" slack="0"/>
<pin id="190" dir="0" index="1" bw="8" slack="0"/>
<pin id="191" dir="0" index="2" bw="8" slack="1"/>
<pin id="192" dir="1" index="3" bw="0" slack="2147483647"/>
</pin_list>
<bind>
<opcode="write(1151) " fcode="write"/>
<opset="StgValue_62/5 "/>
</bind>
</comp>

<comp id="195" class="1005" name="i_i_reg_195">
<pin_list>
<pin id="196" dir="0" index="0" bw="31" slack="1"/>
<pin id="197" dir="1" index="1" bw="31" slack="1"/>
</pin_list>
<bind>
<opset="i_i (phireg) "/>
</bind>
</comp>

<comp id="199" class="1004" name="i_i_phi_fu_199">
<pin_list>
<pin id="200" dir="0" index="0" bw="1" slack="1"/>
<pin id="201" dir="0" index="1" bw="0" slack="2147483647"/>
<pin id="202" dir="0" index="2" bw="31" slack="0"/>
<pin id="203" dir="0" index="3" bw="0" slack="2147483647"/>
<pin id="204" dir="1" index="4" bw="31" slack="0"/>
</pin_list>
<bind>
<opcode="phi(47) " fcode="phi"/>
<opset="i_i/2 "/>
</bind>
</comp>

<comp id="206" class="1005" name="j_i_reg_206">
<pin_list>
<pin id="207" dir="0" index="0" bw="31" slack="1"/>
<pin id="208" dir="1" index="1" bw="31" slack="1"/>
</pin_list>
<bind>
<opset="j_i (phireg) "/>
</bind>
</comp>

<comp id="210" class="1004" name="j_i_phi_fu_210">
<pin_list>
<pin id="211" dir="0" index="0" bw="1" slack="1"/>
<pin id="212" dir="0" index="1" bw="0" slack="2147483647"/>
<pin id="213" dir="0" index="2" bw="31" slack="0"/>
<pin id="214" dir="0" index="3" bw="0" slack="2147483647"/>
<pin id="215" dir="1" index="4" bw="31" slack="0"/>
</pin_list>
<bind>
<opcode="phi(47) " fcode="phi"/>
<opset="j_i/3 "/>
</bind>
</comp>

<comp id="217" class="1004" name="i_cast_i_fu_217">
<pin_list>
<pin id="218" dir="0" index="0" bw="31" slack="0"/>
<pin id="219" dir="1" index="1" bw="32" slack="0"/>
</pin_list>
<bind>
<opcode="zext(34) " fcode="zext"/>
<opset="i_cast_i/2 "/>
</bind>
</comp>

<comp id="221" class="1004" name="tmp_i_fu_221">
<pin_list>
<pin id="222" dir="0" index="0" bw="32" slack="0"/>
<pin id="223" dir="0" index="1" bw="32" slack="1"/>
<pin id="224" dir="1" index="2" bw="1" slack="1"/>
</pin_list>
<bind>
<opcode="icmp(45) " fcode="icmp"/>
<opset="tmp_i/2 "/>
</bind>
</comp>

<comp id="226" class="1004" name="i_fu_226">
<pin_list>
<pin id="227" dir="0" index="0" bw="31" slack="0"/>
<pin id="228" dir="0" index="1" bw="1" slack="0"/>
<pin id="229" dir="1" index="2" bw="31" slack="0"/>
</pin_list>
<bind>
<opcode="add(8) " fcode="add"/>
<opset="i/2 "/>
</bind>
</comp>

<comp id="232" class="1004" name="j_cast_i_fu_232">
<pin_list>
<pin id="233" dir="0" index="0" bw="31" slack="0"/>
<pin id="234" dir="1" index="1" bw="32" slack="0"/>
</pin_list>
<bind>
<opcode="zext(34) " fcode="zext"/>
<opset="j_cast_i/3 "/>
</bind>
</comp>

<comp id="236" class="1004" name="tmp_23_i_fu_236">
<pin_list>
<pin id="237" dir="0" index="0" bw="32" slack="0"/>
<pin id="238" dir="0" index="1" bw="32" slack="2"/>
<pin id="239" dir="1" index="2" bw="1" slack="1"/>
</pin_list>
<bind>
<opcode="icmp(45) " fcode="icmp"/>
<opset="tmp_23_i/3 "/>
</bind>
</comp>

<comp id="241" class="1004" name="j_fu_241">
<pin_list>
<pin id="242" dir="0" index="0" bw="31" slack="0"/>
<pin id="243" dir="0" index="1" bw="1" slack="0"/>
<pin id="244" dir="1" index="2" bw="31" slack="0"/>
</pin_list>
<bind>
<opcode="add(8) " fcode="add"/>
<opset="j/3 "/>
</bind>
</comp>

<comp id="247" class="1004" name="tmp_i_cast_i_fu_247">
<pin_list>
<pin id="248" dir="0" index="0" bw="8" slack="0"/>
<pin id="249" dir="1" index="1" bw="29" slack="0"/>
</pin_list>
<bind>
<opcode="zext(34) " fcode="zext"/>
<opset="tmp_i_cast_i/4 "/>
</bind>
</comp>

<comp id="251" class="1004" name="tmp_i_cast_i_70_fu_251">
<pin_list>
<pin id="252" dir="0" index="0" bw="8" slack="0"/>
<pin id="253" dir="1" index="1" bw="30" slack="0"/>
</pin_list>
<bind>
<opcode="zext(34) " fcode="zext"/>
<opset="tmp_i_cast_i_70/4 "/>
</bind>
</comp>

<comp id="255" class="1004" name="tmp_1_i_cast_i_fu_255">
<pin_list>
<pin id="256" dir="0" index="0" bw="8" slack="0"/>
<pin id="257" dir="1" index="1" bw="28" slack="0"/>
</pin_list>
<bind>
<opcode="zext(34) " fcode="zext"/>
<opset="tmp_1_i_cast_i/4 "/>
</bind>
</comp>

<comp id="259" class="1004" name="lhs_V_1_i_cast_i_fu_259">
<pin_list>
<pin id="260" dir="0" index="0" bw="29" slack="0"/>
<pin id="261" dir="1" index="1" bw="30" slack="0"/>
</pin_list>
<bind>
<opcode="zext(34) " fcode="zext"/>
<opset="lhs_V_1_i_cast_i/4 "/>
</bind>
</comp>

<comp id="262" class="1004" name="p_Val2_6_fu_262">
<pin_list>
<pin id="263" dir="0" index="0" bw="8" slack="0"/>
<pin id="264" dir="0" index="1" bw="30" slack="0"/>
<pin id="265" dir="0" index="2" bw="6" slack="0"/>
<pin id="266" dir="0" index="3" bw="6" slack="0"/>
<pin id="267" dir="1" index="4" bw="8" slack="0"/>
</pin_list>
<bind>
<opcode="partselect(1002) " fcode="partselect"/>
<opset="p_Val2_6/4 "/>
</bind>
</comp>

<comp id="271" class="1004" name="tmp_fu_271">
<pin_list>
<pin id="272" dir="0" index="0" bw="1" slack="0"/>
<pin id="273" dir="0" index="1" bw="30" slack="0"/>
<pin id="274" dir="0" index="2" bw="6" slack="0"/>
<pin id="275" dir="1" index="3" bw="1" slack="0"/>
</pin_list>
<bind>
<opcode="bitselect(1000) " fcode="bitselect"/>
<opset="tmp/4 "/>
</bind>
</comp>

<comp id="278" class="1004" name="tmp_8_i_i_i_cast_i_fu_278">
<pin_list>
<pin id="279" dir="0" index="0" bw="1" slack="0"/>
<pin id="280" dir="1" index="1" bw="8" slack="0"/>
</pin_list>
<bind>
<opcode="zext(34) " fcode="zext"/>
<opset="tmp_8_i_i_i_cast_i/4 "/>
</bind>
</comp>

<comp id="282" class="1004" name="p_Val2_7_fu_282">
<pin_list>
<pin id="283" dir="0" index="0" bw="1" slack="0"/>
<pin id="284" dir="0" index="1" bw="8" slack="0"/>
<pin id="285" dir="1" index="2" bw="8" slack="0"/>
</pin_list>
<bind>
<opcode="add(8) " fcode="add"/>
<opset="p_Val2_7/4 "/>
</bind>
</comp>

<comp id="288" class="1004" name="tmp_47_fu_288">
<pin_list>
<pin id="289" dir="0" index="0" bw="1" slack="0"/>
<pin id="290" dir="0" index="1" bw="30" slack="0"/>
<pin id="291" dir="0" index="2" bw="6" slack="0"/>
<pin id="292" dir="1" index="3" bw="1" slack="0"/>
</pin_list>
<bind>
<opcode="bitselect(1000) " fcode="bitselect"/>
<opset="tmp_47/4 "/>
</bind>
</comp>

<comp id="295" class="1004" name="rev_fu_295">
<pin_list>
<pin id="296" dir="0" index="0" bw="1" slack="0"/>
<pin id="297" dir="0" index="1" bw="1" slack="0"/>
<pin id="298" dir="1" index="2" bw="1" slack="0"/>
</pin_list>
<bind>
<opcode="xor(25) " fcode="xor"/>
<opset="rev/4 "/>
</bind>
</comp>

<comp id="301" class="1004" name="tmp_48_fu_301">
<pin_list>
<pin id="302" dir="0" index="0" bw="1" slack="0"/>
<pin id="303" dir="0" index="1" bw="8" slack="0"/>
<pin id="304" dir="0" index="2" bw="4" slack="0"/>
<pin id="305" dir="1" index="3" bw="1" slack="0"/>
</pin_list>
<bind>
<opcode="bitselect(1000) " fcode="bitselect"/>
<opset="tmp_48/4 "/>
</bind>
</comp>

<comp id="309" class="1004" name="deleted_zeros_fu_309">
<pin_list>
<pin id="310" dir="0" index="0" bw="1" slack="0"/>
<pin id="311" dir="0" index="1" bw="1" slack="0"/>
<pin id="312" dir="1" index="2" bw="1" slack="0"/>
</pin_list>
<bind>
<opcode="or(24) " fcode="or"/>
<opset="deleted_zeros/4 "/>
</bind>
</comp>

<comp id="315" class="1004" name="p_Val2_s_fu_315">
<pin_list>
<pin id="316" dir="0" index="0" bw="1" slack="0"/>
<pin id="317" dir="0" index="1" bw="8" slack="0"/>
<pin id="318" dir="0" index="2" bw="8" slack="0"/>
<pin id="319" dir="1" index="3" bw="8" slack="1"/>
</pin_list>
<bind>
<opcode="select(49) " fcode="select"/>
<opset="p_Val2_s/4 "/>
</bind>
</comp>

<comp id="323" class="1007" name="r_V_i_i_fu_323">
<pin_list>
<pin id="324" dir="0" index="0" bw="29" slack="0"/>
<pin id="325" dir="0" index="1" bw="8" slack="0"/>
<pin id="326" dir="1" index="2" bw="29" slack="0"/>
</pin_list>
<bind>
<opcode="mul(12) " fcode="mul"/>
<opset="r_V_i_i/4 "/>
</bind>
</comp>

<comp id="329" class="1007" name="grp_fu_329">
<pin_list>
<pin id="330" dir="0" index="0" bw="30" slack="0"/>
<pin id="331" dir="0" index="1" bw="8" slack="0"/>
<pin id="332" dir="0" index="2" bw="29" slack="0"/>
<pin id="333" dir="1" index="3" bw="30" slack="0"/>
</pin_list>
<bind>
<opcode="muladd(1172) " fcode="muladd"/>
<opset="r_V_3_i_i/4 ret_V_1/4 "/>
</bind>
</comp>

<comp id="340" class="1007" name="grp_fu_340">
<pin_list>
<pin id="341" dir="0" index="0" bw="28" slack="0"/>
<pin id="342" dir="0" index="1" bw="8" slack="0"/>
<pin id="343" dir="0" index="2" bw="29" slack="0"/>
<pin id="344" dir="1" index="3" bw="29" slack="0"/>
</pin_list>
<bind>
<opcode="muladd(1172) " fcode="muladd"/>
<opset="r_V/4 rhs_V_i_cast_i/4 ret_V/4 "/>
</bind>
</comp>

<comp id="349" class="1005" name="cols_reg_349">
<pin_list>
<pin id="350" dir="0" index="0" bw="32" slack="2"/>
<pin id="351" dir="1" index="1" bw="32" slack="2"/>
</pin_list>
<bind>
<opset="cols "/>
</bind>
</comp>

<comp id="354" class="1005" name="rows_reg_354">
<pin_list>
<pin id="355" dir="0" index="0" bw="32" slack="1"/>
<pin id="356" dir="1" index="1" bw="32" slack="1"/>
</pin_list>
<bind>
<opset="rows "/>
</bind>
</comp>

<comp id="359" class="1005" name="tmp_i_reg_359">
<pin_list>
<pin id="360" dir="0" index="0" bw="1" slack="1"/>
<pin id="361" dir="1" index="1" bw="1" slack="2147483647"/>
</pin_list>
<bind>
<opset="tmp_i "/>
</bind>
</comp>

<comp id="363" class="1005" name="i_reg_363">
<pin_list>
<pin id="364" dir="0" index="0" bw="31" slack="0"/>
<pin id="365" dir="1" index="1" bw="31" slack="0"/>
</pin_list>
<bind>
<opset="i "/>
</bind>
</comp>

<comp id="368" class="1005" name="tmp_23_i_reg_368">
<pin_list>
<pin id="369" dir="0" index="0" bw="1" slack="1"/>
<pin id="370" dir="1" index="1" bw="1" slack="2147483647"/>
</pin_list>
<bind>
<opset="tmp_23_i "/>
</bind>
</comp>

<comp id="372" class="1005" name="j_reg_372">
<pin_list>
<pin id="373" dir="0" index="0" bw="31" slack="0"/>
<pin id="374" dir="1" index="1" bw="31" slack="0"/>
</pin_list>
<bind>
<opset="j "/>
</bind>
</comp>

<comp id="377" class="1005" name="p_Val2_s_reg_377">
<pin_list>
<pin id="378" dir="0" index="0" bw="8" slack="1"/>
<pin id="379" dir="1" index="1" bw="8" slack="1"/>
</pin_list>
<bind>
<opset="p_Val2_s "/>
</bind>
</comp>

</comp_list>

<net_list>
<net id="162"><net_src comp="92" pin="0"/><net_sink comp="158" pin=0"/></net>

<net id="163"><net_src comp="2" pin="0"/><net_sink comp="158" pin=1"/></net>

<net id="168"><net_src comp="92" pin="0"/><net_sink comp="164" pin=0"/></net>

<net id="169"><net_src comp="0" pin="0"/><net_sink comp="164" pin=1"/></net>

<net id="174"><net_src comp="118" pin="0"/><net_sink comp="170" pin=0"/></net>

<net id="175"><net_src comp="4" pin="0"/><net_sink comp="170" pin=1"/></net>

<net id="180"><net_src comp="118" pin="0"/><net_sink comp="176" pin=0"/></net>

<net id="181"><net_src comp="6" pin="0"/><net_sink comp="176" pin=1"/></net>

<net id="186"><net_src comp="118" pin="0"/><net_sink comp="182" pin=0"/></net>

<net id="187"><net_src comp="8" pin="0"/><net_sink comp="182" pin=1"/></net>

<net id="193"><net_src comp="156" pin="0"/><net_sink comp="188" pin=0"/></net>

<net id="194"><net_src comp="10" pin="0"/><net_sink comp="188" pin=1"/></net>

<net id="198"><net_src comp="94" pin="0"/><net_sink comp="195" pin=0"/></net>

<net id="205"><net_src comp="195" pin="1"/><net_sink comp="199" pin=0"/></net>

<net id="209"><net_src comp="94" pin="0"/><net_sink comp="206" pin=0"/></net>

<net id="216"><net_src comp="206" pin="1"/><net_sink comp="210" pin=0"/></net>

<net id="220"><net_src comp="199" pin="4"/><net_sink comp="217" pin=0"/></net>

<net id="225"><net_src comp="217" pin="1"/><net_sink comp="221" pin=0"/></net>

<net id="230"><net_src comp="199" pin="4"/><net_sink comp="226" pin=0"/></net>

<net id="231"><net_src comp="102" pin="0"/><net_sink comp="226" pin=1"/></net>

<net id="235"><net_src comp="210" pin="4"/><net_sink comp="232" pin=0"/></net>

<net id="240"><net_src comp="232" pin="1"/><net_sink comp="236" pin=0"/></net>

<net id="245"><net_src comp="210" pin="4"/><net_sink comp="241" pin=0"/></net>

<net id="246"><net_src comp="102" pin="0"/><net_sink comp="241" pin=1"/></net>

<net id="250"><net_src comp="170" pin="2"/><net_sink comp="247" pin=0"/></net>

<net id="254"><net_src comp="176" pin="2"/><net_sink comp="251" pin=0"/></net>

<net id="258"><net_src comp="182" pin="2"/><net_sink comp="255" pin=0"/></net>

<net id="268"><net_src comp="128" pin="0"/><net_sink comp="262" pin=0"/></net>

<net id="269"><net_src comp="130" pin="0"/><net_sink comp="262" pin=2"/></net>

<net id="270"><net_src comp="132" pin="0"/><net_sink comp="262" pin=3"/></net>

<net id="276"><net_src comp="134" pin="0"/><net_sink comp="271" pin=0"/></net>

<net id="277"><net_src comp="136" pin="0"/><net_sink comp="271" pin=2"/></net>

<net id="281"><net_src comp="271" pin="3"/><net_sink comp="278" pin=0"/></net>

<net id="286"><net_src comp="278" pin="1"/><net_sink comp="282" pin=0"/></net>

<net id="287"><net_src comp="262" pin="4"/><net_sink comp="282" pin=1"/></net>

<net id="293"><net_src comp="134" pin="0"/><net_sink comp="288" pin=0"/></net>

<net id="294"><net_src comp="132" pin="0"/><net_sink comp="288" pin=2"/></net>

<net id="299"><net_src comp="288" pin="3"/><net_sink comp="295" pin=0"/></net>

<net id="300"><net_src comp="138" pin="0"/><net_sink comp="295" pin=1"/></net>

<net id="306"><net_src comp="140" pin="0"/><net_sink comp="301" pin=0"/></net>

<net id="307"><net_src comp="282" pin="2"/><net_sink comp="301" pin=1"/></net>

<net id="308"><net_src comp="142" pin="0"/><net_sink comp="301" pin=2"/></net>

<net id="313"><net_src comp="301" pin="3"/><net_sink comp="309" pin=0"/></net>

<net id="314"><net_src comp="295" pin="2"/><net_sink comp="309" pin=1"/></net>

<net id="320"><net_src comp="309" pin="2"/><net_sink comp="315" pin=0"/></net>

<net id="321"><net_src comp="282" pin="2"/><net_sink comp="315" pin=1"/></net>

<net id="322"><net_src comp="144" pin="0"/><net_sink comp="315" pin=2"/></net>

<net id="327"><net_src comp="122" pin="0"/><net_sink comp="323" pin=0"/></net>

<net id="328"><net_src comp="247" pin="1"/><net_sink comp="323" pin=1"/></net>

<net id="334"><net_src comp="124" pin="0"/><net_sink comp="329" pin=0"/></net>

<net id="335"><net_src comp="251" pin="1"/><net_sink comp="329" pin=1"/></net>

<net id="336"><net_src comp="259" pin="1"/><net_sink comp="329" pin=2"/></net>

<net id="337"><net_src comp="329" pin="3"/><net_sink comp="262" pin=1"/></net>

<net id="338"><net_src comp="329" pin="3"/><net_sink comp="271" pin=1"/></net>

<net id="339"><net_src comp="329" pin="3"/><net_sink comp="288" pin=1"/></net>

<net id="345"><net_src comp="126" pin="0"/><net_sink comp="340" pin=0"/></net>

<net id="346"><net_src comp="255" pin="1"/><net_sink comp="340" pin=1"/></net>

<net id="347"><net_src comp="323" pin="2"/><net_sink comp="340" pin=2"/></net>

<net id="348"><net_src comp="340" pin="3"/><net_sink comp="259" pin=0"/></net>

<net id="352"><net_src comp="158" pin="2"/><net_sink comp="349" pin=0"/></net>

<net id="353"><net_src comp="349" pin="1"/><net_sink comp="236" pin=1"/></net>

<net id="357"><net_src comp="164" pin="2"/><net_sink comp="354" pin=0"/></net>

<net id="358"><net_src comp="354" pin="1"/><net_sink comp="221" pin=1"/></net>

<net id="362"><net_src comp="221" pin="2"/><net_sink comp="359" pin=0"/></net>

<net id="366"><net_src comp="226" pin="2"/><net_sink comp="363" pin=0"/></net>

<net id="367"><net_src comp="363" pin="1"/><net_sink comp="199" pin=2"/></net>

<net id="371"><net_src comp="236" pin="2"/><net_sink comp="368" pin=0"/></net>

<net id="375"><net_src comp="241" pin="2"/><net_sink comp="372" pin=0"/></net>

<net id="376"><net_src comp="372" pin="1"/><net_sink comp="210" pin=2"/></net>

<net id="380"><net_src comp="315" pin="3"/><net_sink comp="377" pin=0"/></net>

<net id="381"><net_src comp="377" pin="1"/><net_sink comp="188" pin=2"/></net>

</net_list>

</model> 
---------------- Datapath Model END ------------------

* FSMD analyzer results:
  - Output states:
	Port: p_dst_data_stream_V | {5 }
 - Input state : 
	Port: CvtColor : p_src_rows_V | {1 }
	Port: CvtColor : p_src_cols_V | {1 }
	Port: CvtColor : p_src_data_stream_0_V | {4 }
	Port: CvtColor : p_src_data_stream_1_V | {4 }
	Port: CvtColor : p_src_data_stream_2_V | {4 }
  - Chain level:
	State 1
	State 2
		i_cast_i : 1
		tmp_i : 2
		i : 1
		StgValue_21 : 3
	State 3
		j_cast_i : 1
		tmp_23_i : 2
		j : 1
		StgValue_31 : 3
	State 4
		empty : 1
		r_V_i_i : 1
		r_V_3_i_i : 1
		r_V : 1
		rhs_V_i_cast_i : 2
		ret_V : 3
		lhs_V_1_i_cast_i : 4
		ret_V_1 : 5
		p_Val2_6 : 6
		tmp : 6
		tmp_8_i_i_i_cast_i : 7
		p_Val2_7 : 8
		tmp_47 : 6
		rev : 7
		tmp_48 : 9
		deleted_zeros : 10
		p_Val2_s : 10
	State 5
		empty_71 : 1
		empty_72 : 1
	State 6


============================================================
+ Verbose Summary: Datapath Resource usage 
============================================================

* Functional unit list:
|----------|---------------------------|---------|---------|---------|
| Operation|      Functional Unit      |  DSP48E |    FF   |   LUT   |
|----------|---------------------------|---------|---------|---------|
|          |          i_fu_226         |    0    |    0    |    31   |
|    add   |          j_fu_241         |    0    |    0    |    31   |
|          |      p_Val2_7_fu_282      |    0    |    0    |    8    |
|----------|---------------------------|---------|---------|---------|
|   icmp   |        tmp_i_fu_221       |    0    |    0    |    12   |
|          |      tmp_23_i_fu_236      |    0    |    0    |    12   |
|----------|---------------------------|---------|---------|---------|
|  select  |      p_Val2_s_fu_315      |    0    |    0    |    8    |
|----------|---------------------------|---------|---------|---------|
|  muladd  |         grp_fu_329        |    1    |    0    |    0    |
|          |         grp_fu_340        |    1    |    0    |    0    |
|----------|---------------------------|---------|---------|---------|
|    xor   |         rev_fu_295        |    0    |    0    |    1    |
|----------|---------------------------|---------|---------|---------|
|    or    |    deleted_zeros_fu_309   |    0    |    0    |    1    |
|----------|---------------------------|---------|---------|---------|
|    mul   |       r_V_i_i_fu_323      |    1    |    0    |    0    |
|----------|---------------------------|---------|---------|---------|
|          |      cols_read_fu_158     |    0    |    0    |    0    |
|          |      rows_read_fu_164     |    0    |    0    |    0    |
|   read   |     tmp_50_read_fu_170    |    0    |    0    |    0    |
|          |     tmp_51_read_fu_176    |    0    |    0    |    0    |
|          |     tmp_52_read_fu_182    |    0    |    0    |    0    |
|----------|---------------------------|---------|---------|---------|
|   write  |  StgValue_62_write_fu_188 |    0    |    0    |    0    |
|----------|---------------------------|---------|---------|---------|
|          |      i_cast_i_fu_217      |    0    |    0    |    0    |
|          |      j_cast_i_fu_232      |    0    |    0    |    0    |
|          |    tmp_i_cast_i_fu_247    |    0    |    0    |    0    |
|   zext   |   tmp_i_cast_i_70_fu_251  |    0    |    0    |    0    |
|          |   tmp_1_i_cast_i_fu_255   |    0    |    0    |    0    |
|          |  lhs_V_1_i_cast_i_fu_259  |    0    |    0    |    0    |
|          | tmp_8_i_i_i_cast_i_fu_278 |    0    |    0    |    0    |
|----------|---------------------------|---------|---------|---------|
|partselect|      p_Val2_6_fu_262      |    0    |    0    |    0    |
|----------|---------------------------|---------|---------|---------|
|          |         tmp_fu_271        |    0    |    0    |    0    |
| bitselect|       tmp_47_fu_288       |    0    |    0    |    0    |
|          |       tmp_48_fu_301       |    0    |    0    |    0    |
|----------|---------------------------|---------|---------|---------|
|   Total  |                           |    3    |    0    |   104   |
|----------|---------------------------|---------|---------|---------|

Memories:
N/A

* Register list:
+----------------+--------+
|                |   FF   |
+----------------+--------+
|  cols_reg_349  |   32   |
|   i_i_reg_195  |   31   |
|    i_reg_363   |   31   |
|   j_i_reg_206  |   31   |
|    j_reg_372   |   31   |
|p_Val2_s_reg_377|    8   |
|  rows_reg_354  |   32   |
|tmp_23_i_reg_368|    1   |
|  tmp_i_reg_359 |    1   |
+----------------+--------+
|      Total     |   198  |
+----------------+--------+

* Multiplexer (MUX) list: 
|--------|------|------|------|--------|
|  Comp  |  Pin | Size |  BW  | S x BW |
|--------|------|------|------|--------|
|  Total |      |      |      |    0   |
|--------|------|------|------|--------|



* Summary:
+-----------+--------+--------+--------+
|           | DSP48E |   FF   |   LUT  |
+-----------+--------+--------+--------+
|  Function |    3   |    0   |   104  |
|   Memory  |    -   |    -   |    -   |
|Multiplexer|    -   |    -   |    -   |
|  Register |    -   |   198  |    -   |
+-----------+--------+--------+--------+
|   Total   |    3   |   198  |   104  |
+-----------+--------+--------+--------+
