

================================================================
== Vivado HLS Report for 'CvtColor'
================================================================
* Date:           Fri Apr 12 14:33:43 2024

* Version:        2018.3 (Build 2405991 on Thu Dec 06 23:56:15 MST 2018)
* Project:        ov5640_sobel_hls
* Solution:       solution1
* Product family: zynq
* Target device:  xc7z020clg400-2


================================================================
== Performance Estimates
================================================================
+ Timing (ns): 
    * Summary: 
    +--------+-------+----------+------------+
    |  Clock | Target| Estimated| Uncertainty|
    +--------+-------+----------+------------+
    |ap_clk  |  20.00|    16.517|        2.50|
    +--------+-------+----------+------------+

+ Latency (clock cycles): 
    * Summary: 
    +-----+---------+-----+---------+---------+
    |    Latency    |    Interval   | Pipeline|
    | min |   max   | min |   max   |   Type  |
    +-----+---------+-----+---------+---------+
    |    1|  1027201|    1|  1027201|   none  |
    +-----+---------+-----+---------+---------+

    + Detail: 
        * Instance: 
        N/A

        * Loop: 
        +---------------+-----+---------+----------+-----------+-----------+----------+----------+
        |               |    Latency    | Iteration|  Initiation Interval  |   Trip   |          |
        |   Loop Name   | min |   max   |  Latency |  achieved |   target  |   Count  | Pipelined|
        +---------------+-----+---------+----------+-----------+-----------+----------+----------+
        |- loop_height  |    0|  1027200| 3 ~ 1284 |          -|          -|  0 ~ 800 |    no    |
        | + loop_width  |    0|     1281|         3|          1|          1| 0 ~ 1280 |    yes   |
        +---------------+-----+---------+----------+-----------+-----------+----------+----------+



================================================================
== Utilization Estimates
================================================================
* Summary: 
+-----------------+---------+-------+--------+-------+
|       Name      | BRAM_18K| DSP48E|   FF   |  LUT  |
+-----------------+---------+-------+--------+-------+
|DSP              |        -|      3|       -|      -|
|Expression       |        -|      -|       0|    113|
|FIFO             |        -|      -|       -|      -|
|Instance         |        -|      -|       -|      -|
|Memory           |        -|      -|       -|      -|
|Multiplexer      |        -|      -|       -|     37|
|Register         |        -|      -|     175|      -|
+-----------------+---------+-------+--------+-------+
|Total            |        0|      3|     175|    150|
+-----------------+---------+-------+--------+-------+
|Available        |      280|    220|  106400|  53200|
+-----------------+---------+-------+--------+-------+
|Utilization (%)  |        0|      1|   ~0   |   ~0  |
+-----------------+---------+-------+--------+-------+

+ Detail: 
    * Instance: 
    N/A

    * DSP48: 
    +--------------------------+----------------------+--------------+
    |         Instance         |        Module        |  Expression  |
    +--------------------------+----------------------+--------------+
    |ov5640_sobel_mac_cud_U26  |ov5640_sobel_mac_cud  | i0 + i1 * i2 |
    |ov5640_sobel_mac_dEe_U27  |ov5640_sobel_mac_dEe  | i0 * i1 + i2 |
    |ov5640_sobel_mul_bkb_U25  |ov5640_sobel_mul_bkb  |    i0 * i1   |
    +--------------------------+----------------------+--------------+

    * Memory: 
    N/A

    * FIFO: 
    N/A

    * Expression: 
    +----------------------------------+----------+-------+---+----+------------+------------+
    |           Variable Name          | Operation| DSP48E| FF| LUT| Bitwidth P0| Bitwidth P1|
    +----------------------------------+----------+-------+---+----+------------+------------+
    |i_fu_226_p2                       |     +    |      0|  0|  31|          31|           1|
    |j_fu_241_p2                       |     +    |      0|  0|  31|          31|           1|
    |p_Val2_7_fu_282_p2                |     +    |      0|  0|   8|           8|           8|
    |ap_block_state5_pp0_stage0_iter2  |    and   |      0|  0|   1|           1|           1|
    |tmp_23_i_fu_236_p2                |   icmp   |      0|  0|  12|          32|          32|
    |tmp_i_fu_221_p2                   |   icmp   |      0|  0|  12|          32|          32|
    |ap_block_pp0_stage0_01001         |    or    |      0|  0|   1|           1|           1|
    |ap_block_state1                   |    or    |      0|  0|   1|           1|           1|
    |ap_block_state4_pp0_stage0_iter1  |    or    |      0|  0|   1|           1|           1|
    |deleted_zeros_fu_309_p2           |    or    |      0|  0|   1|           1|           1|
    |p_Val2_s_fu_315_p3                |  select  |      0|  0|   8|           1|           8|
    |ap_enable_pp0                     |    xor   |      0|  0|   2|           1|           2|
    |ap_enable_reg_pp0_iter1           |    xor   |      0|  0|   2|           2|           1|
    |rev_fu_295_p2                     |    xor   |      0|  0|   2|           1|           2|
    +----------------------------------+----------+-------+---+----+------------+------------+
    |Total                             |          |      0|  0| 113|         144|          92|
    +----------------------------------+----------+-------+---+----+------------+------------+

    * Multiplexer: 
    +-----------------------------+----+-----------+-----+-----------+
    |             Name            | LUT| Input Size| Bits| Total Bits|
    +-----------------------------+----+-----------+-----+-----------+
    |ap_NS_fsm                    |   4|          5|    1|          5|
    |ap_done                      |   3|          2|    1|          2|
    |ap_enable_reg_pp0_iter1      |   3|          2|    1|          2|
    |ap_enable_reg_pp0_iter2      |   3|          2|    1|          2|
    |i_i_reg_195                  |   3|          2|   31|         62|
    |j_i_reg_206                  |   3|          2|   31|         62|
    |p_dst_data_stream_V_blk_n    |   3|          2|    1|          2|
    |p_src_cols_V_blk_n           |   3|          2|    1|          2|
    |p_src_data_stream_0_V_blk_n  |   3|          2|    1|          2|
    |p_src_data_stream_1_V_blk_n  |   3|          2|    1|          2|
    |p_src_data_stream_2_V_blk_n  |   3|          2|    1|          2|
    |p_src_rows_V_blk_n           |   3|          2|    1|          2|
    +-----------------------------+----+-----------+-----+-----------+
    |Total                        |  37|         27|   72|        147|
    +-----------------------------+----+-----------+-----+-----------+

    * Register: 
    +--------------------------------+----+----+-----+-----------+
    |              Name              | FF | LUT| Bits| Const Bits|
    +--------------------------------+----+----+-----+-----------+
    |ap_CS_fsm                       |   4|   0|    4|          0|
    |ap_done_reg                     |   1|   0|    1|          0|
    |ap_enable_reg_pp0_iter0         |   1|   0|    1|          0|
    |ap_enable_reg_pp0_iter1         |   1|   0|    1|          0|
    |ap_enable_reg_pp0_iter2         |   1|   0|    1|          0|
    |cols_reg_349                    |  32|   0|   32|          0|
    |i_i_reg_195                     |  31|   0|   31|          0|
    |i_reg_363                       |  31|   0|   31|          0|
    |j_i_reg_206                     |  31|   0|   31|          0|
    |p_Val2_s_reg_377                |   8|   0|    8|          0|
    |rows_reg_354                    |  32|   0|   32|          0|
    |tmp_23_i_reg_368                |   1|   0|    1|          0|
    |tmp_23_i_reg_368_pp0_iter1_reg  |   1|   0|    1|          0|
    +--------------------------------+----+----+-----+-----------+
    |Total                           | 175|   0|  175|          0|
    +--------------------------------+----+----+-----+-----------+



================================================================
== Interface
================================================================
* Summary: 
+-------------------------------+-----+-----+------------+-----------------------+--------------+
|           RTL Ports           | Dir | Bits|  Protocol  |     Source Object     |    C Type    |
+-------------------------------+-----+-----+------------+-----------------------+--------------+
|ap_clk                         |  in |    1| ap_ctrl_hs |        CvtColor       | return value |
|ap_rst                         |  in |    1| ap_ctrl_hs |        CvtColor       | return value |
|ap_start                       |  in |    1| ap_ctrl_hs |        CvtColor       | return value |
|ap_done                        | out |    1| ap_ctrl_hs |        CvtColor       | return value |
|ap_continue                    |  in |    1| ap_ctrl_hs |        CvtColor       | return value |
|ap_idle                        | out |    1| ap_ctrl_hs |        CvtColor       | return value |
|ap_ready                       | out |    1| ap_ctrl_hs |        CvtColor       | return value |
|p_src_rows_V_dout              |  in |   32|   ap_fifo  |      p_src_rows_V     |    pointer   |
|p_src_rows_V_empty_n           |  in |    1|   ap_fifo  |      p_src_rows_V     |    pointer   |
|p_src_rows_V_read              | out |    1|   ap_fifo  |      p_src_rows_V     |    pointer   |
|p_src_cols_V_dout              |  in |   32|   ap_fifo  |      p_src_cols_V     |    pointer   |
|p_src_cols_V_empty_n           |  in |    1|   ap_fifo  |      p_src_cols_V     |    pointer   |
|p_src_cols_V_read              | out |    1|   ap_fifo  |      p_src_cols_V     |    pointer   |
|p_src_data_stream_0_V_dout     |  in |    8|   ap_fifo  | p_src_data_stream_0_V |    pointer   |
|p_src_data_stream_0_V_empty_n  |  in |    1|   ap_fifo  | p_src_data_stream_0_V |    pointer   |
|p_src_data_stream_0_V_read     | out |    1|   ap_fifo  | p_src_data_stream_0_V |    pointer   |
|p_src_data_stream_1_V_dout     |  in |    8|   ap_fifo  | p_src_data_stream_1_V |    pointer   |
|p_src_data_stream_1_V_empty_n  |  in |    1|   ap_fifo  | p_src_data_stream_1_V |    pointer   |
|p_src_data_stream_1_V_read     | out |    1|   ap_fifo  | p_src_data_stream_1_V |    pointer   |
|p_src_data_stream_2_V_dout     |  in |    8|   ap_fifo  | p_src_data_stream_2_V |    pointer   |
|p_src_data_stream_2_V_empty_n  |  in |    1|   ap_fifo  | p_src_data_stream_2_V |    pointer   |
|p_src_data_stream_2_V_read     | out |    1|   ap_fifo  | p_src_data_stream_2_V |    pointer   |
|p_dst_data_stream_V_din        | out |    8|   ap_fifo  |  p_dst_data_stream_V  |    pointer   |
|p_dst_data_stream_V_full_n     |  in |    1|   ap_fifo  |  p_dst_data_stream_V  |    pointer   |
|p_dst_data_stream_V_write      | out |    1|   ap_fifo  |  p_dst_data_stream_V  |    pointer   |
+-------------------------------+-----+-----+------------+-----------------------+--------------+

